  Determining projects to restore...
  All projects are up-to-date for restore.
C:\Users\ASUS LAPTOP\Desktop\UTS\Mobile App\Assignment\UTS-Transit\UTSTransit\UTSTransit\Models\RouteInfo.cs(8,23): warning CS8618: Non-nullable property 'Name' must contain a non-null value when exiting constructor. Consider adding the 'required' modifier or declaring the property as nullable. [C:\Users\ASUS LAPTOP\Desktop\UTS\Mobile App\Assignment\UTS-Transit\UTSTransit\UTSTransit\UTSTransit.csproj::TargetFramework=net9.0-maccatalyst]
C:\Users\ASUS LAPTOP\Desktop\UTS\Mobile App\Assignment\UTS-Transit\UTSTransit\UTSTransit\Models\RouteInfo.cs(9,22): warning CS8618: Non-nullable property 'RouteColor' must contain a non-null value when exiting constructor. Consider adding the 'required' modifier or declaring the property as nullable. [C:\Users\ASUS LAPTOP\Desktop\UTS\Mobile App\Assignment\UTS-Transit\UTSTransit\UTSTransit\UTSTransit.csproj::TargetFramework=net9.0-maccatalyst]
C:\Users\ASUS LAPTOP\Desktop\UTS\Mobile App\Assignment\UTS-Transit\UTSTransit\UTSTransit\Models\RouteInfo.cs(10,31): warning CS8618: Non-nullable property 'Coordinates' must contain a non-null value when exiting constructor. Consider adding the 'required' modifier or declaring the property as nullable. [C:\Users\ASUS LAPTOP\Desktop\UTS\Mobile App\Assignment\UTS-Transit\UTSTransit\UTSTransit\UTSTransit.csproj::TargetFramework=net9.0-maccatalyst]
C:\Users\ASUS LAPTOP\Desktop\UTS\Mobile App\Assignment\UTS-Transit\UTSTransit\UTSTransit\Services\TransitService.cs(50,51): error CS0234: The type or namespace name 'SessionOptions' does not exist in the namespace 'Supabase.Gotrue' (are you missing an assembly reference?) [C:\Users\ASUS LAPTOP\Desktop\UTS\Mobile App\Assignment\UTS-Transit\UTSTransit\UTSTransit\UTSTransit.csproj::TargetFramework=net9.0-maccatalyst]
C:\Users\ASUS LAPTOP\Desktop\UTS\Mobile App\Assignment\UTS-Transit\UTSTransit\UTSTransit\Services\TransitService.cs(105,24): warning CS8603: Possible null reference return. [C:\Users\ASUS LAPTOP\Desktop\UTS\Mobile App\Assignment\UTS-Transit\UTSTransit\UTSTransit\UTSTransit.csproj::TargetFramework=net9.0-maccatalyst]
C:\Users\ASUS LAPTOP\Desktop\UTS\Mobile App\Assignment\UTS-Transit\UTSTransit\UTSTransit\Models\RouteInfo.cs(8,23): warning CS8618: Non-nullable property 'Name' must contain a non-null value when exiting constructor. Consider adding the 'required' modifier or declaring the property as nullable. [C:\Users\ASUS LAPTOP\Desktop\UTS\Mobile App\Assignment\UTS-Transit\UTSTransit\UTSTransit\UTSTransit.csproj::TargetFramework=net9.0-ios]
C:\Users\ASUS LAPTOP\Desktop\UTS\Mobile App\Assignment\UTS-Transit\UTSTransit\UTSTransit\Models\RouteInfo.cs(9,22): warning CS8618: Non-nullable property 'RouteColor' must contain a non-null value when exiting constructor. Consider adding the 'required' modifier or declaring the property as nullable. [C:\Users\ASUS LAPTOP\Desktop\UTS\Mobile App\Assignment\UTS-Transit\UTSTransit\UTSTransit\UTSTransit.csproj::TargetFramework=net9.0-ios]
C:\Users\ASUS LAPTOP\Desktop\UTS\Mobile App\Assignment\UTS-Transit\UTSTransit\UTSTransit\Models\RouteInfo.cs(10,31): warning CS8618: Non-nullable property 'Coordinates' must contain a non-null value when exiting constructor. Consider adding the 'required' modifier or declaring the property as nullable. [C:\Users\ASUS LAPTOP\Desktop\UTS\Mobile App\Assignment\UTS-Transit\UTSTransit\UTSTransit\UTSTransit.csproj::TargetFramework=net9.0-ios]
C:\Users\ASUS LAPTOP\Desktop\UTS\Mobile App\Assignment\UTS-Transit\UTSTransit\UTSTransit\Services\TransitService.cs(50,51): error CS0234: The type or namespace name 'SessionOptions' does not exist in the namespace 'Supabase.Gotrue' (are you missing an assembly reference?) [C:\Users\ASUS LAPTOP\Desktop\UTS\Mobile App\Assignment\UTS-Transit\UTSTransit\UTSTransit\UTSTransit.csproj::TargetFramework=net9.0-ios]
C:\Users\ASUS LAPTOP\Desktop\UTS\Mobile App\Assignment\UTS-Transit\UTSTransit\UTSTransit\Services\TransitService.cs(105,24): warning CS8603: Possible null reference return. [C:\Users\ASUS LAPTOP\Desktop\UTS\Mobile App\Assignment\UTS-Transit\UTSTransit\UTSTransit\UTSTransit.csproj::TargetFramework=net9.0-ios]
C:\Users\ASUS LAPTOP\Desktop\UTS\Mobile App\Assignment\UTS-Transit\UTSTransit\UTSTransit\Models\RouteInfo.cs(8,23): warning CS8618: Non-nullable property 'Name' must contain a non-null value when exiting constructor. Consider adding the 'required' modifier or declaring the property as nullable. [C:\Users\ASUS LAPTOP\Desktop\UTS\Mobile App\Assignment\UTS-Transit\UTSTransit\UTSTransit\UTSTransit.csproj::TargetFramework=net9.0-android]
C:\Users\ASUS LAPTOP\Desktop\UTS\Mobile App\Assignment\UTS-Transit\UTSTransit\UTSTransit\Models\RouteInfo.cs(9,22): warning CS8618: Non-nullable property 'RouteColor' must contain a non-null value when exiting constructor. Consider adding the 'required' modifier or declaring the property as nullable. [C:\Users\ASUS LAPTOP\Desktop\UTS\Mobile App\Assignment\UTS-Transit\UTSTransit\UTSTransit\UTSTransit.csproj::TargetFramework=net9.0-android]
C:\Users\ASUS LAPTOP\Desktop\UTS\Mobile App\Assignment\UTS-Transit\UTSTransit\UTSTransit\Models\RouteInfo.cs(10,31): warning CS8618: Non-nullable property 'Coordinates' must contain a non-null value when exiting constructor. Consider adding the 'required' modifier or declaring the property as nullable. [C:\Users\ASUS LAPTOP\Desktop\UTS\Mobile App\Assignment\UTS-Transit\UTSTransit\UTSTransit\UTSTransit.csproj::TargetFramework=net9.0-android]
C:\Users\ASUS LAPTOP\Desktop\UTS\Mobile App\Assignment\UTS-Transit\UTSTransit\UTSTransit\Services\TransitService.cs(50,51): error CS0234: The type or namespace name 'SessionOptions' does not exist in the namespace 'Supabase.Gotrue' (are you missing an assembly reference?) [C:\Users\ASUS LAPTOP\Desktop\UTS\Mobile App\Assignment\UTS-Transit\UTSTransit\UTSTransit\UTSTransit.csproj::TargetFramework=net9.0-android]
C:\Users\ASUS LAPTOP\Desktop\UTS\Mobile App\Assignment\UTS-Transit\UTSTransit\UTSTransit\Services\TransitService.cs(105,24): warning CS8603: Possible null reference return. [C:\Users\ASUS LAPTOP\Desktop\UTS\Mobile App\Assignment\UTS-Transit\UTSTransit\UTSTransit\UTSTransit.csproj::TargetFramework=net9.0-android]
C:\Users\ASUS LAPTOP\Desktop\UTS\Mobile App\Assignment\UTS-Transit\UTSTransit\UTSTransit\Models\RouteInfo.cs(8,23): warning CS8618: Non-nullable property 'Name' must contain a non-null value when exiting constructor. Consider adding the 'required' modifier or declaring the property as nullable. [C:\Users\ASUS LAPTOP\Desktop\UTS\Mobile App\Assignment\UTS-Transit\UTSTransit\UTSTransit\UTSTransit.csproj::TargetFramework=net9.0-windows10.0.19041.0]
C:\Users\ASUS LAPTOP\Desktop\UTS\Mobile App\Assignment\UTS-Transit\UTSTransit\UTSTransit\Models\RouteInfo.cs(9,22): warning CS8618: Non-nullable property 'RouteColor' must contain a non-null value when exiting constructor. Consider adding the 'required' modifier or declaring the property as nullable. [C:\Users\ASUS LAPTOP\Desktop\UTS\Mobile App\Assignment\UTS-Transit\UTSTransit\UTSTransit\UTSTransit.csproj::TargetFramework=net9.0-windows10.0.19041.0]
C:\Users\ASUS LAPTOP\Desktop\UTS\Mobile App\Assignment\UTS-Transit\UTSTransit\UTSTransit\Models\RouteInfo.cs(10,31): warning CS8618: Non-nullable property 'Coordinates' must contain a non-null value when exiting constructor. Consider adding the 'required' modifier or declaring the property as nullable. [C:\Users\ASUS LAPTOP\Desktop\UTS\Mobile App\Assignment\UTS-Transit\UTSTransit\UTSTransit\UTSTransit.csproj::TargetFramework=net9.0-windows10.0.19041.0]
C:\Users\ASUS LAPTOP\Desktop\UTS\Mobile App\Assignment\UTS-Transit\UTSTransit\UTSTransit\Services\TransitService.cs(50,51): error CS0234: The type or namespace name 'SessionOptions' does not exist in the namespace 'Supabase.Gotrue' (are you missing an assembly reference?) [C:\Users\ASUS LAPTOP\Desktop\UTS\Mobile App\Assignment\UTS-Transit\UTSTransit\UTSTransit\UTSTransit.csproj::TargetFramework=net9.0-windows10.0.19041.0]
C:\Users\ASUS LAPTOP\Desktop\UTS\Mobile App\Assignment\UTS-Transit\UTSTransit\UTSTransit\Services\TransitService.cs(105,24): warning CS8603: Possible null reference return. [C:\Users\ASUS LAPTOP\Desktop\UTS\Mobile App\Assignment\UTS-Transit\UTSTransit\UTSTransit\UTSTransit.csproj::TargetFramework=net9.0-windows10.0.19041.0]

Build FAILED.

C:\Users\ASUS LAPTOP\Desktop\UTS\Mobile App\Assignment\UTS-Transit\UTSTransit\UTSTransit\Models\RouteInfo.cs(8,23): warning CS8618: Non-nullable property 'Name' must contain a non-null value when exiting constructor. Consider adding the 'required' modifier or declaring the property as nullable. [C:\Users\ASUS LAPTOP\Desktop\UTS\Mobile App\Assignment\UTS-Transit\UTSTransit\UTSTransit\UTSTransit.csproj::TargetFramework=net9.0-maccatalyst]
C:\Users\ASUS LAPTOP\Desktop\UTS\Mobile App\Assignment\UTS-Transit\UTSTransit\UTSTransit\Models\RouteInfo.cs(9,22): warning CS8618: Non-nullable property 'RouteColor' must contain a non-null value when exiting constructor. Consider adding the 'required' modifier or declaring the property as nullable. [C:\Users\ASUS LAPTOP\Desktop\UTS\Mobile App\Assignment\UTS-Transit\UTSTransit\UTSTransit\UTSTransit.csproj::TargetFramework=net9.0-maccatalyst]
C:\Users\ASUS LAPTOP\Desktop\UTS\Mobile App\Assignment\UTS-Transit\UTSTransit\UTSTransit\Models\RouteInfo.cs(10,31): warning CS8618: Non-nullable property 'Coordinates' must contain a non-null value when exiting constructor. Consider adding the 'required' modifier or declaring the property as nullable. [C:\Users\ASUS LAPTOP\Desktop\UTS\Mobile App\Assignment\UTS-Transit\UTSTransit\UTSTransit\UTSTransit.csproj::TargetFramework=net9.0-maccatalyst]
C:\Users\ASUS LAPTOP\Desktop\UTS\Mobile App\Assignment\UTS-Transit\UTSTransit\UTSTransit\Services\TransitService.cs(105,24): warning CS8603: Possible null reference return. [C:\Users\ASUS LAPTOP\Desktop\UTS\Mobile App\Assignment\UTS-Transit\UTSTransit\UTSTransit\UTSTransit.csproj::TargetFramework=net9.0-maccatalyst]
C:\Users\ASUS LAPTOP\Desktop\UTS\Mobile App\Assignment\UTS-Transit\UTSTransit\UTSTransit\Models\RouteInfo.cs(8,23): warning CS8618: Non-nullable property 'Name' must contain a non-null value when exiting constructor. Consider adding the 'required' modifier or declaring the property as nullable. [C:\Users\ASUS LAPTOP\Desktop\UTS\Mobile App\Assignment\UTS-Transit\UTSTransit\UTSTransit\UTSTransit.csproj::TargetFramework=net9.0-ios]
C:\Users\ASUS LAPTOP\Desktop\UTS\Mobile App\Assignment\UTS-Transit\UTSTransit\UTSTransit\Models\RouteInfo.cs(9,22): warning CS8618: Non-nullable property 'RouteColor' must contain a non-null value when exiting constructor. Consider adding the 'required' modifier or declaring the property as nullable. [C:\Users\ASUS LAPTOP\Desktop\UTS\Mobile App\Assignment\UTS-Transit\UTSTransit\UTSTransit\UTSTransit.csproj::TargetFramework=net9.0-ios]
C:\Users\ASUS LAPTOP\Desktop\UTS\Mobile App\Assignment\UTS-Transit\UTSTransit\UTSTransit\Models\RouteInfo.cs(10,31): warning CS8618: Non-nullable property 'Coordinates' must contain a non-null value when exiting constructor. Consider adding the 'required' modifier or declaring the property as nullable. [C:\Users\ASUS LAPTOP\Desktop\UTS\Mobile App\Assignment\UTS-Transit\UTSTransit\UTSTransit\UTSTransit.csproj::TargetFramework=net9.0-ios]
C:\Users\ASUS LAPTOP\Desktop\UTS\Mobile App\Assignment\UTS-Transit\UTSTransit\UTSTransit\Services\TransitService.cs(105,24): warning CS8603: Possible null reference return. [C:\Users\ASUS LAPTOP\Desktop\UTS\Mobile App\Assignment\UTS-Transit\UTSTransit\UTSTransit\UTSTransit.csproj::TargetFramework=net9.0-ios]
C:\Users\ASUS LAPTOP\Desktop\UTS\Mobile App\Assignment\UTS-Transit\UTSTransit\UTSTransit\Models\RouteInfo.cs(8,23): warning CS8618: Non-nullable property 'Name' must contain a non-null value when exiting constructor. Consider adding the 'required' modifier or declaring the property as nullable. [C:\Users\ASUS LAPTOP\Desktop\UTS\Mobile App\Assignment\UTS-Transit\UTSTransit\UTSTransit\UTSTransit.csproj::TargetFramework=net9.0-android]
C:\Users\ASUS LAPTOP\Desktop\UTS\Mobile App\Assignment\UTS-Transit\UTSTransit\UTSTransit\Models\RouteInfo.cs(9,22): warning CS8618: Non-nullable property 'RouteColor' must contain a non-null value when exiting constructor. Consider adding the 'required' modifier or declaring the property as nullable. [C:\Users\ASUS LAPTOP\Desktop\UTS\Mobile App\Assignment\UTS-Transit\UTSTransit\UTSTransit\UTSTransit.csproj::TargetFramework=net9.0-android]
C:\Users\ASUS LAPTOP\Desktop\UTS\Mobile App\Assignment\UTS-Transit\UTSTransit\UTSTransit\Models\RouteInfo.cs(10,31): warning CS8618: Non-nullable property 'Coordinates' must contain a non-null value when exiting constructor. Consider adding the 'required' modifier or declaring the property as nullable. [C:\Users\ASUS LAPTOP\Desktop\UTS\Mobile App\Assignment\UTS-Transit\UTSTransit\UTSTransit\UTSTransit.csproj::TargetFramework=net9.0-android]
C:\Users\ASUS LAPTOP\Desktop\UTS\Mobile App\Assignment\UTS-Transit\UTSTransit\UTSTransit\Services\TransitService.cs(105,24): warning CS8603: Possible null reference return. [C:\Users\ASUS LAPTOP\Desktop\UTS\Mobile App\Assignment\UTS-Transit\UTSTransit\UTSTransit\UTSTransit.csproj::TargetFramework=net9.0-android]
C:\Users\ASUS LAPTOP\Desktop\UTS\Mobile App\Assignment\UTS-Transit\UTSTransit\UTSTransit\Models\RouteInfo.cs(8,23): warning CS8618: Non-nullable property 'Name' must contain a non-null value when exiting constructor. Consider adding the 'required' modifier or declaring the property as nullable. [C:\Users\ASUS LAPTOP\Desktop\UTS\Mobile App\Assignment\UTS-Transit\UTSTransit\UTSTransit\UTSTransit.csproj::TargetFramework=net9.0-windows10.0.19041.0]
C:\Users\ASUS LAPTOP\Desktop\UTS\Mobile App\Assignment\UTS-Transit\UTSTransit\UTSTransit\Models\RouteInfo.cs(9,22): warning CS8618: Non-nullable property 'RouteColor' must contain a non-null value when exiting constructor. Consider adding the 'required' modifier or declaring the property as nullable. [C:\Users\ASUS LAPTOP\Desktop\UTS\Mobile App\Assignment\UTS-Transit\UTSTransit\UTSTransit\UTSTransit.csproj::TargetFramework=net9.0-windows10.0.19041.0]
C:\Users\ASUS LAPTOP\Desktop\UTS\Mobile App\Assignment\UTS-Transit\UTSTransit\UTSTransit\Models\RouteInfo.cs(10,31): warning CS8618: Non-nullable property 'Coordinates' must contain a non-null value when exiting constructor. Consider adding the 'required' modifier or declaring the property as nullable. [C:\Users\ASUS LAPTOP\Desktop\UTS\Mobile App\Assignment\UTS-Transit\UTSTransit\UTSTransit\UTSTransit.csproj::TargetFramework=net9.0-windows10.0.19041.0]
C:\Users\ASUS LAPTOP\Desktop\UTS\Mobile App\Assignment\UTS-Transit\UTSTransit\UTSTransit\Services\TransitService.cs(105,24): warning CS8603: Possible null reference return. [C:\Users\ASUS LAPTOP\Desktop\UTS\Mobile App\Assignment\UTS-Transit\UTSTransit\UTSTransit\UTSTransit.csproj::TargetFramework=net9.0-windows10.0.19041.0]
C:\Users\ASUS LAPTOP\Desktop\UTS\Mobile App\Assignment\UTS-Transit\UTSTransit\UTSTransit\Services\TransitService.cs(50,51): error CS0234: The type or namespace name 'SessionOptions' does not exist in the namespace 'Supabase.Gotrue' (are you missing an assembly reference?) [C:\Users\ASUS LAPTOP\Desktop\UTS\Mobile App\Assignment\UTS-Transit\UTSTransit\UTSTransit\UTSTransit.csproj::TargetFramework=net9.0-maccatalyst]
C:\Users\ASUS LAPTOP\Desktop\UTS\Mobile App\Assignment\UTS-Transit\UTSTransit\UTSTransit\Services\TransitService.cs(50,51): error CS0234: The type or namespace name 'SessionOptions' does not exist in the namespace 'Supabase.Gotrue' (are you missing an assembly reference?) [C:\Users\ASUS LAPTOP\Desktop\UTS\Mobile App\Assignment\UTS-Transit\UTSTransit\UTSTransit\UTSTransit.csproj::TargetFramework=net9.0-ios]
C:\Users\ASUS LAPTOP\Desktop\UTS\Mobile App\Assignment\UTS-Transit\UTSTransit\UTSTransit\Services\TransitService.cs(50,51): error CS0234: The type or namespace name 'SessionOptions' does not exist in the namespace 'Supabase.Gotrue' (are you missing an assembly reference?) [C:\Users\ASUS LAPTOP\Desktop\UTS\Mobile App\Assignment\UTS-Transit\UTSTransit\UTSTransit\UTSTransit.csproj::TargetFramework=net9.0-android]
C:\Users\ASUS LAPTOP\Desktop\UTS\Mobile App\Assignment\UTS-Transit\UTSTransit\UTSTransit\Services\TransitService.cs(50,51): error CS0234: The type or namespace name 'SessionOptions' does not exist in the namespace 'Supabase.Gotrue' (are you missing an assembly reference?) [C:\Users\ASUS LAPTOP\Desktop\UTS\Mobile App\Assignment\UTS-Transit\UTSTransit\UTSTransit\UTSTransit.csproj::TargetFramework=net9.0-windows10.0.19041.0]
    16 Warning(s)
    4 Error(s)

Time Elapsed 00:00:12.89

Workload updates are available. Run `dotnet workload list` for more information.
