  Determining projects to restore...
  All projects are up-to-date for restore.
C:\Users\ASUS LAPTOP\Desktop\UTS\Mobile App\Assignment\UTS-Transit\UTSTransit\UTSTransit\Services\TransitService.cs(190,10): error CS1513: } expected [C:\Users\ASUS LAPTOP\Desktop\UTS\Mobile App\Assignment\UTS-Transit\UTSTransit\UTSTransit\UTSTransit.csproj::TargetFramework=net9.0-android]
C:\Users\ASUS LAPTOP\Desktop\UTS\Mobile App\Assignment\UTS-Transit\UTSTransit\UTSTransit\Services\TransitService.cs(193,1): error CS1529: A using clause must precede all other elements defined in the namespace except extern alias declarations [C:\Users\ASUS LAPTOP\Desktop\UTS\Mobile App\Assignment\UTS-Transit\UTSTransit\UTSTransit\UTSTransit.csproj::TargetFramework=net9.0-android]
C:\Users\ASUS LAPTOP\Desktop\UTS\Mobile App\Assignment\UTS-Transit\UTSTransit\UTSTransit\Services\TransitService.cs(194,1): error CS1529: A using clause must precede all other elements defined in the namespace except extern alias declarations [C:\Users\ASUS LAPTOP\Desktop\UTS\Mobile App\Assignment\UTS-Transit\UTSTransit\UTSTransit\UTSTransit.csproj::TargetFramework=net9.0-android]
C:\Users\ASUS LAPTOP\Desktop\UTS\Mobile App\Assignment\UTS-Transit\UTSTransit\UTSTransit\Services\TransitService.cs(195,1): error CS1529: A using clause must precede all other elements defined in the namespace except extern alias declarations [C:\Users\ASUS LAPTOP\Desktop\UTS\Mobile App\Assignment\UTS-Transit\UTSTransit\UTSTransit\UTSTransit.csproj::TargetFramework=net9.0-android]
C:\Users\ASUS LAPTOP\Desktop\UTS\Mobile App\Assignment\UTS-Transit\UTSTransit\UTSTransit\Services\TransitService.cs(498,2): error CS1513: } expected [C:\Users\ASUS LAPTOP\Desktop\UTS\Mobile App\Assignment\UTS-Transit\UTSTransit\UTSTransit\UTSTransit.csproj::TargetFramework=net9.0-android]
C:\Users\ASUS LAPTOP\Desktop\UTS\Mobile App\Assignment\UTS-Transit\UTSTransit\UTSTransit\Services\TransitService.cs(190,10): error CS1513: } expected [C:\Users\ASUS LAPTOP\Desktop\UTS\Mobile App\Assignment\UTS-Transit\UTSTransit\UTSTransit\UTSTransit.csproj::TargetFramework=net9.0-windows10.0.19041.0]
C:\Users\ASUS LAPTOP\Desktop\UTS\Mobile App\Assignment\UTS-Transit\UTSTransit\UTSTransit\Services\TransitService.cs(193,1): error CS1529: A using clause must precede all other elements defined in the namespace except extern alias declarations [C:\Users\ASUS LAPTOP\Desktop\UTS\Mobile App\Assignment\UTS-Transit\UTSTransit\UTSTransit\UTSTransit.csproj::TargetFramework=net9.0-windows10.0.19041.0]
C:\Users\ASUS LAPTOP\Desktop\UTS\Mobile App\Assignment\UTS-Transit\UTSTransit\UTSTransit\Services\TransitService.cs(194,1): error CS1529: A using clause must precede all other elements defined in the namespace except extern alias declarations [C:\Users\ASUS LAPTOP\Desktop\UTS\Mobile App\Assignment\UTS-Transit\UTSTransit\UTSTransit\UTSTransit.csproj::TargetFramework=net9.0-windows10.0.19041.0]
C:\Users\ASUS LAPTOP\Desktop\UTS\Mobile App\Assignment\UTS-Transit\UTSTransit\UTSTransit\Services\TransitService.cs(195,1): error CS1529: A using clause must precede all other elements defined in the namespace except extern alias declarations [C:\Users\ASUS LAPTOP\Desktop\UTS\Mobile App\Assignment\UTS-Transit\UTSTransit\UTSTransit\UTSTransit.csproj::TargetFramework=net9.0-windows10.0.19041.0]
C:\Users\ASUS LAPTOP\Desktop\UTS\Mobile App\Assignment\UTS-Transit\UTSTransit\UTSTransit\Services\TransitService.cs(498,2): error CS1513: } expected [C:\Users\ASUS LAPTOP\Desktop\UTS\Mobile App\Assignment\UTS-Transit\UTSTransit\UTSTransit\UTSTransit.csproj::TargetFramework=net9.0-windows10.0.19041.0]
C:\Users\ASUS LAPTOP\Desktop\UTS\Mobile App\Assignment\UTS-Transit\UTSTransit\UTSTransit\Services\TransitService.cs(190,10): error CS1513: } expected [C:\Users\ASUS LAPTOP\Desktop\UTS\Mobile App\Assignment\UTS-Transit\UTSTransit\UTSTransit\UTSTransit.csproj::TargetFramework=net9.0-maccatalyst]
C:\Users\ASUS LAPTOP\Desktop\UTS\Mobile App\Assignment\UTS-Transit\UTSTransit\UTSTransit\Services\TransitService.cs(190,10): error CS1513: } expected [C:\Users\ASUS LAPTOP\Desktop\UTS\Mobile App\Assignment\UTS-Transit\UTSTransit\UTSTransit\UTSTransit.csproj::TargetFramework=net9.0-ios]
C:\Users\ASUS LAPTOP\Desktop\UTS\Mobile App\Assignment\UTS-Transit\UTSTransit\UTSTransit\Services\TransitService.cs(193,1): error CS1529: A using clause must precede all other elements defined in the namespace except extern alias declarations [C:\Users\ASUS LAPTOP\Desktop\UTS\Mobile App\Assignment\UTS-Transit\UTSTransit\UTSTransit\UTSTransit.csproj::TargetFramework=net9.0-maccatalyst]
C:\Users\ASUS LAPTOP\Desktop\UTS\Mobile App\Assignment\UTS-Transit\UTSTransit\UTSTransit\Services\TransitService.cs(193,1): error CS1529: A using clause must precede all other elements defined in the namespace except extern alias declarations [C:\Users\ASUS LAPTOP\Desktop\UTS\Mobile App\Assignment\UTS-Transit\UTSTransit\UTSTransit\UTSTransit.csproj::TargetFramework=net9.0-ios]
C:\Users\ASUS LAPTOP\Desktop\UTS\Mobile App\Assignment\UTS-Transit\UTSTransit\UTSTransit\Services\TransitService.cs(194,1): error CS1529: A using clause must precede all other elements defined in the namespace except extern alias declarations [C:\Users\ASUS LAPTOP\Desktop\UTS\Mobile App\Assignment\UTS-Transit\UTSTransit\UTSTransit\UTSTransit.csproj::TargetFramework=net9.0-ios]
C:\Users\ASUS LAPTOP\Desktop\UTS\Mobile App\Assignment\UTS-Transit\UTSTransit\UTSTransit\Services\TransitService.cs(194,1): error CS1529: A using clause must precede all other elements defined in the namespace except extern alias declarations [C:\Users\ASUS LAPTOP\Desktop\UTS\Mobile App\Assignment\UTS-Transit\UTSTransit\UTSTransit\UTSTransit.csproj::TargetFramework=net9.0-maccatalyst]
C:\Users\ASUS LAPTOP\Desktop\UTS\Mobile App\Assignment\UTS-Transit\UTSTransit\UTSTransit\Services\TransitService.cs(195,1): error CS1529: A using clause must precede all other elements defined in the namespace except extern alias declarations [C:\Users\ASUS LAPTOP\Desktop\UTS\Mobile App\Assignment\UTS-Transit\UTSTransit\UTSTransit\UTSTransit.csproj::TargetFramework=net9.0-ios]
C:\Users\ASUS LAPTOP\Desktop\UTS\Mobile App\Assignment\UTS-Transit\UTSTransit\UTSTransit\Services\TransitService.cs(498,2): error CS1513: } expected [C:\Users\ASUS LAPTOP\Desktop\UTS\Mobile App\Assignment\UTS-Transit\UTSTransit\UTSTransit\UTSTransit.csproj::TargetFramework=net9.0-ios]
C:\Users\ASUS LAPTOP\Desktop\UTS\Mobile App\Assignment\UTS-Transit\UTSTransit\UTSTransit\Services\TransitService.cs(195,1): error CS1529: A using clause must precede all other elements defined in the namespace except extern alias declarations [C:\Users\ASUS LAPTOP\Desktop\UTS\Mobile App\Assignment\UTS-Transit\UTSTransit\UTSTransit\UTSTransit.csproj::TargetFramework=net9.0-maccatalyst]
C:\Users\ASUS LAPTOP\Desktop\UTS\Mobile App\Assignment\UTS-Transit\UTSTransit\UTSTransit\Services\TransitService.cs(498,2): error CS1513: } expected [C:\Users\ASUS LAPTOP\Desktop\UTS\Mobile App\Assignment\UTS-Transit\UTSTransit\UTSTransit\UTSTransit.csproj::TargetFramework=net9.0-maccatalyst]

Build FAILED.

C:\Users\ASUS LAPTOP\Desktop\UTS\Mobile App\Assignment\UTS-Transit\UTSTransit\UTSTransit\Services\TransitService.cs(190,10): error CS1513: } expected [C:\Users\ASUS LAPTOP\Desktop\UTS\Mobile App\Assignment\UTS-Transit\UTSTransit\UTSTransit\UTSTransit.csproj::TargetFramework=net9.0-android]
C:\Users\ASUS LAPTOP\Desktop\UTS\Mobile App\Assignment\UTS-Transit\UTSTransit\UTSTransit\Services\TransitService.cs(193,1): error CS1529: A using clause must precede all other elements defined in the namespace except extern alias declarations [C:\Users\ASUS LAPTOP\Desktop\UTS\Mobile App\Assignment\UTS-Transit\UTSTransit\UTSTransit\UTSTransit.csproj::TargetFramework=net9.0-android]
C:\Users\ASUS LAPTOP\Desktop\UTS\Mobile App\Assignment\UTS-Transit\UTSTransit\UTSTransit\Services\TransitService.cs(194,1): error CS1529: A using clause must precede all other elements defined in the namespace except extern alias declarations [C:\Users\ASUS LAPTOP\Desktop\UTS\Mobile App\Assignment\UTS-Transit\UTSTransit\UTSTransit\UTSTransit.csproj::TargetFramework=net9.0-android]
C:\Users\ASUS LAPTOP\Desktop\UTS\Mobile App\Assignment\UTS-Transit\UTSTransit\UTSTransit\Services\TransitService.cs(195,1): error CS1529: A using clause must precede all other elements defined in the namespace except extern alias declarations [C:\Users\ASUS LAPTOP\Desktop\UTS\Mobile App\Assignment\UTS-Transit\UTSTransit\UTSTransit\UTSTransit.csproj::TargetFramework=net9.0-android]
C:\Users\ASUS LAPTOP\Desktop\UTS\Mobile App\Assignment\UTS-Transit\UTSTransit\UTSTransit\Services\TransitService.cs(498,2): error CS1513: } expected [C:\Users\ASUS LAPTOP\Desktop\UTS\Mobile App\Assignment\UTS-Transit\UTSTransit\UTSTransit\UTSTransit.csproj::TargetFramework=net9.0-android]
C:\Users\ASUS LAPTOP\Desktop\UTS\Mobile App\Assignment\UTS-Transit\UTSTransit\UTSTransit\Services\TransitService.cs(190,10): error CS1513: } expected [C:\Users\ASUS LAPTOP\Desktop\UTS\Mobile App\Assignment\UTS-Transit\UTSTransit\UTSTransit\UTSTransit.csproj::TargetFramework=net9.0-windows10.0.19041.0]
C:\Users\ASUS LAPTOP\Desktop\UTS\Mobile App\Assignment\UTS-Transit\UTSTransit\UTSTransit\Services\TransitService.cs(193,1): error CS1529: A using clause must precede all other elements defined in the namespace except extern alias declarations [C:\Users\ASUS LAPTOP\Desktop\UTS\Mobile App\Assignment\UTS-Transit\UTSTransit\UTSTransit\UTSTransit.csproj::TargetFramework=net9.0-windows10.0.19041.0]
C:\Users\ASUS LAPTOP\Desktop\UTS\Mobile App\Assignment\UTS-Transit\UTSTransit\UTSTransit\Services\TransitService.cs(194,1): error CS1529: A using clause must precede all other elements defined in the namespace except extern alias declarations [C:\Users\ASUS LAPTOP\Desktop\UTS\Mobile App\Assignment\UTS-Transit\UTSTransit\UTSTransit\UTSTransit.csproj::TargetFramework=net9.0-windows10.0.19041.0]
C:\Users\ASUS LAPTOP\Desktop\UTS\Mobile App\Assignment\UTS-Transit\UTSTransit\UTSTransit\Services\TransitService.cs(195,1): error CS1529: A using clause must precede all other elements defined in the namespace except extern alias declarations [C:\Users\ASUS LAPTOP\Desktop\UTS\Mobile App\Assignment\UTS-Transit\UTSTransit\UTSTransit\UTSTransit.csproj::TargetFramework=net9.0-windows10.0.19041.0]
C:\Users\ASUS LAPTOP\Desktop\UTS\Mobile App\Assignment\UTS-Transit\UTSTransit\UTSTransit\Services\TransitService.cs(498,2): error CS1513: } expected [C:\Users\ASUS LAPTOP\Desktop\UTS\Mobile App\Assignment\UTS-Transit\UTSTransit\UTSTransit\UTSTransit.csproj::TargetFramework=net9.0-windows10.0.19041.0]
C:\Users\ASUS LAPTOP\Desktop\UTS\Mobile App\Assignment\UTS-Transit\UTSTransit\UTSTransit\Services\TransitService.cs(190,10): error CS1513: } expected [C:\Users\ASUS LAPTOP\Desktop\UTS\Mobile App\Assignment\UTS-Transit\UTSTransit\UTSTransit\UTSTransit.csproj::TargetFramework=net9.0-maccatalyst]
C:\Users\ASUS LAPTOP\Desktop\UTS\Mobile App\Assignment\UTS-Transit\UTSTransit\UTSTransit\Services\TransitService.cs(190,10): error CS1513: } expected [C:\Users\ASUS LAPTOP\Desktop\UTS\Mobile App\Assignment\UTS-Transit\UTSTransit\UTSTransit\UTSTransit.csproj::TargetFramework=net9.0-ios]
C:\Users\ASUS LAPTOP\Desktop\UTS\Mobile App\Assignment\UTS-Transit\UTSTransit\UTSTransit\Services\TransitService.cs(193,1): error CS1529: A using clause must precede all other elements defined in the namespace except extern alias declarations [C:\Users\ASUS LAPTOP\Desktop\UTS\Mobile App\Assignment\UTS-Transit\UTSTransit\UTSTransit\UTSTransit.csproj::TargetFramework=net9.0-maccatalyst]
C:\Users\ASUS LAPTOP\Desktop\UTS\Mobile App\Assignment\UTS-Transit\UTSTransit\UTSTransit\Services\TransitService.cs(193,1): error CS1529: A using clause must precede all other elements defined in the namespace except extern alias declarations [C:\Users\ASUS LAPTOP\Desktop\UTS\Mobile App\Assignment\UTS-Transit\UTSTransit\UTSTransit\UTSTransit.csproj::TargetFramework=net9.0-ios]
C:\Users\ASUS LAPTOP\Desktop\UTS\Mobile App\Assignment\UTS-Transit\UTSTransit\UTSTransit\Services\TransitService.cs(194,1): error CS1529: A using clause must precede all other elements defined in the namespace except extern alias declarations [C:\Users\ASUS LAPTOP\Desktop\UTS\Mobile App\Assignment\UTS-Transit\UTSTransit\UTSTransit\UTSTransit.csproj::TargetFramework=net9.0-ios]
C:\Users\ASUS LAPTOP\Desktop\UTS\Mobile App\Assignment\UTS-Transit\UTSTransit\UTSTransit\Services\TransitService.cs(194,1): error CS1529: A using clause must precede all other elements defined in the namespace except extern alias declarations [C:\Users\ASUS LAPTOP\Desktop\UTS\Mobile App\Assignment\UTS-Transit\UTSTransit\UTSTransit\UTSTransit.csproj::TargetFramework=net9.0-maccatalyst]
C:\Users\ASUS LAPTOP\Desktop\UTS\Mobile App\Assignment\UTS-Transit\UTSTransit\UTSTransit\Services\TransitService.cs(195,1): error CS1529: A using clause must precede all other elements defined in the namespace except extern alias declarations [C:\Users\ASUS LAPTOP\Desktop\UTS\Mobile App\Assignment\UTS-Transit\UTSTransit\UTSTransit\UTSTransit.csproj::TargetFramework=net9.0-ios]
C:\Users\ASUS LAPTOP\Desktop\UTS\Mobile App\Assignment\UTS-Transit\UTSTransit\UTSTransit\Services\TransitService.cs(498,2): error CS1513: } expected [C:\Users\ASUS LAPTOP\Desktop\UTS\Mobile App\Assignment\UTS-Transit\UTSTransit\UTSTransit\UTSTransit.csproj::TargetFramework=net9.0-ios]
C:\Users\ASUS LAPTOP\Desktop\UTS\Mobile App\Assignment\UTS-Transit\UTSTransit\UTSTransit\Services\TransitService.cs(195,1): error CS1529: A using clause must precede all other elements defined in the namespace except extern alias declarations [C:\Users\ASUS LAPTOP\Desktop\UTS\Mobile App\Assignment\UTS-Transit\UTSTransit\UTSTransit\UTSTransit.csproj::TargetFramework=net9.0-maccatalyst]
C:\Users\ASUS LAPTOP\Desktop\UTS\Mobile App\Assignment\UTS-Transit\UTSTransit\UTSTransit\Services\TransitService.cs(498,2): error CS1513: } expected [C:\Users\ASUS LAPTOP\Desktop\UTS\Mobile App\Assignment\UTS-Transit\UTSTransit\UTSTransit\UTSTransit.csproj::TargetFramework=net9.0-maccatalyst]
    0 Warning(s)
    20 Error(s)

Time Elapsed 00:00:15.17

Workload updates are available. Run `dotnet workload list` for more information.
