  Determining projects to restore...
  All projects are up-to-date for restore.
C:\Users\ASUS LAPTOP\Desktop\UTS\Mobile App\Assignment\UTS-Transit\UTSTransit\UTSTransit\Views\MapPage.xaml.cs(20,12): warning CS8618: Non-nullable field '_routesLayer' must contain a non-null value when exiting constructor. Consider adding the 'required' modifier or declaring the field as nullable. [C:\Users\ASUS LAPTOP\Desktop\UTS\Mobile App\Assignment\UTS-Transit\UTSTransit\UTSTransit\UTSTransit.csproj::TargetFramework=net9.0-ios]
C:\Users\ASUS LAPTOP\Desktop\UTS\Mobile App\Assignment\UTS-Transit\UTSTransit\UTSTransit\Models\RouteInfo.cs(8,23): warning CS8618: Non-nullable property 'Name' must contain a non-null value when exiting constructor. Consider adding the 'required' modifier or declaring the property as nullable. [C:\Users\ASUS LAPTOP\Desktop\UTS\Mobile App\Assignment\UTS-Transit\UTSTransit\UTSTransit\UTSTransit.csproj::TargetFramework=net9.0-ios]
C:\Users\ASUS LAPTOP\Desktop\UTS\Mobile App\Assignment\UTS-Transit\UTSTransit\UTSTransit\Models\RouteInfo.cs(9,22): warning CS8618: Non-nullable property 'RouteColor' must contain a non-null value when exiting constructor. Consider adding the 'required' modifier or declaring the property as nullable. [C:\Users\ASUS LAPTOP\Desktop\UTS\Mobile App\Assignment\UTS-Transit\UTSTransit\UTSTransit\UTSTransit.csproj::TargetFramework=net9.0-ios]
C:\Users\ASUS LAPTOP\Desktop\UTS\Mobile App\Assignment\UTS-Transit\UTSTransit\UTSTransit\Models\RouteInfo.cs(10,31): warning CS8618: Non-nullable property 'Coordinates' must contain a non-null value when exiting constructor. Consider adding the 'required' modifier or declaring the property as nullable. [C:\Users\ASUS LAPTOP\Desktop\UTS\Mobile App\Assignment\UTS-Transit\UTSTransit\UTSTransit\UTSTransit.csproj::TargetFramework=net9.0-ios]
C:\Users\ASUS LAPTOP\Desktop\UTS\Mobile App\Assignment\UTS-Transit\UTSTransit\UTSTransit\Views\MapPage.xaml.cs(53,20): error CS1061: 'Map' does not contain a definition for 'Home' and no accessible extension method 'Home' accepting a first argument of type 'Map' could be found (are you missing a using directive or an assembly reference?) [C:\Users\ASUS LAPTOP\Desktop\UTS\Mobile App\Assignment\UTS-Transit\UTSTransit\UTSTransit\UTSTransit.csproj::TargetFramework=net9.0-ios]
C:\Users\ASUS LAPTOP\Desktop\UTS\Mobile App\Assignment\UTS-Transit\UTSTransit\UTSTransit\Views\MapPage.xaml.cs(54,39): error CS1503: Argument 1: cannot convert from '(double x, double y)' to 'Mapsui.MPoint' [C:\Users\ASUS LAPTOP\Desktop\UTS\Mobile App\Assignment\UTS-Transit\UTSTransit\UTSTransit\UTSTransit.csproj::TargetFramework=net9.0-ios]
C:\Users\ASUS LAPTOP\Desktop\UTS\Mobile App\Assignment\UTS-Transit\UTSTransit\UTSTransit\Views\MapPage.xaml.cs(69,50): error CS1061: '(double x, double y)' does not contain a definition for 'X' and no accessible extension method 'X' accepting a first argument of type '(double x, double y)' could be found (are you missing a using directive or an assembly reference?) [C:\Users\ASUS LAPTOP\Desktop\UTS\Mobile App\Assignment\UTS-Transit\UTSTransit\UTSTransit\UTSTransit.csproj::TargetFramework=net9.0-ios]
C:\Users\ASUS LAPTOP\Desktop\UTS\Mobile App\Assignment\UTS-Transit\UTSTransit\UTSTransit\Views\MapPage.xaml.cs(69,60): error CS1061: '(double x, double y)' does not contain a definition for 'Y' and no accessible extension method 'Y' accepting a first argument of type '(double x, double y)' could be found (are you missing a using directive or an assembly reference?) [C:\Users\ASUS LAPTOP\Desktop\UTS\Mobile App\Assignment\UTS-Transit\UTSTransit\UTSTransit\UTSTransit.csproj::TargetFramework=net9.0-ios]
C:\Users\ASUS LAPTOP\Desktop\UTS\Mobile App\Assignment\UTS-Transit\UTSTransit\UTSTransit\Views\MapPage.xaml.cs(108,32): error CS0104: 'Position' is an ambiguous reference between 'NetTopologySuite.Geometries.Position' and 'Mapsui.UI.Maui.Position' [C:\Users\ASUS LAPTOP\Desktop\UTS\Mobile App\Assignment\UTS-Transit\UTSTransit\UTSTransit\UTSTransit.csproj::TargetFramework=net9.0-ios]
C:\Users\ASUS LAPTOP\Desktop\UTS\Mobile App\Assignment\UTS-Transit\UTSTransit\UTSTransit\Views\MapPage.xaml.cs(111,32): error CS0117: 'PinType' does not contain a definition for 'Icon' [C:\Users\ASUS LAPTOP\Desktop\UTS\Mobile App\Assignment\UTS-Transit\UTSTransit\UTSTransit\UTSTransit.csproj::TargetFramework=net9.0-ios]
C:\Users\ASUS LAPTOP\Desktop\UTS\Mobile App\Assignment\UTS-Transit\UTSTransit\UTSTransit\Services\TransitService.cs(131,24): warning CS8603: Possible null reference return. [C:\Users\ASUS LAPTOP\Desktop\UTS\Mobile App\Assignment\UTS-Transit\UTSTransit\UTSTransit\UTSTransit.csproj::TargetFramework=net9.0-ios]
C:\Users\ASUS LAPTOP\Desktop\UTS\Mobile App\Assignment\UTS-Transit\UTSTransit\UTSTransit\Views\MapPage.xaml.cs(20,12): warning CS8618: Non-nullable field '_routesLayer' must contain a non-null value when exiting constructor. Consider adding the 'required' modifier or declaring the field as nullable. [C:\Users\ASUS LAPTOP\Desktop\UTS\Mobile App\Assignment\UTS-Transit\UTSTransit\UTSTransit\UTSTransit.csproj::TargetFramework=net9.0-maccatalyst]
C:\Users\ASUS LAPTOP\Desktop\UTS\Mobile App\Assignment\UTS-Transit\UTSTransit\UTSTransit\Models\RouteInfo.cs(8,23): warning CS8618: Non-nullable property 'Name' must contain a non-null value when exiting constructor. Consider adding the 'required' modifier or declaring the property as nullable. [C:\Users\ASUS LAPTOP\Desktop\UTS\Mobile App\Assignment\UTS-Transit\UTSTransit\UTSTransit\UTSTransit.csproj::TargetFramework=net9.0-maccatalyst]
C:\Users\ASUS LAPTOP\Desktop\UTS\Mobile App\Assignment\UTS-Transit\UTSTransit\UTSTransit\Models\RouteInfo.cs(9,22): warning CS8618: Non-nullable property 'RouteColor' must contain a non-null value when exiting constructor. Consider adding the 'required' modifier or declaring the property as nullable. [C:\Users\ASUS LAPTOP\Desktop\UTS\Mobile App\Assignment\UTS-Transit\UTSTransit\UTSTransit\UTSTransit.csproj::TargetFramework=net9.0-maccatalyst]
C:\Users\ASUS LAPTOP\Desktop\UTS\Mobile App\Assignment\UTS-Transit\UTSTransit\UTSTransit\Models\RouteInfo.cs(10,31): warning CS8618: Non-nullable property 'Coordinates' must contain a non-null value when exiting constructor. Consider adding the 'required' modifier or declaring the property as nullable. [C:\Users\ASUS LAPTOP\Desktop\UTS\Mobile App\Assignment\UTS-Transit\UTSTransit\UTSTransit\UTSTransit.csproj::TargetFramework=net9.0-maccatalyst]
C:\Users\ASUS LAPTOP\Desktop\UTS\Mobile App\Assignment\UTS-Transit\UTSTransit\UTSTransit\Views\MapPage.xaml.cs(53,20): error CS1061: 'Map' does not contain a definition for 'Home' and no accessible extension method 'Home' accepting a first argument of type 'Map' could be found (are you missing a using directive or an assembly reference?) [C:\Users\ASUS LAPTOP\Desktop\UTS\Mobile App\Assignment\UTS-Transit\UTSTransit\UTSTransit\UTSTransit.csproj::TargetFramework=net9.0-maccatalyst]
C:\Users\ASUS LAPTOP\Desktop\UTS\Mobile App\Assignment\UTS-Transit\UTSTransit\UTSTransit\Views\MapPage.xaml.cs(54,39): error CS1503: Argument 1: cannot convert from '(double x, double y)' to 'Mapsui.MPoint' [C:\Users\ASUS LAPTOP\Desktop\UTS\Mobile App\Assignment\UTS-Transit\UTSTransit\UTSTransit\UTSTransit.csproj::TargetFramework=net9.0-maccatalyst]
C:\Users\ASUS LAPTOP\Desktop\UTS\Mobile App\Assignment\UTS-Transit\UTSTransit\UTSTransit\Views\MapPage.xaml.cs(69,50): error CS1061: '(double x, double y)' does not contain a definition for 'X' and no accessible extension method 'X' accepting a first argument of type '(double x, double y)' could be found (are you missing a using directive or an assembly reference?) [C:\Users\ASUS LAPTOP\Desktop\UTS\Mobile App\Assignment\UTS-Transit\UTSTransit\UTSTransit\UTSTransit.csproj::TargetFramework=net9.0-maccatalyst]
C:\Users\ASUS LAPTOP\Desktop\UTS\Mobile App\Assignment\UTS-Transit\UTSTransit\UTSTransit\Views\MapPage.xaml.cs(69,60): error CS1061: '(double x, double y)' does not contain a definition for 'Y' and no accessible extension method 'Y' accepting a first argument of type '(double x, double y)' could be found (are you missing a using directive or an assembly reference?) [C:\Users\ASUS LAPTOP\Desktop\UTS\Mobile App\Assignment\UTS-Transit\UTSTransit\UTSTransit\UTSTransit.csproj::TargetFramework=net9.0-maccatalyst]
C:\Users\ASUS LAPTOP\Desktop\UTS\Mobile App\Assignment\UTS-Transit\UTSTransit\UTSTransit\Views\MapPage.xaml.cs(108,32): error CS0104: 'Position' is an ambiguous reference between 'NetTopologySuite.Geometries.Position' and 'Mapsui.UI.Maui.Position' [C:\Users\ASUS LAPTOP\Desktop\UTS\Mobile App\Assignment\UTS-Transit\UTSTransit\UTSTransit\UTSTransit.csproj::TargetFramework=net9.0-maccatalyst]
C:\Users\ASUS LAPTOP\Desktop\UTS\Mobile App\Assignment\UTS-Transit\UTSTransit\UTSTransit\Views\MapPage.xaml.cs(111,32): error CS0117: 'PinType' does not contain a definition for 'Icon' [C:\Users\ASUS LAPTOP\Desktop\UTS\Mobile App\Assignment\UTS-Transit\UTSTransit\UTSTransit\UTSTransit.csproj::TargetFramework=net9.0-maccatalyst]
C:\Users\ASUS LAPTOP\Desktop\UTS\Mobile App\Assignment\UTS-Transit\UTSTransit\UTSTransit\Services\TransitService.cs(131,24): warning CS8603: Possible null reference return. [C:\Users\ASUS LAPTOP\Desktop\UTS\Mobile App\Assignment\UTS-Transit\UTSTransit\UTSTransit\UTSTransit.csproj::TargetFramework=net9.0-maccatalyst]
C:\Users\ASUS LAPTOP\Desktop\UTS\Mobile App\Assignment\UTS-Transit\UTSTransit\UTSTransit\Models\RouteInfo.cs(8,23): warning CS8618: Non-nullable property 'Name' must contain a non-null value when exiting constructor. Consider adding the 'required' modifier or declaring the property as nullable. [C:\Users\ASUS LAPTOP\Desktop\UTS\Mobile App\Assignment\UTS-Transit\UTSTransit\UTSTransit\UTSTransit.csproj::TargetFramework=net9.0-windows10.0.19041.0]
C:\Users\ASUS LAPTOP\Desktop\UTS\Mobile App\Assignment\UTS-Transit\UTSTransit\UTSTransit\Models\RouteInfo.cs(9,22): warning CS8618: Non-nullable property 'RouteColor' must contain a non-null value when exiting constructor. Consider adding the 'required' modifier or declaring the property as nullable. [C:\Users\ASUS LAPTOP\Desktop\UTS\Mobile App\Assignment\UTS-Transit\UTSTransit\UTSTransit\UTSTransit.csproj::TargetFramework=net9.0-windows10.0.19041.0]
C:\Users\ASUS LAPTOP\Desktop\UTS\Mobile App\Assignment\UTS-Transit\UTSTransit\UTSTransit\Models\RouteInfo.cs(10,31): warning CS8618: Non-nullable property 'Coordinates' must contain a non-null value when exiting constructor. Consider adding the 'required' modifier or declaring the property as nullable. [C:\Users\ASUS LAPTOP\Desktop\UTS\Mobile App\Assignment\UTS-Transit\UTSTransit\UTSTransit\UTSTransit.csproj::TargetFramework=net9.0-windows10.0.19041.0]
C:\Users\ASUS LAPTOP\Desktop\UTS\Mobile App\Assignment\UTS-Transit\UTSTransit\UTSTransit\Views\MapPage.xaml.cs(20,12): warning CS8618: Non-nullable field '_routesLayer' must contain a non-null value when exiting constructor. Consider adding the 'required' modifier or declaring the field as nullable. [C:\Users\ASUS LAPTOP\Desktop\UTS\Mobile App\Assignment\UTS-Transit\UTSTransit\UTSTransit\UTSTransit.csproj::TargetFramework=net9.0-windows10.0.19041.0]
C:\Users\ASUS LAPTOP\Desktop\UTS\Mobile App\Assignment\UTS-Transit\UTSTransit\UTSTransit\Views\MapPage.xaml.cs(53,20): error CS1061: 'Map' does not contain a definition for 'Home' and no accessible extension method 'Home' accepting a first argument of type 'Map' could be found (are you missing a using directive or an assembly reference?) [C:\Users\ASUS LAPTOP\Desktop\UTS\Mobile App\Assignment\UTS-Transit\UTSTransit\UTSTransit\UTSTransit.csproj::TargetFramework=net9.0-windows10.0.19041.0]
C:\Users\ASUS LAPTOP\Desktop\UTS\Mobile App\Assignment\UTS-Transit\UTSTransit\UTSTransit\Views\MapPage.xaml.cs(54,39): error CS1503: Argument 1: cannot convert from '(double x, double y)' to 'Mapsui.MPoint' [C:\Users\ASUS LAPTOP\Desktop\UTS\Mobile App\Assignment\UTS-Transit\UTSTransit\UTSTransit\UTSTransit.csproj::TargetFramework=net9.0-windows10.0.19041.0]
C:\Users\ASUS LAPTOP\Desktop\UTS\Mobile App\Assignment\UTS-Transit\UTSTransit\UTSTransit\Views\MapPage.xaml.cs(69,50): error CS1061: '(double x, double y)' does not contain a definition for 'X' and no accessible extension method 'X' accepting a first argument of type '(double x, double y)' could be found (are you missing a using directive or an assembly reference?) [C:\Users\ASUS LAPTOP\Desktop\UTS\Mobile App\Assignment\UTS-Transit\UTSTransit\UTSTransit\UTSTransit.csproj::TargetFramework=net9.0-windows10.0.19041.0]
C:\Users\ASUS LAPTOP\Desktop\UTS\Mobile App\Assignment\UTS-Transit\UTSTransit\UTSTransit\Views\MapPage.xaml.cs(69,60): error CS1061: '(double x, double y)' does not contain a definition for 'Y' and no accessible extension method 'Y' accepting a first argument of type '(double x, double y)' could be found (are you missing a using directive or an assembly reference?) [C:\Users\ASUS LAPTOP\Desktop\UTS\Mobile App\Assignment\UTS-Transit\UTSTransit\UTSTransit\UTSTransit.csproj::TargetFramework=net9.0-windows10.0.19041.0]
C:\Users\ASUS LAPTOP\Desktop\UTS\Mobile App\Assignment\UTS-Transit\UTSTransit\UTSTransit\Views\MapPage.xaml.cs(108,32): error CS0104: 'Position' is an ambiguous reference between 'NetTopologySuite.Geometries.Position' and 'Mapsui.UI.Maui.Position' [C:\Users\ASUS LAPTOP\Desktop\UTS\Mobile App\Assignment\UTS-Transit\UTSTransit\UTSTransit\UTSTransit.csproj::TargetFramework=net9.0-windows10.0.19041.0]
C:\Users\ASUS LAPTOP\Desktop\UTS\Mobile App\Assignment\UTS-Transit\UTSTransit\UTSTransit\Views\MapPage.xaml.cs(111,32): error CS0117: 'PinType' does not contain a definition for 'Icon' [C:\Users\ASUS LAPTOP\Desktop\UTS\Mobile App\Assignment\UTS-Transit\UTSTransit\UTSTransit\UTSTransit.csproj::TargetFramework=net9.0-windows10.0.19041.0]
C:\Users\ASUS LAPTOP\Desktop\UTS\Mobile App\Assignment\UTS-Transit\UTSTransit\UTSTransit\Services\TransitService.cs(131,24): warning CS8603: Possible null reference return. [C:\Users\ASUS LAPTOP\Desktop\UTS\Mobile App\Assignment\UTS-Transit\UTSTransit\UTSTransit\UTSTransit.csproj::TargetFramework=net9.0-windows10.0.19041.0]
C:\Users\ASUS LAPTOP\Desktop\UTS\Mobile App\Assignment\UTS-Transit\UTSTransit\UTSTransit\Models\RouteInfo.cs(8,23): warning CS8618: Non-nullable property 'Name' must contain a non-null value when exiting constructor. Consider adding the 'required' modifier or declaring the property as nullable. [C:\Users\ASUS LAPTOP\Desktop\UTS\Mobile App\Assignment\UTS-Transit\UTSTransit\UTSTransit\UTSTransit.csproj::TargetFramework=net9.0-android]
C:\Users\ASUS LAPTOP\Desktop\UTS\Mobile App\Assignment\UTS-Transit\UTSTransit\UTSTransit\Models\RouteInfo.cs(9,22): warning CS8618: Non-nullable property 'RouteColor' must contain a non-null value when exiting constructor. Consider adding the 'required' modifier or declaring the property as nullable. [C:\Users\ASUS LAPTOP\Desktop\UTS\Mobile App\Assignment\UTS-Transit\UTSTransit\UTSTransit\UTSTransit.csproj::TargetFramework=net9.0-android]
C:\Users\ASUS LAPTOP\Desktop\UTS\Mobile App\Assignment\UTS-Transit\UTSTransit\UTSTransit\Models\RouteInfo.cs(10,31): warning CS8618: Non-nullable property 'Coordinates' must contain a non-null value when exiting constructor. Consider adding the 'required' modifier or declaring the property as nullable. [C:\Users\ASUS LAPTOP\Desktop\UTS\Mobile App\Assignment\UTS-Transit\UTSTransit\UTSTransit\UTSTransit.csproj::TargetFramework=net9.0-android]
C:\Users\ASUS LAPTOP\Desktop\UTS\Mobile App\Assignment\UTS-Transit\UTSTransit\UTSTransit\Views\MapPage.xaml.cs(20,12): warning CS8618: Non-nullable field '_routesLayer' must contain a non-null value when exiting constructor. Consider adding the 'required' modifier or declaring the field as nullable. [C:\Users\ASUS LAPTOP\Desktop\UTS\Mobile App\Assignment\UTS-Transit\UTSTransit\UTSTransit\UTSTransit.csproj::TargetFramework=net9.0-android]
C:\Users\ASUS LAPTOP\Desktop\UTS\Mobile App\Assignment\UTS-Transit\UTSTransit\UTSTransit\Views\MapPage.xaml.cs(53,20): error CS1061: 'Map' does not contain a definition for 'Home' and no accessible extension method 'Home' accepting a first argument of type 'Map' could be found (are you missing a using directive or an assembly reference?) [C:\Users\ASUS LAPTOP\Desktop\UTS\Mobile App\Assignment\UTS-Transit\UTSTransit\UTSTransit\UTSTransit.csproj::TargetFramework=net9.0-android]
C:\Users\ASUS LAPTOP\Desktop\UTS\Mobile App\Assignment\UTS-Transit\UTSTransit\UTSTransit\Views\MapPage.xaml.cs(54,39): error CS1503: Argument 1: cannot convert from '(double x, double y)' to 'Mapsui.MPoint' [C:\Users\ASUS LAPTOP\Desktop\UTS\Mobile App\Assignment\UTS-Transit\UTSTransit\UTSTransit\UTSTransit.csproj::TargetFramework=net9.0-android]
C:\Users\ASUS LAPTOP\Desktop\UTS\Mobile App\Assignment\UTS-Transit\UTSTransit\UTSTransit\Views\MapPage.xaml.cs(69,50): error CS1061: '(double x, double y)' does not contain a definition for 'X' and no accessible extension method 'X' accepting a first argument of type '(double x, double y)' could be found (are you missing a using directive or an assembly reference?) [C:\Users\ASUS LAPTOP\Desktop\UTS\Mobile App\Assignment\UTS-Transit\UTSTransit\UTSTransit\UTSTransit.csproj::TargetFramework=net9.0-android]
C:\Users\ASUS LAPTOP\Desktop\UTS\Mobile App\Assignment\UTS-Transit\UTSTransit\UTSTransit\Views\MapPage.xaml.cs(69,60): error CS1061: '(double x, double y)' does not contain a definition for 'Y' and no accessible extension method 'Y' accepting a first argument of type '(double x, double y)' could be found (are you missing a using directive or an assembly reference?) [C:\Users\ASUS LAPTOP\Desktop\UTS\Mobile App\Assignment\UTS-Transit\UTSTransit\UTSTransit\UTSTransit.csproj::TargetFramework=net9.0-android]
C:\Users\ASUS LAPTOP\Desktop\UTS\Mobile App\Assignment\UTS-Transit\UTSTransit\UTSTransit\Views\MapPage.xaml.cs(108,32): error CS0104: 'Position' is an ambiguous reference between 'NetTopologySuite.Geometries.Position' and 'Mapsui.UI.Maui.Position' [C:\Users\ASUS LAPTOP\Desktop\UTS\Mobile App\Assignment\UTS-Transit\UTSTransit\UTSTransit\UTSTransit.csproj::TargetFramework=net9.0-android]
C:\Users\ASUS LAPTOP\Desktop\UTS\Mobile App\Assignment\UTS-Transit\UTSTransit\UTSTransit\Views\MapPage.xaml.cs(111,32): error CS0117: 'PinType' does not contain a definition for 'Icon' [C:\Users\ASUS LAPTOP\Desktop\UTS\Mobile App\Assignment\UTS-Transit\UTSTransit\UTSTransit\UTSTransit.csproj::TargetFramework=net9.0-android]
C:\Users\ASUS LAPTOP\Desktop\UTS\Mobile App\Assignment\UTS-Transit\UTSTransit\UTSTransit\Services\TransitService.cs(131,24): warning CS8603: Possible null reference return. [C:\Users\ASUS LAPTOP\Desktop\UTS\Mobile App\Assignment\UTS-Transit\UTSTransit\UTSTransit\UTSTransit.csproj::TargetFramework=net9.0-android]

Build FAILED.

C:\Users\ASUS LAPTOP\Desktop\UTS\Mobile App\Assignment\UTS-Transit\UTSTransit\UTSTransit\Views\MapPage.xaml.cs(20,12): warning CS8618: Non-nullable field '_routesLayer' must contain a non-null value when exiting constructor. Consider adding the 'required' modifier or declaring the field as nullable. [C:\Users\ASUS LAPTOP\Desktop\UTS\Mobile App\Assignment\UTS-Transit\UTSTransit\UTSTransit\UTSTransit.csproj::TargetFramework=net9.0-ios]
C:\Users\ASUS LAPTOP\Desktop\UTS\Mobile App\Assignment\UTS-Transit\UTSTransit\UTSTransit\Models\RouteInfo.cs(8,23): warning CS8618: Non-nullable property 'Name' must contain a non-null value when exiting constructor. Consider adding the 'required' modifier or declaring the property as nullable. [C:\Users\ASUS LAPTOP\Desktop\UTS\Mobile App\Assignment\UTS-Transit\UTSTransit\UTSTransit\UTSTransit.csproj::TargetFramework=net9.0-ios]
C:\Users\ASUS LAPTOP\Desktop\UTS\Mobile App\Assignment\UTS-Transit\UTSTransit\UTSTransit\Models\RouteInfo.cs(9,22): warning CS8618: Non-nullable property 'RouteColor' must contain a non-null value when exiting constructor. Consider adding the 'required' modifier or declaring the property as nullable. [C:\Users\ASUS LAPTOP\Desktop\UTS\Mobile App\Assignment\UTS-Transit\UTSTransit\UTSTransit\UTSTransit.csproj::TargetFramework=net9.0-ios]
C:\Users\ASUS LAPTOP\Desktop\UTS\Mobile App\Assignment\UTS-Transit\UTSTransit\UTSTransit\Models\RouteInfo.cs(10,31): warning CS8618: Non-nullable property 'Coordinates' must contain a non-null value when exiting constructor. Consider adding the 'required' modifier or declaring the property as nullable. [C:\Users\ASUS LAPTOP\Desktop\UTS\Mobile App\Assignment\UTS-Transit\UTSTransit\UTSTransit\UTSTransit.csproj::TargetFramework=net9.0-ios]
C:\Users\ASUS LAPTOP\Desktop\UTS\Mobile App\Assignment\UTS-Transit\UTSTransit\UTSTransit\Services\TransitService.cs(131,24): warning CS8603: Possible null reference return. [C:\Users\ASUS LAPTOP\Desktop\UTS\Mobile App\Assignment\UTS-Transit\UTSTransit\UTSTransit\UTSTransit.csproj::TargetFramework=net9.0-ios]
C:\Users\ASUS LAPTOP\Desktop\UTS\Mobile App\Assignment\UTS-Transit\UTSTransit\UTSTransit\Views\MapPage.xaml.cs(20,12): warning CS8618: Non-nullable field '_routesLayer' must contain a non-null value when exiting constructor. Consider adding the 'required' modifier or declaring the field as nullable. [C:\Users\ASUS LAPTOP\Desktop\UTS\Mobile App\Assignment\UTS-Transit\UTSTransit\UTSTransit\UTSTransit.csproj::TargetFramework=net9.0-maccatalyst]
C:\Users\ASUS LAPTOP\Desktop\UTS\Mobile App\Assignment\UTS-Transit\UTSTransit\UTSTransit\Models\RouteInfo.cs(8,23): warning CS8618: Non-nullable property 'Name' must contain a non-null value when exiting constructor. Consider adding the 'required' modifier or declaring the property as nullable. [C:\Users\ASUS LAPTOP\Desktop\UTS\Mobile App\Assignment\UTS-Transit\UTSTransit\UTSTransit\UTSTransit.csproj::TargetFramework=net9.0-maccatalyst]
C:\Users\ASUS LAPTOP\Desktop\UTS\Mobile App\Assignment\UTS-Transit\UTSTransit\UTSTransit\Models\RouteInfo.cs(9,22): warning CS8618: Non-nullable property 'RouteColor' must contain a non-null value when exiting constructor. Consider adding the 'required' modifier or declaring the property as nullable. [C:\Users\ASUS LAPTOP\Desktop\UTS\Mobile App\Assignment\UTS-Transit\UTSTransit\UTSTransit\UTSTransit.csproj::TargetFramework=net9.0-maccatalyst]
C:\Users\ASUS LAPTOP\Desktop\UTS\Mobile App\Assignment\UTS-Transit\UTSTransit\UTSTransit\Models\RouteInfo.cs(10,31): warning CS8618: Non-nullable property 'Coordinates' must contain a non-null value when exiting constructor. Consider adding the 'required' modifier or declaring the property as nullable. [C:\Users\ASUS LAPTOP\Desktop\UTS\Mobile App\Assignment\UTS-Transit\UTSTransit\UTSTransit\UTSTransit.csproj::TargetFramework=net9.0-maccatalyst]
C:\Users\ASUS LAPTOP\Desktop\UTS\Mobile App\Assignment\UTS-Transit\UTSTransit\UTSTransit\Services\TransitService.cs(131,24): warning CS8603: Possible null reference return. [C:\Users\ASUS LAPTOP\Desktop\UTS\Mobile App\Assignment\UTS-Transit\UTSTransit\UTSTransit\UTSTransit.csproj::TargetFramework=net9.0-maccatalyst]
C:\Users\ASUS LAPTOP\Desktop\UTS\Mobile App\Assignment\UTS-Transit\UTSTransit\UTSTransit\Models\RouteInfo.cs(8,23): warning CS8618: Non-nullable property 'Name' must contain a non-null value when exiting constructor. Consider adding the 'required' modifier or declaring the property as nullable. [C:\Users\ASUS LAPTOP\Desktop\UTS\Mobile App\Assignment\UTS-Transit\UTSTransit\UTSTransit\UTSTransit.csproj::TargetFramework=net9.0-windows10.0.19041.0]
C:\Users\ASUS LAPTOP\Desktop\UTS\Mobile App\Assignment\UTS-Transit\UTSTransit\UTSTransit\Models\RouteInfo.cs(9,22): warning CS8618: Non-nullable property 'RouteColor' must contain a non-null value when exiting constructor. Consider adding the 'required' modifier or declaring the property as nullable. [C:\Users\ASUS LAPTOP\Desktop\UTS\Mobile App\Assignment\UTS-Transit\UTSTransit\UTSTransit\UTSTransit.csproj::TargetFramework=net9.0-windows10.0.19041.0]
C:\Users\ASUS LAPTOP\Desktop\UTS\Mobile App\Assignment\UTS-Transit\UTSTransit\UTSTransit\Models\RouteInfo.cs(10,31): warning CS8618: Non-nullable property 'Coordinates' must contain a non-null value when exiting constructor. Consider adding the 'required' modifier or declaring the property as nullable. [C:\Users\ASUS LAPTOP\Desktop\UTS\Mobile App\Assignment\UTS-Transit\UTSTransit\UTSTransit\UTSTransit.csproj::TargetFramework=net9.0-windows10.0.19041.0]
C:\Users\ASUS LAPTOP\Desktop\UTS\Mobile App\Assignment\UTS-Transit\UTSTransit\UTSTransit\Views\MapPage.xaml.cs(20,12): warning CS8618: Non-nullable field '_routesLayer' must contain a non-null value when exiting constructor. Consider adding the 'required' modifier or declaring the field as nullable. [C:\Users\ASUS LAPTOP\Desktop\UTS\Mobile App\Assignment\UTS-Transit\UTSTransit\UTSTransit\UTSTransit.csproj::TargetFramework=net9.0-windows10.0.19041.0]
C:\Users\ASUS LAPTOP\Desktop\UTS\Mobile App\Assignment\UTS-Transit\UTSTransit\UTSTransit\Services\TransitService.cs(131,24): warning CS8603: Possible null reference return. [C:\Users\ASUS LAPTOP\Desktop\UTS\Mobile App\Assignment\UTS-Transit\UTSTransit\UTSTransit\UTSTransit.csproj::TargetFramework=net9.0-windows10.0.19041.0]
C:\Users\ASUS LAPTOP\Desktop\UTS\Mobile App\Assignment\UTS-Transit\UTSTransit\UTSTransit\Models\RouteInfo.cs(8,23): warning CS8618: Non-nullable property 'Name' must contain a non-null value when exiting constructor. Consider adding the 'required' modifier or declaring the property as nullable. [C:\Users\ASUS LAPTOP\Desktop\UTS\Mobile App\Assignment\UTS-Transit\UTSTransit\UTSTransit\UTSTransit.csproj::TargetFramework=net9.0-android]
C:\Users\ASUS LAPTOP\Desktop\UTS\Mobile App\Assignment\UTS-Transit\UTSTransit\UTSTransit\Models\RouteInfo.cs(9,22): warning CS8618: Non-nullable property 'RouteColor' must contain a non-null value when exiting constructor. Consider adding the 'required' modifier or declaring the property as nullable. [C:\Users\ASUS LAPTOP\Desktop\UTS\Mobile App\Assignment\UTS-Transit\UTSTransit\UTSTransit\UTSTransit.csproj::TargetFramework=net9.0-android]
C:\Users\ASUS LAPTOP\Desktop\UTS\Mobile App\Assignment\UTS-Transit\UTSTransit\UTSTransit\Models\RouteInfo.cs(10,31): warning CS8618: Non-nullable property 'Coordinates' must contain a non-null value when exiting constructor. Consider adding the 'required' modifier or declaring the property as nullable. [C:\Users\ASUS LAPTOP\Desktop\UTS\Mobile App\Assignment\UTS-Transit\UTSTransit\UTSTransit\UTSTransit.csproj::TargetFramework=net9.0-android]
C:\Users\ASUS LAPTOP\Desktop\UTS\Mobile App\Assignment\UTS-Transit\UTSTransit\UTSTransit\Views\MapPage.xaml.cs(20,12): warning CS8618: Non-nullable field '_routesLayer' must contain a non-null value when exiting constructor. Consider adding the 'required' modifier or declaring the field as nullable. [C:\Users\ASUS LAPTOP\Desktop\UTS\Mobile App\Assignment\UTS-Transit\UTSTransit\UTSTransit\UTSTransit.csproj::TargetFramework=net9.0-android]
C:\Users\ASUS LAPTOP\Desktop\UTS\Mobile App\Assignment\UTS-Transit\UTSTransit\UTSTransit\Services\TransitService.cs(131,24): warning CS8603: Possible null reference return. [C:\Users\ASUS LAPTOP\Desktop\UTS\Mobile App\Assignment\UTS-Transit\UTSTransit\UTSTransit\UTSTransit.csproj::TargetFramework=net9.0-android]
C:\Users\ASUS LAPTOP\Desktop\UTS\Mobile App\Assignment\UTS-Transit\UTSTransit\UTSTransit\Views\MapPage.xaml.cs(53,20): error CS1061: 'Map' does not contain a definition for 'Home' and no accessible extension method 'Home' accepting a first argument of type 'Map' could be found (are you missing a using directive or an assembly reference?) [C:\Users\ASUS LAPTOP\Desktop\UTS\Mobile App\Assignment\UTS-Transit\UTSTransit\UTSTransit\UTSTransit.csproj::TargetFramework=net9.0-ios]
C:\Users\ASUS LAPTOP\Desktop\UTS\Mobile App\Assignment\UTS-Transit\UTSTransit\UTSTransit\Views\MapPage.xaml.cs(54,39): error CS1503: Argument 1: cannot convert from '(double x, double y)' to 'Mapsui.MPoint' [C:\Users\ASUS LAPTOP\Desktop\UTS\Mobile App\Assignment\UTS-Transit\UTSTransit\UTSTransit\UTSTransit.csproj::TargetFramework=net9.0-ios]
C:\Users\ASUS LAPTOP\Desktop\UTS\Mobile App\Assignment\UTS-Transit\UTSTransit\UTSTransit\Views\MapPage.xaml.cs(69,50): error CS1061: '(double x, double y)' does not contain a definition for 'X' and no accessible extension method 'X' accepting a first argument of type '(double x, double y)' could be found (are you missing a using directive or an assembly reference?) [C:\Users\ASUS LAPTOP\Desktop\UTS\Mobile App\Assignment\UTS-Transit\UTSTransit\UTSTransit\UTSTransit.csproj::TargetFramework=net9.0-ios]
C:\Users\ASUS LAPTOP\Desktop\UTS\Mobile App\Assignment\UTS-Transit\UTSTransit\UTSTransit\Views\MapPage.xaml.cs(69,60): error CS1061: '(double x, double y)' does not contain a definition for 'Y' and no accessible extension method 'Y' accepting a first argument of type '(double x, double y)' could be found (are you missing a using directive or an assembly reference?) [C:\Users\ASUS LAPTOP\Desktop\UTS\Mobile App\Assignment\UTS-Transit\UTSTransit\UTSTransit\UTSTransit.csproj::TargetFramework=net9.0-ios]
C:\Users\ASUS LAPTOP\Desktop\UTS\Mobile App\Assignment\UTS-Transit\UTSTransit\UTSTransit\Views\MapPage.xaml.cs(108,32): error CS0104: 'Position' is an ambiguous reference between 'NetTopologySuite.Geometries.Position' and 'Mapsui.UI.Maui.Position' [C:\Users\ASUS LAPTOP\Desktop\UTS\Mobile App\Assignment\UTS-Transit\UTSTransit\UTSTransit\UTSTransit.csproj::TargetFramework=net9.0-ios]
C:\Users\ASUS LAPTOP\Desktop\UTS\Mobile App\Assignment\UTS-Transit\UTSTransit\UTSTransit\Views\MapPage.xaml.cs(111,32): error CS0117: 'PinType' does not contain a definition for 'Icon' [C:\Users\ASUS LAPTOP\Desktop\UTS\Mobile App\Assignment\UTS-Transit\UTSTransit\UTSTransit\UTSTransit.csproj::TargetFramework=net9.0-ios]
C:\Users\ASUS LAPTOP\Desktop\UTS\Mobile App\Assignment\UTS-Transit\UTSTransit\UTSTransit\Views\MapPage.xaml.cs(53,20): error CS1061: 'Map' does not contain a definition for 'Home' and no accessible extension method 'Home' accepting a first argument of type 'Map' could be found (are you missing a using directive or an assembly reference?) [C:\Users\ASUS LAPTOP\Desktop\UTS\Mobile App\Assignment\UTS-Transit\UTSTransit\UTSTransit\UTSTransit.csproj::TargetFramework=net9.0-maccatalyst]
C:\Users\ASUS LAPTOP\Desktop\UTS\Mobile App\Assignment\UTS-Transit\UTSTransit\UTSTransit\Views\MapPage.xaml.cs(54,39): error CS1503: Argument 1: cannot convert from '(double x, double y)' to 'Mapsui.MPoint' [C:\Users\ASUS LAPTOP\Desktop\UTS\Mobile App\Assignment\UTS-Transit\UTSTransit\UTSTransit\UTSTransit.csproj::TargetFramework=net9.0-maccatalyst]
C:\Users\ASUS LAPTOP\Desktop\UTS\Mobile App\Assignment\UTS-Transit\UTSTransit\UTSTransit\Views\MapPage.xaml.cs(69,50): error CS1061: '(double x, double y)' does not contain a definition for 'X' and no accessible extension method 'X' accepting a first argument of type '(double x, double y)' could be found (are you missing a using directive or an assembly reference?) [C:\Users\ASUS LAPTOP\Desktop\UTS\Mobile App\Assignment\UTS-Transit\UTSTransit\UTSTransit\UTSTransit.csproj::TargetFramework=net9.0-maccatalyst]
C:\Users\ASUS LAPTOP\Desktop\UTS\Mobile App\Assignment\UTS-Transit\UTSTransit\UTSTransit\Views\MapPage.xaml.cs(69,60): error CS1061: '(double x, double y)' does not contain a definition for 'Y' and no accessible extension method 'Y' accepting a first argument of type '(double x, double y)' could be found (are you missing a using directive or an assembly reference?) [C:\Users\ASUS LAPTOP\Desktop\UTS\Mobile App\Assignment\UTS-Transit\UTSTransit\UTSTransit\UTSTransit.csproj::TargetFramework=net9.0-maccatalyst]
C:\Users\ASUS LAPTOP\Desktop\UTS\Mobile App\Assignment\UTS-Transit\UTSTransit\UTSTransit\Views\MapPage.xaml.cs(108,32): error CS0104: 'Position' is an ambiguous reference between 'NetTopologySuite.Geometries.Position' and 'Mapsui.UI.Maui.Position' [C:\Users\ASUS LAPTOP\Desktop\UTS\Mobile App\Assignment\UTS-Transit\UTSTransit\UTSTransit\UTSTransit.csproj::TargetFramework=net9.0-maccatalyst]
C:\Users\ASUS LAPTOP\Desktop\UTS\Mobile App\Assignment\UTS-Transit\UTSTransit\UTSTransit\Views\MapPage.xaml.cs(111,32): error CS0117: 'PinType' does not contain a definition for 'Icon' [C:\Users\ASUS LAPTOP\Desktop\UTS\Mobile App\Assignment\UTS-Transit\UTSTransit\UTSTransit\UTSTransit.csproj::TargetFramework=net9.0-maccatalyst]
C:\Users\ASUS LAPTOP\Desktop\UTS\Mobile App\Assignment\UTS-Transit\UTSTransit\UTSTransit\Views\MapPage.xaml.cs(53,20): error CS1061: 'Map' does not contain a definition for 'Home' and no accessible extension method 'Home' accepting a first argument of type 'Map' could be found (are you missing a using directive or an assembly reference?) [C:\Users\ASUS LAPTOP\Desktop\UTS\Mobile App\Assignment\UTS-Transit\UTSTransit\UTSTransit\UTSTransit.csproj::TargetFramework=net9.0-windows10.0.19041.0]
C:\Users\ASUS LAPTOP\Desktop\UTS\Mobile App\Assignment\UTS-Transit\UTSTransit\UTSTransit\Views\MapPage.xaml.cs(54,39): error CS1503: Argument 1: cannot convert from '(double x, double y)' to 'Mapsui.MPoint' [C:\Users\ASUS LAPTOP\Desktop\UTS\Mobile App\Assignment\UTS-Transit\UTSTransit\UTSTransit\UTSTransit.csproj::TargetFramework=net9.0-windows10.0.19041.0]
C:\Users\ASUS LAPTOP\Desktop\UTS\Mobile App\Assignment\UTS-Transit\UTSTransit\UTSTransit\Views\MapPage.xaml.cs(69,50): error CS1061: '(double x, double y)' does not contain a definition for 'X' and no accessible extension method 'X' accepting a first argument of type '(double x, double y)' could be found (are you missing a using directive or an assembly reference?) [C:\Users\ASUS LAPTOP\Desktop\UTS\Mobile App\Assignment\UTS-Transit\UTSTransit\UTSTransit\UTSTransit.csproj::TargetFramework=net9.0-windows10.0.19041.0]
C:\Users\ASUS LAPTOP\Desktop\UTS\Mobile App\Assignment\UTS-Transit\UTSTransit\UTSTransit\Views\MapPage.xaml.cs(69,60): error CS1061: '(double x, double y)' does not contain a definition for 'Y' and no accessible extension method 'Y' accepting a first argument of type '(double x, double y)' could be found (are you missing a using directive or an assembly reference?) [C:\Users\ASUS LAPTOP\Desktop\UTS\Mobile App\Assignment\UTS-Transit\UTSTransit\UTSTransit\UTSTransit.csproj::TargetFramework=net9.0-windows10.0.19041.0]
C:\Users\ASUS LAPTOP\Desktop\UTS\Mobile App\Assignment\UTS-Transit\UTSTransit\UTSTransit\Views\MapPage.xaml.cs(108,32): error CS0104: 'Position' is an ambiguous reference between 'NetTopologySuite.Geometries.Position' and 'Mapsui.UI.Maui.Position' [C:\Users\ASUS LAPTOP\Desktop\UTS\Mobile App\Assignment\UTS-Transit\UTSTransit\UTSTransit\UTSTransit.csproj::TargetFramework=net9.0-windows10.0.19041.0]
C:\Users\ASUS LAPTOP\Desktop\UTS\Mobile App\Assignment\UTS-Transit\UTSTransit\UTSTransit\Views\MapPage.xaml.cs(111,32): error CS0117: 'PinType' does not contain a definition for 'Icon' [C:\Users\ASUS LAPTOP\Desktop\UTS\Mobile App\Assignment\UTS-Transit\UTSTransit\UTSTransit\UTSTransit.csproj::TargetFramework=net9.0-windows10.0.19041.0]
C:\Users\ASUS LAPTOP\Desktop\UTS\Mobile App\Assignment\UTS-Transit\UTSTransit\UTSTransit\Views\MapPage.xaml.cs(53,20): error CS1061: 'Map' does not contain a definition for 'Home' and no accessible extension method 'Home' accepting a first argument of type 'Map' could be found (are you missing a using directive or an assembly reference?) [C:\Users\ASUS LAPTOP\Desktop\UTS\Mobile App\Assignment\UTS-Transit\UTSTransit\UTSTransit\UTSTransit.csproj::TargetFramework=net9.0-android]
C:\Users\ASUS LAPTOP\Desktop\UTS\Mobile App\Assignment\UTS-Transit\UTSTransit\UTSTransit\Views\MapPage.xaml.cs(54,39): error CS1503: Argument 1: cannot convert from '(double x, double y)' to 'Mapsui.MPoint' [C:\Users\ASUS LAPTOP\Desktop\UTS\Mobile App\Assignment\UTS-Transit\UTSTransit\UTSTransit\UTSTransit.csproj::TargetFramework=net9.0-android]
C:\Users\ASUS LAPTOP\Desktop\UTS\Mobile App\Assignment\UTS-Transit\UTSTransit\UTSTransit\Views\MapPage.xaml.cs(69,50): error CS1061: '(double x, double y)' does not contain a definition for 'X' and no accessible extension method 'X' accepting a first argument of type '(double x, double y)' could be found (are you missing a using directive or an assembly reference?) [C:\Users\ASUS LAPTOP\Desktop\UTS\Mobile App\Assignment\UTS-Transit\UTSTransit\UTSTransit\UTSTransit.csproj::TargetFramework=net9.0-android]
C:\Users\ASUS LAPTOP\Desktop\UTS\Mobile App\Assignment\UTS-Transit\UTSTransit\UTSTransit\Views\MapPage.xaml.cs(69,60): error CS1061: '(double x, double y)' does not contain a definition for 'Y' and no accessible extension method 'Y' accepting a first argument of type '(double x, double y)' could be found (are you missing a using directive or an assembly reference?) [C:\Users\ASUS LAPTOP\Desktop\UTS\Mobile App\Assignment\UTS-Transit\UTSTransit\UTSTransit\UTSTransit.csproj::TargetFramework=net9.0-android]
C:\Users\ASUS LAPTOP\Desktop\UTS\Mobile App\Assignment\UTS-Transit\UTSTransit\UTSTransit\Views\MapPage.xaml.cs(108,32): error CS0104: 'Position' is an ambiguous reference between 'NetTopologySuite.Geometries.Position' and 'Mapsui.UI.Maui.Position' [C:\Users\ASUS LAPTOP\Desktop\UTS\Mobile App\Assignment\UTS-Transit\UTSTransit\UTSTransit\UTSTransit.csproj::TargetFramework=net9.0-android]
C:\Users\ASUS LAPTOP\Desktop\UTS\Mobile App\Assignment\UTS-Transit\UTSTransit\UTSTransit\Views\MapPage.xaml.cs(111,32): error CS0117: 'PinType' does not contain a definition for 'Icon' [C:\Users\ASUS LAPTOP\Desktop\UTS\Mobile App\Assignment\UTS-Transit\UTSTransit\UTSTransit\UTSTransit.csproj::TargetFramework=net9.0-android]
    20 Warning(s)
    24 Error(s)

Time Elapsed 00:01:10.28

Workload updates are available. Run `dotnet workload list` for more information.
