  Determining projects to restore...
  All projects are up-to-date for restore.
C:\Users\ASUS LAPTOP\Desktop\UTS\Mobile App\Assignment\UTS-Transit\UTSTransit\UTSTransit\Services\TransitService.cs(61,160): warning CS8625: Cannot convert null literal to non-nullable reference type. [C:\Users\ASUS LAPTOP\Desktop\UTS\Mobile App\Assignment\UTS-Transit\UTSTransit\UTSTransit\UTSTransit.csproj::TargetFramework=net9.0-maccatalyst]
C:\Users\ASUS LAPTOP\Desktop\UTS\Mobile App\Assignment\UTS-Transit\UTSTransit\UTSTransit\Services\TransitService.cs(61,184): warning CS8625: Cannot convert null literal to non-nullable reference type. [C:\Users\ASUS LAPTOP\Desktop\UTS\Mobile App\Assignment\UTS-Transit\UTSTransit\UTSTransit\UTSTransit.csproj::TargetFramework=net9.0-maccatalyst]
C:\Users\ASUS LAPTOP\Desktop\UTS\Mobile App\Assignment\UTS-Transit\UTSTransit\UTSTransit\Views\MapPage.xaml.cs(20,12): warning CS8618: Non-nullable field '_routesLayer' must contain a non-null value when exiting constructor. Consider adding the 'required' modifier or declaring the field as nullable. [C:\Users\ASUS LAPTOP\Desktop\UTS\Mobile App\Assignment\UTS-Transit\UTSTransit\UTSTransit\UTSTransit.csproj::TargetFramework=net9.0-maccatalyst]
C:\Users\ASUS LAPTOP\Desktop\UTS\Mobile App\Assignment\UTS-Transit\UTSTransit\UTSTransit\ViewModels\TimetableViewModel.cs(28,23): warning CS0618: 'Application.MainPage.get' is obsolete: 'This property has been deprecated. For single-window applications, use Windows[0].Page. For multi-window applications, identify and use the appropriate Window object to access the desired Page. Additionally, each element features a Window property, accessible when it's part of the current window.' [C:\Users\ASUS LAPTOP\Desktop\UTS\Mobile App\Assignment\UTS-Transit\UTSTransit\UTSTransit\UTSTransit.csproj::TargetFramework=net9.0-maccatalyst]
C:\Users\ASUS LAPTOP\Desktop\UTS\Mobile App\Assignment\UTS-Transit\UTSTransit\UTSTransit\ViewModels\TimetableViewModel.cs(33,23): warning CS0618: 'Application.MainPage.get' is obsolete: 'This property has been deprecated. For single-window applications, use Windows[0].Page. For multi-window applications, identify and use the appropriate Window object to access the desired Page. Additionally, each element features a Window property, accessible when it's part of the current window.' [C:\Users\ASUS LAPTOP\Desktop\UTS\Mobile App\Assignment\UTS-Transit\UTSTransit\UTSTransit\UTSTransit.csproj::TargetFramework=net9.0-maccatalyst]
C:\Users\ASUS LAPTOP\Desktop\UTS\Mobile App\Assignment\UTS-Transit\UTSTransit\UTSTransit\ViewModels\TimetableViewModel.cs(28,23): warning CS8602: Dereference of a possibly null reference. [C:\Users\ASUS LAPTOP\Desktop\UTS\Mobile App\Assignment\UTS-Transit\UTSTransit\UTSTransit\UTSTransit.csproj::TargetFramework=net9.0-maccatalyst]
C:\Users\ASUS LAPTOP\Desktop\UTS\Mobile App\Assignment\UTS-Transit\UTSTransit\UTSTransit\ViewModels\TimetableViewModel.cs(28,23): warning CS8602: Dereference of a possibly null reference. [C:\Users\ASUS LAPTOP\Desktop\UTS\Mobile App\Assignment\UTS-Transit\UTSTransit\UTSTransit\UTSTransit.csproj::TargetFramework=net9.0-maccatalyst]
C:\Users\ASUS LAPTOP\Desktop\UTS\Mobile App\Assignment\UTS-Transit\UTSTransit\UTSTransit\ViewModels\TimetableViewModel.cs(33,23): warning CS8602: Dereference of a possibly null reference. [C:\Users\ASUS LAPTOP\Desktop\UTS\Mobile App\Assignment\UTS-Transit\UTSTransit\UTSTransit\UTSTransit.csproj::TargetFramework=net9.0-maccatalyst]
C:\Users\ASUS LAPTOP\Desktop\UTS\Mobile App\Assignment\UTS-Transit\UTSTransit\UTSTransit\ViewModels\TimetableViewModel.cs(33,23): warning CS8602: Dereference of a possibly null reference. [C:\Users\ASUS LAPTOP\Desktop\UTS\Mobile App\Assignment\UTS-Transit\UTSTransit\UTSTransit\UTSTransit.csproj::TargetFramework=net9.0-maccatalyst]
C:\Users\ASUS LAPTOP\Desktop\UTS\Mobile App\Assignment\UTS-Transit\UTSTransit\UTSTransit\Services\TransitService.cs(103,54): warning CS8602: Dereference of a possibly null reference. [C:\Users\ASUS LAPTOP\Desktop\UTS\Mobile App\Assignment\UTS-Transit\UTSTransit\UTSTransit\UTSTransit.csproj::TargetFramework=net9.0-maccatalyst]
C:\Users\ASUS LAPTOP\Desktop\UTS\Mobile App\Assignment\UTS-Transit\UTSTransit\UTSTransit\Services\TransitService.cs(103,54): warning CS8604: Possible null reference argument for parameter 'input' in 'Guid Guid.Parse(string input)'. [C:\Users\ASUS LAPTOP\Desktop\UTS\Mobile App\Assignment\UTS-Transit\UTSTransit\UTSTransit\UTSTransit.csproj::TargetFramework=net9.0-maccatalyst]
C:\Users\ASUS LAPTOP\Desktop\UTS\Mobile App\Assignment\UTS-Transit\UTSTransit\UTSTransit\Services\TransitService.cs(141,46): warning CS8604: Possible null reference argument for parameter 'input' in 'Guid Guid.Parse(string input)'. [C:\Users\ASUS LAPTOP\Desktop\UTS\Mobile App\Assignment\UTS-Transit\UTSTransit\UTSTransit\UTSTransit.csproj::TargetFramework=net9.0-maccatalyst]
C:\Users\ASUS LAPTOP\Desktop\UTS\Mobile App\Assignment\UTS-Transit\UTSTransit\UTSTransit\Models\RouteInfo.cs(8,23): warning CS8618: Non-nullable property 'Name' must contain a non-null value when exiting constructor. Consider adding the 'required' modifier or declaring the property as nullable. [C:\Users\ASUS LAPTOP\Desktop\UTS\Mobile App\Assignment\UTS-Transit\UTSTransit\UTSTransit\UTSTransit.csproj::TargetFramework=net9.0-maccatalyst]
C:\Users\ASUS LAPTOP\Desktop\UTS\Mobile App\Assignment\UTS-Transit\UTSTransit\UTSTransit\Models\RouteInfo.cs(9,22): warning CS8618: Non-nullable property 'RouteColor' must contain a non-null value when exiting constructor. Consider adding the 'required' modifier or declaring the property as nullable. [C:\Users\ASUS LAPTOP\Desktop\UTS\Mobile App\Assignment\UTS-Transit\UTSTransit\UTSTransit\UTSTransit.csproj::TargetFramework=net9.0-maccatalyst]
C:\Users\ASUS LAPTOP\Desktop\UTS\Mobile App\Assignment\UTS-Transit\UTSTransit\UTSTransit\Models\RouteInfo.cs(10,31): warning CS8618: Non-nullable property 'Coordinates' must contain a non-null value when exiting constructor. Consider adding the 'required' modifier or declaring the property as nullable. [C:\Users\ASUS LAPTOP\Desktop\UTS\Mobile App\Assignment\UTS-Transit\UTSTransit\UTSTransit\UTSTransit.csproj::TargetFramework=net9.0-maccatalyst]
C:\Users\ASUS LAPTOP\Desktop\UTS\Mobile App\Assignment\UTS-Transit\UTSTransit\UTSTransit\Views\HomePage.xaml.cs(21,26): error CS1061: 'HomePageViewModel' does not contain a definition for 'LoadProfileData' and no accessible extension method 'LoadProfileData' accepting a first argument of type 'HomePageViewModel' could be found (are you missing a using directive or an assembly reference?) [C:\Users\ASUS LAPTOP\Desktop\UTS\Mobile App\Assignment\UTS-Transit\UTSTransit\UTSTransit\UTSTransit.csproj::TargetFramework=net9.0-maccatalyst]
C:\Users\ASUS LAPTOP\Desktop\UTS\Mobile App\Assignment\UTS-Transit\UTSTransit\UTSTransit\ViewModels\DriverViewModel.cs(45,16): warning CS8618: Non-nullable field '_selectedScheduleItem' must contain a non-null value when exiting constructor. Consider adding the 'required' modifier or declaring the field as nullable. [C:\Users\ASUS LAPTOP\Desktop\UTS\Mobile App\Assignment\UTS-Transit\UTSTransit\UTSTransit\UTSTransit.csproj::TargetFramework=net9.0-maccatalyst]
C:\Users\ASUS LAPTOP\Desktop\UTS\Mobile App\Assignment\UTS-Transit\UTSTransit\UTSTransit\Services\TransitService.cs(210,24): warning CS8603: Possible null reference return. [C:\Users\ASUS LAPTOP\Desktop\UTS\Mobile App\Assignment\UTS-Transit\UTSTransit\UTSTransit\UTSTransit.csproj::TargetFramework=net9.0-maccatalyst]
C:\Users\ASUS LAPTOP\Desktop\UTS\Mobile App\Assignment\UTS-Transit\UTSTransit\UTSTransit\Views\HomePage.xaml.cs(38,13): error CS0103: The name 'BusImage' does not exist in the current context [C:\Users\ASUS LAPTOP\Desktop\UTS\Mobile App\Assignment\UTS-Transit\UTSTransit\UTSTransit\UTSTransit.csproj::TargetFramework=net9.0-maccatalyst]
C:\Users\ASUS LAPTOP\Desktop\UTS\Mobile App\Assignment\UTS-Transit\UTSTransit\UTSTransit\Views\HomePage.xaml.cs(39,13): error CS0103: The name 'StopSign' does not exist in the current context [C:\Users\ASUS LAPTOP\Desktop\UTS\Mobile App\Assignment\UTS-Transit\UTSTransit\UTSTransit\UTSTransit.csproj::TargetFramework=net9.0-maccatalyst]
C:\Users\ASUS LAPTOP\Desktop\UTS\Mobile App\Assignment\UTS-Transit\UTSTransit\UTSTransit\Views\HomePage.xaml.cs(40,13): error CS0103: The name 'ZzzText' does not exist in the current context [C:\Users\ASUS LAPTOP\Desktop\UTS\Mobile App\Assignment\UTS-Transit\UTSTransit\UTSTransit\UTSTransit.csproj::TargetFramework=net9.0-maccatalyst]
C:\Users\ASUS LAPTOP\Desktop\UTS\Mobile App\Assignment\UTS-Transit\UTSTransit\UTSTransit\Views\HomePage.xaml.cs(41,13): error CS0103: The name 'BusImage' does not exist in the current context [C:\Users\ASUS LAPTOP\Desktop\UTS\Mobile App\Assignment\UTS-Transit\UTSTransit\UTSTransit\UTSTransit.csproj::TargetFramework=net9.0-maccatalyst]
C:\Users\ASUS LAPTOP\Desktop\UTS\Mobile App\Assignment\UTS-Transit\UTSTransit\UTSTransit\Views\HomePage.xaml.cs(42,13): error CS0103: The name 'BusImage' does not exist in the current context [C:\Users\ASUS LAPTOP\Desktop\UTS\Mobile App\Assignment\UTS-Transit\UTSTransit\UTSTransit\UTSTransit.csproj::TargetFramework=net9.0-maccatalyst]
C:\Users\ASUS LAPTOP\Desktop\UTS\Mobile App\Assignment\UTS-Transit\UTSTransit\UTSTransit\Views\HomePage.xaml.cs(53,21): error CS0103: The name 'BusImage' does not exist in the current context [C:\Users\ASUS LAPTOP\Desktop\UTS\Mobile App\Assignment\UTS-Transit\UTSTransit\UTSTransit\UTSTransit.csproj::TargetFramework=net9.0-maccatalyst]
C:\Users\ASUS LAPTOP\Desktop\UTS\Mobile App\Assignment\UTS-Transit\UTSTransit\UTSTransit\Views\HomePage.xaml.cs(54,21): error CS0103: The name 'ZzzText' does not exist in the current context [C:\Users\ASUS LAPTOP\Desktop\UTS\Mobile App\Assignment\UTS-Transit\UTSTransit\UTSTransit\UTSTransit.csproj::TargetFramework=net9.0-maccatalyst]
C:\Users\ASUS LAPTOP\Desktop\UTS\Mobile App\Assignment\UTS-Transit\UTSTransit\UTSTransit\Views\HomePage.xaml.cs(59,21): error CS0103: The name 'BusImage' does not exist in the current context [C:\Users\ASUS LAPTOP\Desktop\UTS\Mobile App\Assignment\UTS-Transit\UTSTransit\UTSTransit\UTSTransit.csproj::TargetFramework=net9.0-maccatalyst]
C:\Users\ASUS LAPTOP\Desktop\UTS\Mobile App\Assignment\UTS-Transit\UTSTransit\UTSTransit\Views\HomePage.xaml.cs(60,21): error CS0103: The name 'StopSign' does not exist in the current context [C:\Users\ASUS LAPTOP\Desktop\UTS\Mobile App\Assignment\UTS-Transit\UTSTransit\UTSTransit\UTSTransit.csproj::TargetFramework=net9.0-maccatalyst]
C:\Users\ASUS LAPTOP\Desktop\UTS\Mobile App\Assignment\UTS-Transit\UTSTransit\UTSTransit\Views\HomePage.xaml.cs(63,21): error CS0103: The name 'BusImage' does not exist in the current context [C:\Users\ASUS LAPTOP\Desktop\UTS\Mobile App\Assignment\UTS-Transit\UTSTransit\UTSTransit\UTSTransit.csproj::TargetFramework=net9.0-maccatalyst]
C:\Users\ASUS LAPTOP\Desktop\UTS\Mobile App\Assignment\UTS-Transit\UTSTransit\UTSTransit\Views\HomePage.xaml.cs(64,21): error CS0103: The name 'BusImage' does not exist in the current context [C:\Users\ASUS LAPTOP\Desktop\UTS\Mobile App\Assignment\UTS-Transit\UTSTransit\UTSTransit\UTSTransit.csproj::TargetFramework=net9.0-maccatalyst]
C:\Users\ASUS LAPTOP\Desktop\UTS\Mobile App\Assignment\UTS-Transit\UTSTransit\UTSTransit\Views\HomePage.xaml.cs(73,17): error CS0103: The name 'BusImage' does not exist in the current context [C:\Users\ASUS LAPTOP\Desktop\UTS\Mobile App\Assignment\UTS-Transit\UTSTransit\UTSTransit\UTSTransit.csproj::TargetFramework=net9.0-maccatalyst]
C:\Users\ASUS LAPTOP\Desktop\UTS\Mobile App\Assignment\UTS-Transit\UTSTransit\UTSTransit\Views\HomePage.xaml.cs(74,23): error CS0103: The name 'BusImage' does not exist in the current context [C:\Users\ASUS LAPTOP\Desktop\UTS\Mobile App\Assignment\UTS-Transit\UTSTransit\UTSTransit\UTSTransit.csproj::TargetFramework=net9.0-maccatalyst]
C:\Users\ASUS LAPTOP\Desktop\UTS\Mobile App\Assignment\UTS-Transit\UTSTransit\UTSTransit\Views\HomePage.xaml.cs(81,20): error CS0103: The name 'ZzzText' does not exist in the current context [C:\Users\ASUS LAPTOP\Desktop\UTS\Mobile App\Assignment\UTS-Transit\UTSTransit\UTSTransit\UTSTransit.csproj::TargetFramework=net9.0-maccatalyst]
C:\Users\ASUS LAPTOP\Desktop\UTS\Mobile App\Assignment\UTS-Transit\UTSTransit\UTSTransit\Views\HomePage.xaml.cs(83,23): error CS0103: The name 'ZzzText' does not exist in the current context [C:\Users\ASUS LAPTOP\Desktop\UTS\Mobile App\Assignment\UTS-Transit\UTSTransit\UTSTransit\UTSTransit.csproj::TargetFramework=net9.0-maccatalyst]
C:\Users\ASUS LAPTOP\Desktop\UTS\Mobile App\Assignment\UTS-Transit\UTSTransit\UTSTransit\Views\HomePage.xaml.cs(84,23): error CS0103: The name 'ZzzText' does not exist in the current context [C:\Users\ASUS LAPTOP\Desktop\UTS\Mobile App\Assignment\UTS-Transit\UTSTransit\UTSTransit\UTSTransit.csproj::TargetFramework=net9.0-maccatalyst]
C:\Users\ASUS LAPTOP\Desktop\UTS\Mobile App\Assignment\UTS-Transit\UTSTransit\UTSTransit\Services\TransitService.cs(251,28): warning CS8601: Possible null reference assignment. [C:\Users\ASUS LAPTOP\Desktop\UTS\Mobile App\Assignment\UTS-Transit\UTSTransit\UTSTransit\UTSTransit.csproj::TargetFramework=net9.0-maccatalyst]
C:\Users\ASUS LAPTOP\Desktop\UTS\Mobile App\Assignment\UTS-Transit\UTSTransit\UTSTransit\ViewModels\DriverViewModel.cs(155,30): warning CS0168: The variable 'ex' is declared but never used [C:\Users\ASUS LAPTOP\Desktop\UTS\Mobile App\Assignment\UTS-Transit\UTSTransit\UTSTransit\UTSTransit.csproj::TargetFramework=net9.0-maccatalyst]
C:\Users\ASUS LAPTOP\Desktop\UTS\Mobile App\Assignment\UTS-Transit\UTSTransit\UTSTransit\Services\TransitService.cs(300,55): warning CS1998: This async method lacks 'await' operators and will run synchronously. Consider using the 'await' operator to await non-blocking API calls, or 'await Task.Run(...)' to do CPU-bound work on a background thread. [C:\Users\ASUS LAPTOP\Desktop\UTS\Mobile App\Assignment\UTS-Transit\UTSTransit\UTSTransit\UTSTransit.csproj::TargetFramework=net9.0-maccatalyst]
C:\Users\ASUS LAPTOP\Desktop\UTS\Mobile App\Assignment\UTS-Transit\UTSTransit\UTSTransit\ViewModels\ProfileViewModel.cs(23,16): warning CS8618: Non-nullable field '_fullName' must contain a non-null value when exiting constructor. Consider adding the 'required' modifier or declaring the field as nullable. [C:\Users\ASUS LAPTOP\Desktop\UTS\Mobile App\Assignment\UTS-Transit\UTSTransit\UTSTransit\UTSTransit.csproj::TargetFramework=net9.0-maccatalyst]
C:\Users\ASUS LAPTOP\Desktop\UTS\Mobile App\Assignment\UTS-Transit\UTSTransit\UTSTransit\ViewModels\ProfileViewModel.cs(23,16): warning CS8618: Non-nullable field '_role' must contain a non-null value when exiting constructor. Consider adding the 'required' modifier or declaring the field as nullable. [C:\Users\ASUS LAPTOP\Desktop\UTS\Mobile App\Assignment\UTS-Transit\UTSTransit\UTSTransit\UTSTransit.csproj::TargetFramework=net9.0-maccatalyst]
C:\Users\ASUS LAPTOP\Desktop\UTS\Mobile App\Assignment\UTS-Transit\UTSTransit\UTSTransit\ViewModels\HomePageViewModel.cs(9,41): warning CS8618: Non-nullable field '_transitService' must contain a non-null value when exiting constructor. Consider adding the 'required' modifier or declaring the field as nullable. [C:\Users\ASUS LAPTOP\Desktop\UTS\Mobile App\Assignment\UTS-Transit\UTSTransit\UTSTransit\UTSTransit.csproj::TargetFramework=net9.0-maccatalyst]
C:\Users\ASUS LAPTOP\Desktop\UTS\Mobile App\Assignment\UTS-Transit\UTSTransit\UTSTransit\ViewModels\HomePageViewModel.cs(9,41): warning CS0169: The field 'HomePageViewModel._transitService' is never used [C:\Users\ASUS LAPTOP\Desktop\UTS\Mobile App\Assignment\UTS-Transit\UTSTransit\UTSTransit\UTSTransit.csproj::TargetFramework=net9.0-maccatalyst]
C:\Users\ASUS LAPTOP\Desktop\UTS\Mobile App\Assignment\UTS-Transit\UTSTransit\UTSTransit\Services\TransitService.cs(61,160): warning CS8625: Cannot convert null literal to non-nullable reference type. [C:\Users\ASUS LAPTOP\Desktop\UTS\Mobile App\Assignment\UTS-Transit\UTSTransit\UTSTransit\UTSTransit.csproj::TargetFramework=net9.0-ios]
C:\Users\ASUS LAPTOP\Desktop\UTS\Mobile App\Assignment\UTS-Transit\UTSTransit\UTSTransit\Services\TransitService.cs(61,184): warning CS8625: Cannot convert null literal to non-nullable reference type. [C:\Users\ASUS LAPTOP\Desktop\UTS\Mobile App\Assignment\UTS-Transit\UTSTransit\UTSTransit\UTSTransit.csproj::TargetFramework=net9.0-ios]
C:\Users\ASUS LAPTOP\Desktop\UTS\Mobile App\Assignment\UTS-Transit\UTSTransit\UTSTransit\Models\RouteInfo.cs(8,23): warning CS8618: Non-nullable property 'Name' must contain a non-null value when exiting constructor. Consider adding the 'required' modifier or declaring the property as nullable. [C:\Users\ASUS LAPTOP\Desktop\UTS\Mobile App\Assignment\UTS-Transit\UTSTransit\UTSTransit\UTSTransit.csproj::TargetFramework=net9.0-ios]
C:\Users\ASUS LAPTOP\Desktop\UTS\Mobile App\Assignment\UTS-Transit\UTSTransit\UTSTransit\Models\RouteInfo.cs(9,22): warning CS8618: Non-nullable property 'RouteColor' must contain a non-null value when exiting constructor. Consider adding the 'required' modifier or declaring the property as nullable. [C:\Users\ASUS LAPTOP\Desktop\UTS\Mobile App\Assignment\UTS-Transit\UTSTransit\UTSTransit\UTSTransit.csproj::TargetFramework=net9.0-ios]
C:\Users\ASUS LAPTOP\Desktop\UTS\Mobile App\Assignment\UTS-Transit\UTSTransit\UTSTransit\Models\RouteInfo.cs(10,31): warning CS8618: Non-nullable property 'Coordinates' must contain a non-null value when exiting constructor. Consider adding the 'required' modifier or declaring the property as nullable. [C:\Users\ASUS LAPTOP\Desktop\UTS\Mobile App\Assignment\UTS-Transit\UTSTransit\UTSTransit\UTSTransit.csproj::TargetFramework=net9.0-ios]
C:\Users\ASUS LAPTOP\Desktop\UTS\Mobile App\Assignment\UTS-Transit\UTSTransit\UTSTransit\ViewModels\DriverViewModel.cs(45,16): warning CS8618: Non-nullable field '_selectedScheduleItem' must contain a non-null value when exiting constructor. Consider adding the 'required' modifier or declaring the field as nullable. [C:\Users\ASUS LAPTOP\Desktop\UTS\Mobile App\Assignment\UTS-Transit\UTSTransit\UTSTransit\UTSTransit.csproj::TargetFramework=net9.0-ios]
C:\Users\ASUS LAPTOP\Desktop\UTS\Mobile App\Assignment\UTS-Transit\UTSTransit\UTSTransit\ViewModels\TimetableViewModel.cs(28,23): warning CS0618: 'Application.MainPage.get' is obsolete: 'This property has been deprecated. For single-window applications, use Windows[0].Page. For multi-window applications, identify and use the appropriate Window object to access the desired Page. Additionally, each element features a Window property, accessible when it's part of the current window.' [C:\Users\ASUS LAPTOP\Desktop\UTS\Mobile App\Assignment\UTS-Transit\UTSTransit\UTSTransit\UTSTransit.csproj::TargetFramework=net9.0-ios]
C:\Users\ASUS LAPTOP\Desktop\UTS\Mobile App\Assignment\UTS-Transit\UTSTransit\UTSTransit\ViewModels\TimetableViewModel.cs(33,23): warning CS0618: 'Application.MainPage.get' is obsolete: 'This property has been deprecated. For single-window applications, use Windows[0].Page. For multi-window applications, identify and use the appropriate Window object to access the desired Page. Additionally, each element features a Window property, accessible when it's part of the current window.' [C:\Users\ASUS LAPTOP\Desktop\UTS\Mobile App\Assignment\UTS-Transit\UTSTransit\UTSTransit\UTSTransit.csproj::TargetFramework=net9.0-ios]
C:\Users\ASUS LAPTOP\Desktop\UTS\Mobile App\Assignment\UTS-Transit\UTSTransit\UTSTransit\ViewModels\TimetableViewModel.cs(28,23): warning CS8602: Dereference of a possibly null reference. [C:\Users\ASUS LAPTOP\Desktop\UTS\Mobile App\Assignment\UTS-Transit\UTSTransit\UTSTransit\UTSTransit.csproj::TargetFramework=net9.0-ios]
C:\Users\ASUS LAPTOP\Desktop\UTS\Mobile App\Assignment\UTS-Transit\UTSTransit\UTSTransit\ViewModels\TimetableViewModel.cs(28,23): warning CS8602: Dereference of a possibly null reference. [C:\Users\ASUS LAPTOP\Desktop\UTS\Mobile App\Assignment\UTS-Transit\UTSTransit\UTSTransit\UTSTransit.csproj::TargetFramework=net9.0-ios]
C:\Users\ASUS LAPTOP\Desktop\UTS\Mobile App\Assignment\UTS-Transit\UTSTransit\UTSTransit\ViewModels\TimetableViewModel.cs(33,23): warning CS8602: Dereference of a possibly null reference. [C:\Users\ASUS LAPTOP\Desktop\UTS\Mobile App\Assignment\UTS-Transit\UTSTransit\UTSTransit\UTSTransit.csproj::TargetFramework=net9.0-ios]
C:\Users\ASUS LAPTOP\Desktop\UTS\Mobile App\Assignment\UTS-Transit\UTSTransit\UTSTransit\ViewModels\TimetableViewModel.cs(33,23): warning CS8602: Dereference of a possibly null reference. [C:\Users\ASUS LAPTOP\Desktop\UTS\Mobile App\Assignment\UTS-Transit\UTSTransit\UTSTransit\UTSTransit.csproj::TargetFramework=net9.0-ios]
C:\Users\ASUS LAPTOP\Desktop\UTS\Mobile App\Assignment\UTS-Transit\UTSTransit\UTSTransit\ViewModels\DriverViewModel.cs(155,30): warning CS0168: The variable 'ex' is declared but never used [C:\Users\ASUS LAPTOP\Desktop\UTS\Mobile App\Assignment\UTS-Transit\UTSTransit\UTSTransit\UTSTransit.csproj::TargetFramework=net9.0-ios]
C:\Users\ASUS LAPTOP\Desktop\UTS\Mobile App\Assignment\UTS-Transit\UTSTransit\UTSTransit\Services\TransitService.cs(103,54): warning CS8602: Dereference of a possibly null reference. [C:\Users\ASUS LAPTOP\Desktop\UTS\Mobile App\Assignment\UTS-Transit\UTSTransit\UTSTransit\UTSTransit.csproj::TargetFramework=net9.0-ios]
C:\Users\ASUS LAPTOP\Desktop\UTS\Mobile App\Assignment\UTS-Transit\UTSTransit\UTSTransit\Services\TransitService.cs(103,54): warning CS8604: Possible null reference argument for parameter 'input' in 'Guid Guid.Parse(string input)'. [C:\Users\ASUS LAPTOP\Desktop\UTS\Mobile App\Assignment\UTS-Transit\UTSTransit\UTSTransit\UTSTransit.csproj::TargetFramework=net9.0-ios]
C:\Users\ASUS LAPTOP\Desktop\UTS\Mobile App\Assignment\UTS-Transit\UTSTransit\UTSTransit\Services\TransitService.cs(141,46): warning CS8604: Possible null reference argument for parameter 'input' in 'Guid Guid.Parse(string input)'. [C:\Users\ASUS LAPTOP\Desktop\UTS\Mobile App\Assignment\UTS-Transit\UTSTransit\UTSTransit\UTSTransit.csproj::TargetFramework=net9.0-ios]
C:\Users\ASUS LAPTOP\Desktop\UTS\Mobile App\Assignment\UTS-Transit\UTSTransit\UTSTransit\Services\TransitService.cs(210,24): warning CS8603: Possible null reference return. [C:\Users\ASUS LAPTOP\Desktop\UTS\Mobile App\Assignment\UTS-Transit\UTSTransit\UTSTransit\UTSTransit.csproj::TargetFramework=net9.0-ios]
C:\Users\ASUS LAPTOP\Desktop\UTS\Mobile App\Assignment\UTS-Transit\UTSTransit\UTSTransit\Views\HomePage.xaml.cs(21,26): error CS1061: 'HomePageViewModel' does not contain a definition for 'LoadProfileData' and no accessible extension method 'LoadProfileData' accepting a first argument of type 'HomePageViewModel' could be found (are you missing a using directive or an assembly reference?) [C:\Users\ASUS LAPTOP\Desktop\UTS\Mobile App\Assignment\UTS-Transit\UTSTransit\UTSTransit\UTSTransit.csproj::TargetFramework=net9.0-ios]
C:\Users\ASUS LAPTOP\Desktop\UTS\Mobile App\Assignment\UTS-Transit\UTSTransit\UTSTransit\Views\HomePage.xaml.cs(38,13): error CS0103: The name 'BusImage' does not exist in the current context [C:\Users\ASUS LAPTOP\Desktop\UTS\Mobile App\Assignment\UTS-Transit\UTSTransit\UTSTransit\UTSTransit.csproj::TargetFramework=net9.0-ios]
C:\Users\ASUS LAPTOP\Desktop\UTS\Mobile App\Assignment\UTS-Transit\UTSTransit\UTSTransit\Views\HomePage.xaml.cs(39,13): error CS0103: The name 'StopSign' does not exist in the current context [C:\Users\ASUS LAPTOP\Desktop\UTS\Mobile App\Assignment\UTS-Transit\UTSTransit\UTSTransit\UTSTransit.csproj::TargetFramework=net9.0-ios]
C:\Users\ASUS LAPTOP\Desktop\UTS\Mobile App\Assignment\UTS-Transit\UTSTransit\UTSTransit\Views\HomePage.xaml.cs(40,13): error CS0103: The name 'ZzzText' does not exist in the current context [C:\Users\ASUS LAPTOP\Desktop\UTS\Mobile App\Assignment\UTS-Transit\UTSTransit\UTSTransit\UTSTransit.csproj::TargetFramework=net9.0-ios]
C:\Users\ASUS LAPTOP\Desktop\UTS\Mobile App\Assignment\UTS-Transit\UTSTransit\UTSTransit\Views\HomePage.xaml.cs(41,13): error CS0103: The name 'BusImage' does not exist in the current context [C:\Users\ASUS LAPTOP\Desktop\UTS\Mobile App\Assignment\UTS-Transit\UTSTransit\UTSTransit\UTSTransit.csproj::TargetFramework=net9.0-ios]
C:\Users\ASUS LAPTOP\Desktop\UTS\Mobile App\Assignment\UTS-Transit\UTSTransit\UTSTransit\Views\HomePage.xaml.cs(42,13): error CS0103: The name 'BusImage' does not exist in the current context [C:\Users\ASUS LAPTOP\Desktop\UTS\Mobile App\Assignment\UTS-Transit\UTSTransit\UTSTransit\UTSTransit.csproj::TargetFramework=net9.0-ios]
C:\Users\ASUS LAPTOP\Desktop\UTS\Mobile App\Assignment\UTS-Transit\UTSTransit\UTSTransit\Views\HomePage.xaml.cs(53,21): error CS0103: The name 'BusImage' does not exist in the current context [C:\Users\ASUS LAPTOP\Desktop\UTS\Mobile App\Assignment\UTS-Transit\UTSTransit\UTSTransit\UTSTransit.csproj::TargetFramework=net9.0-ios]
C:\Users\ASUS LAPTOP\Desktop\UTS\Mobile App\Assignment\UTS-Transit\UTSTransit\UTSTransit\Views\HomePage.xaml.cs(54,21): error CS0103: The name 'ZzzText' does not exist in the current context [C:\Users\ASUS LAPTOP\Desktop\UTS\Mobile App\Assignment\UTS-Transit\UTSTransit\UTSTransit\UTSTransit.csproj::TargetFramework=net9.0-ios]
C:\Users\ASUS LAPTOP\Desktop\UTS\Mobile App\Assignment\UTS-Transit\UTSTransit\UTSTransit\Views\HomePage.xaml.cs(59,21): error CS0103: The name 'BusImage' does not exist in the current context [C:\Users\ASUS LAPTOP\Desktop\UTS\Mobile App\Assignment\UTS-Transit\UTSTransit\UTSTransit\UTSTransit.csproj::TargetFramework=net9.0-ios]
C:\Users\ASUS LAPTOP\Desktop\UTS\Mobile App\Assignment\UTS-Transit\UTSTransit\UTSTransit\Views\HomePage.xaml.cs(60,21): error CS0103: The name 'StopSign' does not exist in the current context [C:\Users\ASUS LAPTOP\Desktop\UTS\Mobile App\Assignment\UTS-Transit\UTSTransit\UTSTransit\UTSTransit.csproj::TargetFramework=net9.0-ios]
C:\Users\ASUS LAPTOP\Desktop\UTS\Mobile App\Assignment\UTS-Transit\UTSTransit\UTSTransit\Views\HomePage.xaml.cs(63,21): error CS0103: The name 'BusImage' does not exist in the current context [C:\Users\ASUS LAPTOP\Desktop\UTS\Mobile App\Assignment\UTS-Transit\UTSTransit\UTSTransit\UTSTransit.csproj::TargetFramework=net9.0-ios]
C:\Users\ASUS LAPTOP\Desktop\UTS\Mobile App\Assignment\UTS-Transit\UTSTransit\UTSTransit\Views\HomePage.xaml.cs(64,21): error CS0103: The name 'BusImage' does not exist in the current context [C:\Users\ASUS LAPTOP\Desktop\UTS\Mobile App\Assignment\UTS-Transit\UTSTransit\UTSTransit\UTSTransit.csproj::TargetFramework=net9.0-ios]
C:\Users\ASUS LAPTOP\Desktop\UTS\Mobile App\Assignment\UTS-Transit\UTSTransit\UTSTransit\Views\HomePage.xaml.cs(73,17): error CS0103: The name 'BusImage' does not exist in the current context [C:\Users\ASUS LAPTOP\Desktop\UTS\Mobile App\Assignment\UTS-Transit\UTSTransit\UTSTransit\UTSTransit.csproj::TargetFramework=net9.0-ios]
C:\Users\ASUS LAPTOP\Desktop\UTS\Mobile App\Assignment\UTS-Transit\UTSTransit\UTSTransit\Views\HomePage.xaml.cs(74,23): error CS0103: The name 'BusImage' does not exist in the current context [C:\Users\ASUS LAPTOP\Desktop\UTS\Mobile App\Assignment\UTS-Transit\UTSTransit\UTSTransit\UTSTransit.csproj::TargetFramework=net9.0-ios]
C:\Users\ASUS LAPTOP\Desktop\UTS\Mobile App\Assignment\UTS-Transit\UTSTransit\UTSTransit\Views\HomePage.xaml.cs(81,20): error CS0103: The name 'ZzzText' does not exist in the current context [C:\Users\ASUS LAPTOP\Desktop\UTS\Mobile App\Assignment\UTS-Transit\UTSTransit\UTSTransit\UTSTransit.csproj::TargetFramework=net9.0-ios]
C:\Users\ASUS LAPTOP\Desktop\UTS\Mobile App\Assignment\UTS-Transit\UTSTransit\UTSTransit\Views\HomePage.xaml.cs(83,23): error CS0103: The name 'ZzzText' does not exist in the current context [C:\Users\ASUS LAPTOP\Desktop\UTS\Mobile App\Assignment\UTS-Transit\UTSTransit\UTSTransit\UTSTransit.csproj::TargetFramework=net9.0-ios]
C:\Users\ASUS LAPTOP\Desktop\UTS\Mobile App\Assignment\UTS-Transit\UTSTransit\UTSTransit\Views\HomePage.xaml.cs(84,23): error CS0103: The name 'ZzzText' does not exist in the current context [C:\Users\ASUS LAPTOP\Desktop\UTS\Mobile App\Assignment\UTS-Transit\UTSTransit\UTSTransit\UTSTransit.csproj::TargetFramework=net9.0-ios]
C:\Users\ASUS LAPTOP\Desktop\UTS\Mobile App\Assignment\UTS-Transit\UTSTransit\UTSTransit\ViewModels\ProfileViewModel.cs(23,16): warning CS8618: Non-nullable field '_fullName' must contain a non-null value when exiting constructor. Consider adding the 'required' modifier or declaring the field as nullable. [C:\Users\ASUS LAPTOP\Desktop\UTS\Mobile App\Assignment\UTS-Transit\UTSTransit\UTSTransit\UTSTransit.csproj::TargetFramework=net9.0-ios]
C:\Users\ASUS LAPTOP\Desktop\UTS\Mobile App\Assignment\UTS-Transit\UTSTransit\UTSTransit\ViewModels\ProfileViewModel.cs(23,16): warning CS8618: Non-nullable field '_role' must contain a non-null value when exiting constructor. Consider adding the 'required' modifier or declaring the field as nullable. [C:\Users\ASUS LAPTOP\Desktop\UTS\Mobile App\Assignment\UTS-Transit\UTSTransit\UTSTransit\UTSTransit.csproj::TargetFramework=net9.0-ios]
C:\Users\ASUS LAPTOP\Desktop\UTS\Mobile App\Assignment\UTS-Transit\UTSTransit\UTSTransit\Services\TransitService.cs(251,28): warning CS8601: Possible null reference assignment. [C:\Users\ASUS LAPTOP\Desktop\UTS\Mobile App\Assignment\UTS-Transit\UTSTransit\UTSTransit\UTSTransit.csproj::TargetFramework=net9.0-ios]
C:\Users\ASUS LAPTOP\Desktop\UTS\Mobile App\Assignment\UTS-Transit\UTSTransit\UTSTransit\Views\MapPage.xaml.cs(20,12): warning CS8618: Non-nullable field '_routesLayer' must contain a non-null value when exiting constructor. Consider adding the 'required' modifier or declaring the field as nullable. [C:\Users\ASUS LAPTOP\Desktop\UTS\Mobile App\Assignment\UTS-Transit\UTSTransit\UTSTransit\UTSTransit.csproj::TargetFramework=net9.0-ios]
C:\Users\ASUS LAPTOP\Desktop\UTS\Mobile App\Assignment\UTS-Transit\UTSTransit\UTSTransit\Services\TransitService.cs(300,55): warning CS1998: This async method lacks 'await' operators and will run synchronously. Consider using the 'await' operator to await non-blocking API calls, or 'await Task.Run(...)' to do CPU-bound work on a background thread. [C:\Users\ASUS LAPTOP\Desktop\UTS\Mobile App\Assignment\UTS-Transit\UTSTransit\UTSTransit\UTSTransit.csproj::TargetFramework=net9.0-ios]
C:\Users\ASUS LAPTOP\Desktop\UTS\Mobile App\Assignment\UTS-Transit\UTSTransit\UTSTransit\ViewModels\HomePageViewModel.cs(9,41): warning CS8618: Non-nullable field '_transitService' must contain a non-null value when exiting constructor. Consider adding the 'required' modifier or declaring the field as nullable. [C:\Users\ASUS LAPTOP\Desktop\UTS\Mobile App\Assignment\UTS-Transit\UTSTransit\UTSTransit\UTSTransit.csproj::TargetFramework=net9.0-ios]
C:\Users\ASUS LAPTOP\Desktop\UTS\Mobile App\Assignment\UTS-Transit\UTSTransit\UTSTransit\ViewModels\HomePageViewModel.cs(9,41): warning CS0169: The field 'HomePageViewModel._transitService' is never used [C:\Users\ASUS LAPTOP\Desktop\UTS\Mobile App\Assignment\UTS-Transit\UTSTransit\UTSTransit\UTSTransit.csproj::TargetFramework=net9.0-ios]
C:\Users\ASUS LAPTOP\Desktop\UTS\Mobile App\Assignment\UTS-Transit\UTSTransit\UTSTransit\Services\TransitService.cs(61,160): warning CS8625: Cannot convert null literal to non-nullable reference type. [C:\Users\ASUS LAPTOP\Desktop\UTS\Mobile App\Assignment\UTS-Transit\UTSTransit\UTSTransit\UTSTransit.csproj::TargetFramework=net9.0-windows10.0.19041.0]
C:\Users\ASUS LAPTOP\Desktop\UTS\Mobile App\Assignment\UTS-Transit\UTSTransit\UTSTransit\Services\TransitService.cs(61,184): warning CS8625: Cannot convert null literal to non-nullable reference type. [C:\Users\ASUS LAPTOP\Desktop\UTS\Mobile App\Assignment\UTS-Transit\UTSTransit\UTSTransit\UTSTransit.csproj::TargetFramework=net9.0-windows10.0.19041.0]
C:\Users\ASUS LAPTOP\Desktop\UTS\Mobile App\Assignment\UTS-Transit\UTSTransit\UTSTransit\Models\RouteInfo.cs(8,23): warning CS8618: Non-nullable property 'Name' must contain a non-null value when exiting constructor. Consider adding the 'required' modifier or declaring the property as nullable. [C:\Users\ASUS LAPTOP\Desktop\UTS\Mobile App\Assignment\UTS-Transit\UTSTransit\UTSTransit\UTSTransit.csproj::TargetFramework=net9.0-windows10.0.19041.0]
C:\Users\ASUS LAPTOP\Desktop\UTS\Mobile App\Assignment\UTS-Transit\UTSTransit\UTSTransit\Models\RouteInfo.cs(9,22): warning CS8618: Non-nullable property 'RouteColor' must contain a non-null value when exiting constructor. Consider adding the 'required' modifier or declaring the property as nullable. [C:\Users\ASUS LAPTOP\Desktop\UTS\Mobile App\Assignment\UTS-Transit\UTSTransit\UTSTransit\UTSTransit.csproj::TargetFramework=net9.0-windows10.0.19041.0]
C:\Users\ASUS LAPTOP\Desktop\UTS\Mobile App\Assignment\UTS-Transit\UTSTransit\UTSTransit\Models\RouteInfo.cs(10,31): warning CS8618: Non-nullable property 'Coordinates' must contain a non-null value when exiting constructor. Consider adding the 'required' modifier or declaring the property as nullable. [C:\Users\ASUS LAPTOP\Desktop\UTS\Mobile App\Assignment\UTS-Transit\UTSTransit\UTSTransit\UTSTransit.csproj::TargetFramework=net9.0-windows10.0.19041.0]
C:\Users\ASUS LAPTOP\Desktop\UTS\Mobile App\Assignment\UTS-Transit\UTSTransit\UTSTransit\ViewModels\DriverViewModel.cs(45,16): warning CS8618: Non-nullable field '_selectedScheduleItem' must contain a non-null value when exiting constructor. Consider adding the 'required' modifier or declaring the field as nullable. [C:\Users\ASUS LAPTOP\Desktop\UTS\Mobile App\Assignment\UTS-Transit\UTSTransit\UTSTransit\UTSTransit.csproj::TargetFramework=net9.0-windows10.0.19041.0]
C:\Users\ASUS LAPTOP\Desktop\UTS\Mobile App\Assignment\UTS-Transit\UTSTransit\UTSTransit\Views\HomePage.xaml.cs(21,26): error CS1061: 'HomePageViewModel' does not contain a definition for 'LoadProfileData' and no accessible extension method 'LoadProfileData' accepting a first argument of type 'HomePageViewModel' could be found (are you missing a using directive or an assembly reference?) [C:\Users\ASUS LAPTOP\Desktop\UTS\Mobile App\Assignment\UTS-Transit\UTSTransit\UTSTransit\UTSTransit.csproj::TargetFramework=net9.0-windows10.0.19041.0]
C:\Users\ASUS LAPTOP\Desktop\UTS\Mobile App\Assignment\UTS-Transit\UTSTransit\UTSTransit\Views\MapPage.xaml.cs(20,12): warning CS8618: Non-nullable field '_routesLayer' must contain a non-null value when exiting constructor. Consider adding the 'required' modifier or declaring the field as nullable. [C:\Users\ASUS LAPTOP\Desktop\UTS\Mobile App\Assignment\UTS-Transit\UTSTransit\UTSTransit\UTSTransit.csproj::TargetFramework=net9.0-windows10.0.19041.0]
C:\Users\ASUS LAPTOP\Desktop\UTS\Mobile App\Assignment\UTS-Transit\UTSTransit\UTSTransit\ViewModels\ProfileViewModel.cs(23,16): warning CS8618: Non-nullable field '_fullName' must contain a non-null value when exiting constructor. Consider adding the 'required' modifier or declaring the field as nullable. [C:\Users\ASUS LAPTOP\Desktop\UTS\Mobile App\Assignment\UTS-Transit\UTSTransit\UTSTransit\UTSTransit.csproj::TargetFramework=net9.0-windows10.0.19041.0]
C:\Users\ASUS LAPTOP\Desktop\UTS\Mobile App\Assignment\UTS-Transit\UTSTransit\UTSTransit\ViewModels\ProfileViewModel.cs(23,16): warning CS8618: Non-nullable field '_role' must contain a non-null value when exiting constructor. Consider adding the 'required' modifier or declaring the field as nullable. [C:\Users\ASUS LAPTOP\Desktop\UTS\Mobile App\Assignment\UTS-Transit\UTSTransit\UTSTransit\UTSTransit.csproj::TargetFramework=net9.0-windows10.0.19041.0]
C:\Users\ASUS LAPTOP\Desktop\UTS\Mobile App\Assignment\UTS-Transit\UTSTransit\UTSTransit\ViewModels\TimetableViewModel.cs(28,23): warning CS0618: 'Application.MainPage.get' is obsolete: 'This property has been deprecated. For single-window applications, use Windows[0].Page. For multi-window applications, identify and use the appropriate Window object to access the desired Page. Additionally, each element features a Window property, accessible when it's part of the current window.' [C:\Users\ASUS LAPTOP\Desktop\UTS\Mobile App\Assignment\UTS-Transit\UTSTransit\UTSTransit\UTSTransit.csproj::TargetFramework=net9.0-windows10.0.19041.0]
C:\Users\ASUS LAPTOP\Desktop\UTS\Mobile App\Assignment\UTS-Transit\UTSTransit\UTSTransit\ViewModels\TimetableViewModel.cs(33,23): warning CS0618: 'Application.MainPage.get' is obsolete: 'This property has been deprecated. For single-window applications, use Windows[0].Page. For multi-window applications, identify and use the appropriate Window object to access the desired Page. Additionally, each element features a Window property, accessible when it's part of the current window.' [C:\Users\ASUS LAPTOP\Desktop\UTS\Mobile App\Assignment\UTS-Transit\UTSTransit\UTSTransit\UTSTransit.csproj::TargetFramework=net9.0-windows10.0.19041.0]
C:\Users\ASUS LAPTOP\Desktop\UTS\Mobile App\Assignment\UTS-Transit\UTSTransit\UTSTransit\ViewModels\TimetableViewModel.cs(28,23): warning CS8602: Dereference of a possibly null reference. [C:\Users\ASUS LAPTOP\Desktop\UTS\Mobile App\Assignment\UTS-Transit\UTSTransit\UTSTransit\UTSTransit.csproj::TargetFramework=net9.0-windows10.0.19041.0]
C:\Users\ASUS LAPTOP\Desktop\UTS\Mobile App\Assignment\UTS-Transit\UTSTransit\UTSTransit\ViewModels\TimetableViewModel.cs(28,23): warning CS8602: Dereference of a possibly null reference. [C:\Users\ASUS LAPTOP\Desktop\UTS\Mobile App\Assignment\UTS-Transit\UTSTransit\UTSTransit\UTSTransit.csproj::TargetFramework=net9.0-windows10.0.19041.0]
C:\Users\ASUS LAPTOP\Desktop\UTS\Mobile App\Assignment\UTS-Transit\UTSTransit\UTSTransit\ViewModels\TimetableViewModel.cs(33,23): warning CS8602: Dereference of a possibly null reference. [C:\Users\ASUS LAPTOP\Desktop\UTS\Mobile App\Assignment\UTS-Transit\UTSTransit\UTSTransit\UTSTransit.csproj::TargetFramework=net9.0-windows10.0.19041.0]
C:\Users\ASUS LAPTOP\Desktop\UTS\Mobile App\Assignment\UTS-Transit\UTSTransit\UTSTransit\ViewModels\TimetableViewModel.cs(33,23): warning CS8602: Dereference of a possibly null reference. [C:\Users\ASUS LAPTOP\Desktop\UTS\Mobile App\Assignment\UTS-Transit\UTSTransit\UTSTransit\UTSTransit.csproj::TargetFramework=net9.0-windows10.0.19041.0]
C:\Users\ASUS LAPTOP\Desktop\UTS\Mobile App\Assignment\UTS-Transit\UTSTransit\UTSTransit\ViewModels\DriverViewModel.cs(155,30): warning CS0168: The variable 'ex' is declared but never used [C:\Users\ASUS LAPTOP\Desktop\UTS\Mobile App\Assignment\UTS-Transit\UTSTransit\UTSTransit\UTSTransit.csproj::TargetFramework=net9.0-windows10.0.19041.0]
C:\Users\ASUS LAPTOP\Desktop\UTS\Mobile App\Assignment\UTS-Transit\UTSTransit\UTSTransit\Views\HomePage.xaml.cs(38,13): error CS0103: The name 'BusImage' does not exist in the current context [C:\Users\ASUS LAPTOP\Desktop\UTS\Mobile App\Assignment\UTS-Transit\UTSTransit\UTSTransit\UTSTransit.csproj::TargetFramework=net9.0-windows10.0.19041.0]
C:\Users\ASUS LAPTOP\Desktop\UTS\Mobile App\Assignment\UTS-Transit\UTSTransit\UTSTransit\Views\HomePage.xaml.cs(39,13): error CS0103: The name 'StopSign' does not exist in the current context [C:\Users\ASUS LAPTOP\Desktop\UTS\Mobile App\Assignment\UTS-Transit\UTSTransit\UTSTransit\UTSTransit.csproj::TargetFramework=net9.0-windows10.0.19041.0]
C:\Users\ASUS LAPTOP\Desktop\UTS\Mobile App\Assignment\UTS-Transit\UTSTransit\UTSTransit\Views\HomePage.xaml.cs(40,13): error CS0103: The name 'ZzzText' does not exist in the current context [C:\Users\ASUS LAPTOP\Desktop\UTS\Mobile App\Assignment\UTS-Transit\UTSTransit\UTSTransit\UTSTransit.csproj::TargetFramework=net9.0-windows10.0.19041.0]
C:\Users\ASUS LAPTOP\Desktop\UTS\Mobile App\Assignment\UTS-Transit\UTSTransit\UTSTransit\Views\HomePage.xaml.cs(41,13): error CS0103: The name 'BusImage' does not exist in the current context [C:\Users\ASUS LAPTOP\Desktop\UTS\Mobile App\Assignment\UTS-Transit\UTSTransit\UTSTransit\UTSTransit.csproj::TargetFramework=net9.0-windows10.0.19041.0]
C:\Users\ASUS LAPTOP\Desktop\UTS\Mobile App\Assignment\UTS-Transit\UTSTransit\UTSTransit\Views\HomePage.xaml.cs(42,13): error CS0103: The name 'BusImage' does not exist in the current context [C:\Users\ASUS LAPTOP\Desktop\UTS\Mobile App\Assignment\UTS-Transit\UTSTransit\UTSTransit\UTSTransit.csproj::TargetFramework=net9.0-windows10.0.19041.0]
C:\Users\ASUS LAPTOP\Desktop\UTS\Mobile App\Assignment\UTS-Transit\UTSTransit\UTSTransit\Views\HomePage.xaml.cs(53,21): error CS0103: The name 'BusImage' does not exist in the current context [C:\Users\ASUS LAPTOP\Desktop\UTS\Mobile App\Assignment\UTS-Transit\UTSTransit\UTSTransit\UTSTransit.csproj::TargetFramework=net9.0-windows10.0.19041.0]
C:\Users\ASUS LAPTOP\Desktop\UTS\Mobile App\Assignment\UTS-Transit\UTSTransit\UTSTransit\Views\HomePage.xaml.cs(54,21): error CS0103: The name 'ZzzText' does not exist in the current context [C:\Users\ASUS LAPTOP\Desktop\UTS\Mobile App\Assignment\UTS-Transit\UTSTransit\UTSTransit\UTSTransit.csproj::TargetFramework=net9.0-windows10.0.19041.0]
C:\Users\ASUS LAPTOP\Desktop\UTS\Mobile App\Assignment\UTS-Transit\UTSTransit\UTSTransit\Views\HomePage.xaml.cs(59,21): error CS0103: The name 'BusImage' does not exist in the current context [C:\Users\ASUS LAPTOP\Desktop\UTS\Mobile App\Assignment\UTS-Transit\UTSTransit\UTSTransit\UTSTransit.csproj::TargetFramework=net9.0-windows10.0.19041.0]
C:\Users\ASUS LAPTOP\Desktop\UTS\Mobile App\Assignment\UTS-Transit\UTSTransit\UTSTransit\Views\HomePage.xaml.cs(60,21): error CS0103: The name 'StopSign' does not exist in the current context [C:\Users\ASUS LAPTOP\Desktop\UTS\Mobile App\Assignment\UTS-Transit\UTSTransit\UTSTransit\UTSTransit.csproj::TargetFramework=net9.0-windows10.0.19041.0]
C:\Users\ASUS LAPTOP\Desktop\UTS\Mobile App\Assignment\UTS-Transit\UTSTransit\UTSTransit\Views\HomePage.xaml.cs(63,21): error CS0103: The name 'BusImage' does not exist in the current context [C:\Users\ASUS LAPTOP\Desktop\UTS\Mobile App\Assignment\UTS-Transit\UTSTransit\UTSTransit\UTSTransit.csproj::TargetFramework=net9.0-windows10.0.19041.0]
C:\Users\ASUS LAPTOP\Desktop\UTS\Mobile App\Assignment\UTS-Transit\UTSTransit\UTSTransit\Views\HomePage.xaml.cs(64,21): error CS0103: The name 'BusImage' does not exist in the current context [C:\Users\ASUS LAPTOP\Desktop\UTS\Mobile App\Assignment\UTS-Transit\UTSTransit\UTSTransit\UTSTransit.csproj::TargetFramework=net9.0-windows10.0.19041.0]
C:\Users\ASUS LAPTOP\Desktop\UTS\Mobile App\Assignment\UTS-Transit\UTSTransit\UTSTransit\Views\HomePage.xaml.cs(73,17): error CS0103: The name 'BusImage' does not exist in the current context [C:\Users\ASUS LAPTOP\Desktop\UTS\Mobile App\Assignment\UTS-Transit\UTSTransit\UTSTransit\UTSTransit.csproj::TargetFramework=net9.0-windows10.0.19041.0]
C:\Users\ASUS LAPTOP\Desktop\UTS\Mobile App\Assignment\UTS-Transit\UTSTransit\UTSTransit\Views\HomePage.xaml.cs(74,23): error CS0103: The name 'BusImage' does not exist in the current context [C:\Users\ASUS LAPTOP\Desktop\UTS\Mobile App\Assignment\UTS-Transit\UTSTransit\UTSTransit\UTSTransit.csproj::TargetFramework=net9.0-windows10.0.19041.0]
C:\Users\ASUS LAPTOP\Desktop\UTS\Mobile App\Assignment\UTS-Transit\UTSTransit\UTSTransit\Views\HomePage.xaml.cs(81,20): error CS0103: The name 'ZzzText' does not exist in the current context [C:\Users\ASUS LAPTOP\Desktop\UTS\Mobile App\Assignment\UTS-Transit\UTSTransit\UTSTransit\UTSTransit.csproj::TargetFramework=net9.0-windows10.0.19041.0]
C:\Users\ASUS LAPTOP\Desktop\UTS\Mobile App\Assignment\UTS-Transit\UTSTransit\UTSTransit\Views\HomePage.xaml.cs(83,23): error CS0103: The name 'ZzzText' does not exist in the current context [C:\Users\ASUS LAPTOP\Desktop\UTS\Mobile App\Assignment\UTS-Transit\UTSTransit\UTSTransit\UTSTransit.csproj::TargetFramework=net9.0-windows10.0.19041.0]
C:\Users\ASUS LAPTOP\Desktop\UTS\Mobile App\Assignment\UTS-Transit\UTSTransit\UTSTransit\Views\HomePage.xaml.cs(84,23): error CS0103: The name 'ZzzText' does not exist in the current context [C:\Users\ASUS LAPTOP\Desktop\UTS\Mobile App\Assignment\UTS-Transit\UTSTransit\UTSTransit\UTSTransit.csproj::TargetFramework=net9.0-windows10.0.19041.0]
C:\Users\ASUS LAPTOP\Desktop\UTS\Mobile App\Assignment\UTS-Transit\UTSTransit\UTSTransit\Services\TransitService.cs(103,54): warning CS8602: Dereference of a possibly null reference. [C:\Users\ASUS LAPTOP\Desktop\UTS\Mobile App\Assignment\UTS-Transit\UTSTransit\UTSTransit\UTSTransit.csproj::TargetFramework=net9.0-windows10.0.19041.0]
C:\Users\ASUS LAPTOP\Desktop\UTS\Mobile App\Assignment\UTS-Transit\UTSTransit\UTSTransit\Services\TransitService.cs(103,54): warning CS8604: Possible null reference argument for parameter 'input' in 'Guid Guid.Parse(string input)'. [C:\Users\ASUS LAPTOP\Desktop\UTS\Mobile App\Assignment\UTS-Transit\UTSTransit\UTSTransit\UTSTransit.csproj::TargetFramework=net9.0-windows10.0.19041.0]
C:\Users\ASUS LAPTOP\Desktop\UTS\Mobile App\Assignment\UTS-Transit\UTSTransit\UTSTransit\Services\TransitService.cs(141,46): warning CS8604: Possible null reference argument for parameter 'input' in 'Guid Guid.Parse(string input)'. [C:\Users\ASUS LAPTOP\Desktop\UTS\Mobile App\Assignment\UTS-Transit\UTSTransit\UTSTransit\UTSTransit.csproj::TargetFramework=net9.0-windows10.0.19041.0]
C:\Users\ASUS LAPTOP\Desktop\UTS\Mobile App\Assignment\UTS-Transit\UTSTransit\UTSTransit\ViewModels\HomePageViewModel.cs(9,41): warning CS8618: Non-nullable field '_transitService' must contain a non-null value when exiting constructor. Consider adding the 'required' modifier or declaring the field as nullable. [C:\Users\ASUS LAPTOP\Desktop\UTS\Mobile App\Assignment\UTS-Transit\UTSTransit\UTSTransit\UTSTransit.csproj::TargetFramework=net9.0-windows10.0.19041.0]
C:\Users\ASUS LAPTOP\Desktop\UTS\Mobile App\Assignment\UTS-Transit\UTSTransit\UTSTransit\Services\TransitService.cs(210,24): warning CS8603: Possible null reference return. [C:\Users\ASUS LAPTOP\Desktop\UTS\Mobile App\Assignment\UTS-Transit\UTSTransit\UTSTransit\UTSTransit.csproj::TargetFramework=net9.0-windows10.0.19041.0]
C:\Users\ASUS LAPTOP\Desktop\UTS\Mobile App\Assignment\UTS-Transit\UTSTransit\UTSTransit\Services\TransitService.cs(251,28): warning CS8601: Possible null reference assignment. [C:\Users\ASUS LAPTOP\Desktop\UTS\Mobile App\Assignment\UTS-Transit\UTSTransit\UTSTransit\UTSTransit.csproj::TargetFramework=net9.0-windows10.0.19041.0]
C:\Users\ASUS LAPTOP\Desktop\UTS\Mobile App\Assignment\UTS-Transit\UTSTransit\UTSTransit\Services\TransitService.cs(300,55): warning CS1998: This async method lacks 'await' operators and will run synchronously. Consider using the 'await' operator to await non-blocking API calls, or 'await Task.Run(...)' to do CPU-bound work on a background thread. [C:\Users\ASUS LAPTOP\Desktop\UTS\Mobile App\Assignment\UTS-Transit\UTSTransit\UTSTransit\UTSTransit.csproj::TargetFramework=net9.0-windows10.0.19041.0]
C:\Users\ASUS LAPTOP\Desktop\UTS\Mobile App\Assignment\UTS-Transit\UTSTransit\UTSTransit\ViewModels\HomePageViewModel.cs(9,41): warning CS0169: The field 'HomePageViewModel._transitService' is never used [C:\Users\ASUS LAPTOP\Desktop\UTS\Mobile App\Assignment\UTS-Transit\UTSTransit\UTSTransit\UTSTransit.csproj::TargetFramework=net9.0-windows10.0.19041.0]
C:\Users\ASUS LAPTOP\Desktop\UTS\Mobile App\Assignment\UTS-Transit\UTSTransit\UTSTransit\Services\TransitService.cs(61,160): warning CS8625: Cannot convert null literal to non-nullable reference type. [C:\Users\ASUS LAPTOP\Desktop\UTS\Mobile App\Assignment\UTS-Transit\UTSTransit\UTSTransit\UTSTransit.csproj::TargetFramework=net9.0-android]
C:\Users\ASUS LAPTOP\Desktop\UTS\Mobile App\Assignment\UTS-Transit\UTSTransit\UTSTransit\Services\TransitService.cs(61,184): warning CS8625: Cannot convert null literal to non-nullable reference type. [C:\Users\ASUS LAPTOP\Desktop\UTS\Mobile App\Assignment\UTS-Transit\UTSTransit\UTSTransit\UTSTransit.csproj::TargetFramework=net9.0-android]
C:\Users\ASUS LAPTOP\Desktop\UTS\Mobile App\Assignment\UTS-Transit\UTSTransit\UTSTransit\Views\MapPage.xaml.cs(20,12): warning CS8618: Non-nullable field '_routesLayer' must contain a non-null value when exiting constructor. Consider adding the 'required' modifier or declaring the field as nullable. [C:\Users\ASUS LAPTOP\Desktop\UTS\Mobile App\Assignment\UTS-Transit\UTSTransit\UTSTransit\UTSTransit.csproj::TargetFramework=net9.0-android]
C:\Users\ASUS LAPTOP\Desktop\UTS\Mobile App\Assignment\UTS-Transit\UTSTransit\UTSTransit\Models\RouteInfo.cs(8,23): warning CS8618: Non-nullable property 'Name' must contain a non-null value when exiting constructor. Consider adding the 'required' modifier or declaring the property as nullable. [C:\Users\ASUS LAPTOP\Desktop\UTS\Mobile App\Assignment\UTS-Transit\UTSTransit\UTSTransit\UTSTransit.csproj::TargetFramework=net9.0-android]
C:\Users\ASUS LAPTOP\Desktop\UTS\Mobile App\Assignment\UTS-Transit\UTSTransit\UTSTransit\Models\RouteInfo.cs(9,22): warning CS8618: Non-nullable property 'RouteColor' must contain a non-null value when exiting constructor. Consider adding the 'required' modifier or declaring the property as nullable. [C:\Users\ASUS LAPTOP\Desktop\UTS\Mobile App\Assignment\UTS-Transit\UTSTransit\UTSTransit\UTSTransit.csproj::TargetFramework=net9.0-android]
C:\Users\ASUS LAPTOP\Desktop\UTS\Mobile App\Assignment\UTS-Transit\UTSTransit\UTSTransit\Models\RouteInfo.cs(10,31): warning CS8618: Non-nullable property 'Coordinates' must contain a non-null value when exiting constructor. Consider adding the 'required' modifier or declaring the property as nullable. [C:\Users\ASUS LAPTOP\Desktop\UTS\Mobile App\Assignment\UTS-Transit\UTSTransit\UTSTransit\UTSTransit.csproj::TargetFramework=net9.0-android]
C:\Users\ASUS LAPTOP\Desktop\UTS\Mobile App\Assignment\UTS-Transit\UTSTransit\UTSTransit\ViewModels\TimetableViewModel.cs(28,23): warning CS0618: 'Application.MainPage.get' is obsolete: 'This property has been deprecated. For single-window applications, use Windows[0].Page. For multi-window applications, identify and use the appropriate Window object to access the desired Page. Additionally, each element features a Window property, accessible when it's part of the current window.' [C:\Users\ASUS LAPTOP\Desktop\UTS\Mobile App\Assignment\UTS-Transit\UTSTransit\UTSTransit\UTSTransit.csproj::TargetFramework=net9.0-android]
C:\Users\ASUS LAPTOP\Desktop\UTS\Mobile App\Assignment\UTS-Transit\UTSTransit\UTSTransit\ViewModels\TimetableViewModel.cs(33,23): warning CS0618: 'Application.MainPage.get' is obsolete: 'This property has been deprecated. For single-window applications, use Windows[0].Page. For multi-window applications, identify and use the appropriate Window object to access the desired Page. Additionally, each element features a Window property, accessible when it's part of the current window.' [C:\Users\ASUS LAPTOP\Desktop\UTS\Mobile App\Assignment\UTS-Transit\UTSTransit\UTSTransit\UTSTransit.csproj::TargetFramework=net9.0-android]
C:\Users\ASUS LAPTOP\Desktop\UTS\Mobile App\Assignment\UTS-Transit\UTSTransit\UTSTransit\ViewModels\TimetableViewModel.cs(28,23): warning CS8602: Dereference of a possibly null reference. [C:\Users\ASUS LAPTOP\Desktop\UTS\Mobile App\Assignment\UTS-Transit\UTSTransit\UTSTransit\UTSTransit.csproj::TargetFramework=net9.0-android]
C:\Users\ASUS LAPTOP\Desktop\UTS\Mobile App\Assignment\UTS-Transit\UTSTransit\UTSTransit\ViewModels\TimetableViewModel.cs(28,23): warning CS8602: Dereference of a possibly null reference. [C:\Users\ASUS LAPTOP\Desktop\UTS\Mobile App\Assignment\UTS-Transit\UTSTransit\UTSTransit\UTSTransit.csproj::TargetFramework=net9.0-android]
C:\Users\ASUS LAPTOP\Desktop\UTS\Mobile App\Assignment\UTS-Transit\UTSTransit\UTSTransit\ViewModels\TimetableViewModel.cs(33,23): warning CS8602: Dereference of a possibly null reference. [C:\Users\ASUS LAPTOP\Desktop\UTS\Mobile App\Assignment\UTS-Transit\UTSTransit\UTSTransit\UTSTransit.csproj::TargetFramework=net9.0-android]
C:\Users\ASUS LAPTOP\Desktop\UTS\Mobile App\Assignment\UTS-Transit\UTSTransit\UTSTransit\ViewModels\TimetableViewModel.cs(33,23): warning CS8602: Dereference of a possibly null reference. [C:\Users\ASUS LAPTOP\Desktop\UTS\Mobile App\Assignment\UTS-Transit\UTSTransit\UTSTransit\UTSTransit.csproj::TargetFramework=net9.0-android]
C:\Users\ASUS LAPTOP\Desktop\UTS\Mobile App\Assignment\UTS-Transit\UTSTransit\UTSTransit\ViewModels\DriverViewModel.cs(45,16): warning CS8618: Non-nullable field '_selectedScheduleItem' must contain a non-null value when exiting constructor. Consider adding the 'required' modifier or declaring the field as nullable. [C:\Users\ASUS LAPTOP\Desktop\UTS\Mobile App\Assignment\UTS-Transit\UTSTransit\UTSTransit\UTSTransit.csproj::TargetFramework=net9.0-android]
C:\Users\ASUS LAPTOP\Desktop\UTS\Mobile App\Assignment\UTS-Transit\UTSTransit\UTSTransit\Views\HomePage.xaml.cs(21,26): error CS1061: 'HomePageViewModel' does not contain a definition for 'LoadProfileData' and no accessible extension method 'LoadProfileData' accepting a first argument of type 'HomePageViewModel' could be found (are you missing a using directive or an assembly reference?) [C:\Users\ASUS LAPTOP\Desktop\UTS\Mobile App\Assignment\UTS-Transit\UTSTransit\UTSTransit\UTSTransit.csproj::TargetFramework=net9.0-android]
C:\Users\ASUS LAPTOP\Desktop\UTS\Mobile App\Assignment\UTS-Transit\UTSTransit\UTSTransit\Views\HomePage.xaml.cs(38,13): error CS0103: The name 'BusImage' does not exist in the current context [C:\Users\ASUS LAPTOP\Desktop\UTS\Mobile App\Assignment\UTS-Transit\UTSTransit\UTSTransit\UTSTransit.csproj::TargetFramework=net9.0-android]
C:\Users\ASUS LAPTOP\Desktop\UTS\Mobile App\Assignment\UTS-Transit\UTSTransit\UTSTransit\Views\HomePage.xaml.cs(39,13): error CS0103: The name 'StopSign' does not exist in the current context [C:\Users\ASUS LAPTOP\Desktop\UTS\Mobile App\Assignment\UTS-Transit\UTSTransit\UTSTransit\UTSTransit.csproj::TargetFramework=net9.0-android]
C:\Users\ASUS LAPTOP\Desktop\UTS\Mobile App\Assignment\UTS-Transit\UTSTransit\UTSTransit\Views\HomePage.xaml.cs(40,13): error CS0103: The name 'ZzzText' does not exist in the current context [C:\Users\ASUS LAPTOP\Desktop\UTS\Mobile App\Assignment\UTS-Transit\UTSTransit\UTSTransit\UTSTransit.csproj::TargetFramework=net9.0-android]
C:\Users\ASUS LAPTOP\Desktop\UTS\Mobile App\Assignment\UTS-Transit\UTSTransit\UTSTransit\Views\HomePage.xaml.cs(41,13): error CS0103: The name 'BusImage' does not exist in the current context [C:\Users\ASUS LAPTOP\Desktop\UTS\Mobile App\Assignment\UTS-Transit\UTSTransit\UTSTransit\UTSTransit.csproj::TargetFramework=net9.0-android]
C:\Users\ASUS LAPTOP\Desktop\UTS\Mobile App\Assignment\UTS-Transit\UTSTransit\UTSTransit\Views\HomePage.xaml.cs(42,13): error CS0103: The name 'BusImage' does not exist in the current context [C:\Users\ASUS LAPTOP\Desktop\UTS\Mobile App\Assignment\UTS-Transit\UTSTransit\UTSTransit\UTSTransit.csproj::TargetFramework=net9.0-android]
C:\Users\ASUS LAPTOP\Desktop\UTS\Mobile App\Assignment\UTS-Transit\UTSTransit\UTSTransit\Views\HomePage.xaml.cs(53,21): error CS0103: The name 'BusImage' does not exist in the current context [C:\Users\ASUS LAPTOP\Desktop\UTS\Mobile App\Assignment\UTS-Transit\UTSTransit\UTSTransit\UTSTransit.csproj::TargetFramework=net9.0-android]
C:\Users\ASUS LAPTOP\Desktop\UTS\Mobile App\Assignment\UTS-Transit\UTSTransit\UTSTransit\Views\HomePage.xaml.cs(54,21): error CS0103: The name 'ZzzText' does not exist in the current context [C:\Users\ASUS LAPTOP\Desktop\UTS\Mobile App\Assignment\UTS-Transit\UTSTransit\UTSTransit\UTSTransit.csproj::TargetFramework=net9.0-android]
C:\Users\ASUS LAPTOP\Desktop\UTS\Mobile App\Assignment\UTS-Transit\UTSTransit\UTSTransit\Views\HomePage.xaml.cs(59,21): error CS0103: The name 'BusImage' does not exist in the current context [C:\Users\ASUS LAPTOP\Desktop\UTS\Mobile App\Assignment\UTS-Transit\UTSTransit\UTSTransit\UTSTransit.csproj::TargetFramework=net9.0-android]
C:\Users\ASUS LAPTOP\Desktop\UTS\Mobile App\Assignment\UTS-Transit\UTSTransit\UTSTransit\Views\HomePage.xaml.cs(60,21): error CS0103: The name 'StopSign' does not exist in the current context [C:\Users\ASUS LAPTOP\Desktop\UTS\Mobile App\Assignment\UTS-Transit\UTSTransit\UTSTransit\UTSTransit.csproj::TargetFramework=net9.0-android]
C:\Users\ASUS LAPTOP\Desktop\UTS\Mobile App\Assignment\UTS-Transit\UTSTransit\UTSTransit\Views\HomePage.xaml.cs(63,21): error CS0103: The name 'BusImage' does not exist in the current context [C:\Users\ASUS LAPTOP\Desktop\UTS\Mobile App\Assignment\UTS-Transit\UTSTransit\UTSTransit\UTSTransit.csproj::TargetFramework=net9.0-android]
C:\Users\ASUS LAPTOP\Desktop\UTS\Mobile App\Assignment\UTS-Transit\UTSTransit\UTSTransit\Views\HomePage.xaml.cs(64,21): error CS0103: The name 'BusImage' does not exist in the current context [C:\Users\ASUS LAPTOP\Desktop\UTS\Mobile App\Assignment\UTS-Transit\UTSTransit\UTSTransit\UTSTransit.csproj::TargetFramework=net9.0-android]
C:\Users\ASUS LAPTOP\Desktop\UTS\Mobile App\Assignment\UTS-Transit\UTSTransit\UTSTransit\Views\HomePage.xaml.cs(73,17): error CS0103: The name 'BusImage' does not exist in the current context [C:\Users\ASUS LAPTOP\Desktop\UTS\Mobile App\Assignment\UTS-Transit\UTSTransit\UTSTransit\UTSTransit.csproj::TargetFramework=net9.0-android]
C:\Users\ASUS LAPTOP\Desktop\UTS\Mobile App\Assignment\UTS-Transit\UTSTransit\UTSTransit\Views\HomePage.xaml.cs(74,23): error CS0103: The name 'BusImage' does not exist in the current context [C:\Users\ASUS LAPTOP\Desktop\UTS\Mobile App\Assignment\UTS-Transit\UTSTransit\UTSTransit\UTSTransit.csproj::TargetFramework=net9.0-android]
C:\Users\ASUS LAPTOP\Desktop\UTS\Mobile App\Assignment\UTS-Transit\UTSTransit\UTSTransit\Views\HomePage.xaml.cs(81,20): error CS0103: The name 'ZzzText' does not exist in the current context [C:\Users\ASUS LAPTOP\Desktop\UTS\Mobile App\Assignment\UTS-Transit\UTSTransit\UTSTransit\UTSTransit.csproj::TargetFramework=net9.0-android]
C:\Users\ASUS LAPTOP\Desktop\UTS\Mobile App\Assignment\UTS-Transit\UTSTransit\UTSTransit\Views\HomePage.xaml.cs(83,23): error CS0103: The name 'ZzzText' does not exist in the current context [C:\Users\ASUS LAPTOP\Desktop\UTS\Mobile App\Assignment\UTS-Transit\UTSTransit\UTSTransit\UTSTransit.csproj::TargetFramework=net9.0-android]
C:\Users\ASUS LAPTOP\Desktop\UTS\Mobile App\Assignment\UTS-Transit\UTSTransit\UTSTransit\Views\HomePage.xaml.cs(84,23): error CS0103: The name 'ZzzText' does not exist in the current context [C:\Users\ASUS LAPTOP\Desktop\UTS\Mobile App\Assignment\UTS-Transit\UTSTransit\UTSTransit\UTSTransit.csproj::TargetFramework=net9.0-android]
C:\Users\ASUS LAPTOP\Desktop\UTS\Mobile App\Assignment\UTS-Transit\UTSTransit\UTSTransit\ViewModels\DriverViewModel.cs(155,30): warning CS0168: The variable 'ex' is declared but never used [C:\Users\ASUS LAPTOP\Desktop\UTS\Mobile App\Assignment\UTS-Transit\UTSTransit\UTSTransit\UTSTransit.csproj::TargetFramework=net9.0-android]
C:\Users\ASUS LAPTOP\Desktop\UTS\Mobile App\Assignment\UTS-Transit\UTSTransit\UTSTransit\ViewModels\ProfileViewModel.cs(23,16): warning CS8618: Non-nullable field '_fullName' must contain a non-null value when exiting constructor. Consider adding the 'required' modifier or declaring the field as nullable. [C:\Users\ASUS LAPTOP\Desktop\UTS\Mobile App\Assignment\UTS-Transit\UTSTransit\UTSTransit\UTSTransit.csproj::TargetFramework=net9.0-android]
C:\Users\ASUS LAPTOP\Desktop\UTS\Mobile App\Assignment\UTS-Transit\UTSTransit\UTSTransit\ViewModels\ProfileViewModel.cs(23,16): warning CS8618: Non-nullable field '_role' must contain a non-null value when exiting constructor. Consider adding the 'required' modifier or declaring the field as nullable. [C:\Users\ASUS LAPTOP\Desktop\UTS\Mobile App\Assignment\UTS-Transit\UTSTransit\UTSTransit\UTSTransit.csproj::TargetFramework=net9.0-android]
C:\Users\ASUS LAPTOP\Desktop\UTS\Mobile App\Assignment\UTS-Transit\UTSTransit\UTSTransit\Services\TransitService.cs(103,54): warning CS8602: Dereference of a possibly null reference. [C:\Users\ASUS LAPTOP\Desktop\UTS\Mobile App\Assignment\UTS-Transit\UTSTransit\UTSTransit\UTSTransit.csproj::TargetFramework=net9.0-android]
C:\Users\ASUS LAPTOP\Desktop\UTS\Mobile App\Assignment\UTS-Transit\UTSTransit\UTSTransit\Services\TransitService.cs(103,54): warning CS8604: Possible null reference argument for parameter 'input' in 'Guid Guid.Parse(string input)'. [C:\Users\ASUS LAPTOP\Desktop\UTS\Mobile App\Assignment\UTS-Transit\UTSTransit\UTSTransit\UTSTransit.csproj::TargetFramework=net9.0-android]
C:\Users\ASUS LAPTOP\Desktop\UTS\Mobile App\Assignment\UTS-Transit\UTSTransit\UTSTransit\Services\TransitService.cs(141,46): warning CS8604: Possible null reference argument for parameter 'input' in 'Guid Guid.Parse(string input)'. [C:\Users\ASUS LAPTOP\Desktop\UTS\Mobile App\Assignment\UTS-Transit\UTSTransit\UTSTransit\UTSTransit.csproj::TargetFramework=net9.0-android]
C:\Users\ASUS LAPTOP\Desktop\UTS\Mobile App\Assignment\UTS-Transit\UTSTransit\UTSTransit\Services\TransitService.cs(210,24): warning CS8603: Possible null reference return. [C:\Users\ASUS LAPTOP\Desktop\UTS\Mobile App\Assignment\UTS-Transit\UTSTransit\UTSTransit\UTSTransit.csproj::TargetFramework=net9.0-android]
C:\Users\ASUS LAPTOP\Desktop\UTS\Mobile App\Assignment\UTS-Transit\UTSTransit\UTSTransit\ViewModels\HomePageViewModel.cs(9,41): warning CS8618: Non-nullable field '_transitService' must contain a non-null value when exiting constructor. Consider adding the 'required' modifier or declaring the field as nullable. [C:\Users\ASUS LAPTOP\Desktop\UTS\Mobile App\Assignment\UTS-Transit\UTSTransit\UTSTransit\UTSTransit.csproj::TargetFramework=net9.0-android]
C:\Users\ASUS LAPTOP\Desktop\UTS\Mobile App\Assignment\UTS-Transit\UTSTransit\UTSTransit\Services\TransitService.cs(251,28): warning CS8601: Possible null reference assignment. [C:\Users\ASUS LAPTOP\Desktop\UTS\Mobile App\Assignment\UTS-Transit\UTSTransit\UTSTransit\UTSTransit.csproj::TargetFramework=net9.0-android]
C:\Users\ASUS LAPTOP\Desktop\UTS\Mobile App\Assignment\UTS-Transit\UTSTransit\UTSTransit\Services\TransitService.cs(300,55): warning CS1998: This async method lacks 'await' operators and will run synchronously. Consider using the 'await' operator to await non-blocking API calls, or 'await Task.Run(...)' to do CPU-bound work on a background thread. [C:\Users\ASUS LAPTOP\Desktop\UTS\Mobile App\Assignment\UTS-Transit\UTSTransit\UTSTransit\UTSTransit.csproj::TargetFramework=net9.0-android]
C:\Users\ASUS LAPTOP\Desktop\UTS\Mobile App\Assignment\UTS-Transit\UTSTransit\UTSTransit\ViewModels\HomePageViewModel.cs(9,41): warning CS0169: The field 'HomePageViewModel._transitService' is never used [C:\Users\ASUS LAPTOP\Desktop\UTS\Mobile App\Assignment\UTS-Transit\UTSTransit\UTSTransit\UTSTransit.csproj::TargetFramework=net9.0-android]

Build FAILED.

C:\Users\ASUS LAPTOP\Desktop\UTS\Mobile App\Assignment\UTS-Transit\UTSTransit\UTSTransit\Services\TransitService.cs(61,160): warning CS8625: Cannot convert null literal to non-nullable reference type. [C:\Users\ASUS LAPTOP\Desktop\UTS\Mobile App\Assignment\UTS-Transit\UTSTransit\UTSTransit\UTSTransit.csproj::TargetFramework=net9.0-maccatalyst]
C:\Users\ASUS LAPTOP\Desktop\UTS\Mobile App\Assignment\UTS-Transit\UTSTransit\UTSTransit\Services\TransitService.cs(61,184): warning CS8625: Cannot convert null literal to non-nullable reference type. [C:\Users\ASUS LAPTOP\Desktop\UTS\Mobile App\Assignment\UTS-Transit\UTSTransit\UTSTransit\UTSTransit.csproj::TargetFramework=net9.0-maccatalyst]
C:\Users\ASUS LAPTOP\Desktop\UTS\Mobile App\Assignment\UTS-Transit\UTSTransit\UTSTransit\Views\MapPage.xaml.cs(20,12): warning CS8618: Non-nullable field '_routesLayer' must contain a non-null value when exiting constructor. Consider adding the 'required' modifier or declaring the field as nullable. [C:\Users\ASUS LAPTOP\Desktop\UTS\Mobile App\Assignment\UTS-Transit\UTSTransit\UTSTransit\UTSTransit.csproj::TargetFramework=net9.0-maccatalyst]
C:\Users\ASUS LAPTOP\Desktop\UTS\Mobile App\Assignment\UTS-Transit\UTSTransit\UTSTransit\ViewModels\TimetableViewModel.cs(28,23): warning CS0618: 'Application.MainPage.get' is obsolete: 'This property has been deprecated. For single-window applications, use Windows[0].Page. For multi-window applications, identify and use the appropriate Window object to access the desired Page. Additionally, each element features a Window property, accessible when it's part of the current window.' [C:\Users\ASUS LAPTOP\Desktop\UTS\Mobile App\Assignment\UTS-Transit\UTSTransit\UTSTransit\UTSTransit.csproj::TargetFramework=net9.0-maccatalyst]
C:\Users\ASUS LAPTOP\Desktop\UTS\Mobile App\Assignment\UTS-Transit\UTSTransit\UTSTransit\ViewModels\TimetableViewModel.cs(33,23): warning CS0618: 'Application.MainPage.get' is obsolete: 'This property has been deprecated. For single-window applications, use Windows[0].Page. For multi-window applications, identify and use the appropriate Window object to access the desired Page. Additionally, each element features a Window property, accessible when it's part of the current window.' [C:\Users\ASUS LAPTOP\Desktop\UTS\Mobile App\Assignment\UTS-Transit\UTSTransit\UTSTransit\UTSTransit.csproj::TargetFramework=net9.0-maccatalyst]
C:\Users\ASUS LAPTOP\Desktop\UTS\Mobile App\Assignment\UTS-Transit\UTSTransit\UTSTransit\ViewModels\TimetableViewModel.cs(28,23): warning CS8602: Dereference of a possibly null reference. [C:\Users\ASUS LAPTOP\Desktop\UTS\Mobile App\Assignment\UTS-Transit\UTSTransit\UTSTransit\UTSTransit.csproj::TargetFramework=net9.0-maccatalyst]
C:\Users\ASUS LAPTOP\Desktop\UTS\Mobile App\Assignment\UTS-Transit\UTSTransit\UTSTransit\ViewModels\TimetableViewModel.cs(28,23): warning CS8602: Dereference of a possibly null reference. [C:\Users\ASUS LAPTOP\Desktop\UTS\Mobile App\Assignment\UTS-Transit\UTSTransit\UTSTransit\UTSTransit.csproj::TargetFramework=net9.0-maccatalyst]
C:\Users\ASUS LAPTOP\Desktop\UTS\Mobile App\Assignment\UTS-Transit\UTSTransit\UTSTransit\ViewModels\TimetableViewModel.cs(33,23): warning CS8602: Dereference of a possibly null reference. [C:\Users\ASUS LAPTOP\Desktop\UTS\Mobile App\Assignment\UTS-Transit\UTSTransit\UTSTransit\UTSTransit.csproj::TargetFramework=net9.0-maccatalyst]
C:\Users\ASUS LAPTOP\Desktop\UTS\Mobile App\Assignment\UTS-Transit\UTSTransit\UTSTransit\ViewModels\TimetableViewModel.cs(33,23): warning CS8602: Dereference of a possibly null reference. [C:\Users\ASUS LAPTOP\Desktop\UTS\Mobile App\Assignment\UTS-Transit\UTSTransit\UTSTransit\UTSTransit.csproj::TargetFramework=net9.0-maccatalyst]
C:\Users\ASUS LAPTOP\Desktop\UTS\Mobile App\Assignment\UTS-Transit\UTSTransit\UTSTransit\Services\TransitService.cs(103,54): warning CS8602: Dereference of a possibly null reference. [C:\Users\ASUS LAPTOP\Desktop\UTS\Mobile App\Assignment\UTS-Transit\UTSTransit\UTSTransit\UTSTransit.csproj::TargetFramework=net9.0-maccatalyst]
C:\Users\ASUS LAPTOP\Desktop\UTS\Mobile App\Assignment\UTS-Transit\UTSTransit\UTSTransit\Services\TransitService.cs(103,54): warning CS8604: Possible null reference argument for parameter 'input' in 'Guid Guid.Parse(string input)'. [C:\Users\ASUS LAPTOP\Desktop\UTS\Mobile App\Assignment\UTS-Transit\UTSTransit\UTSTransit\UTSTransit.csproj::TargetFramework=net9.0-maccatalyst]
C:\Users\ASUS LAPTOP\Desktop\UTS\Mobile App\Assignment\UTS-Transit\UTSTransit\UTSTransit\Services\TransitService.cs(141,46): warning CS8604: Possible null reference argument for parameter 'input' in 'Guid Guid.Parse(string input)'. [C:\Users\ASUS LAPTOP\Desktop\UTS\Mobile App\Assignment\UTS-Transit\UTSTransit\UTSTransit\UTSTransit.csproj::TargetFramework=net9.0-maccatalyst]
C:\Users\ASUS LAPTOP\Desktop\UTS\Mobile App\Assignment\UTS-Transit\UTSTransit\UTSTransit\Models\RouteInfo.cs(8,23): warning CS8618: Non-nullable property 'Name' must contain a non-null value when exiting constructor. Consider adding the 'required' modifier or declaring the property as nullable. [C:\Users\ASUS LAPTOP\Desktop\UTS\Mobile App\Assignment\UTS-Transit\UTSTransit\UTSTransit\UTSTransit.csproj::TargetFramework=net9.0-maccatalyst]
C:\Users\ASUS LAPTOP\Desktop\UTS\Mobile App\Assignment\UTS-Transit\UTSTransit\UTSTransit\Models\RouteInfo.cs(9,22): warning CS8618: Non-nullable property 'RouteColor' must contain a non-null value when exiting constructor. Consider adding the 'required' modifier or declaring the property as nullable. [C:\Users\ASUS LAPTOP\Desktop\UTS\Mobile App\Assignment\UTS-Transit\UTSTransit\UTSTransit\UTSTransit.csproj::TargetFramework=net9.0-maccatalyst]
C:\Users\ASUS LAPTOP\Desktop\UTS\Mobile App\Assignment\UTS-Transit\UTSTransit\UTSTransit\Models\RouteInfo.cs(10,31): warning CS8618: Non-nullable property 'Coordinates' must contain a non-null value when exiting constructor. Consider adding the 'required' modifier or declaring the property as nullable. [C:\Users\ASUS LAPTOP\Desktop\UTS\Mobile App\Assignment\UTS-Transit\UTSTransit\UTSTransit\UTSTransit.csproj::TargetFramework=net9.0-maccatalyst]
C:\Users\ASUS LAPTOP\Desktop\UTS\Mobile App\Assignment\UTS-Transit\UTSTransit\UTSTransit\ViewModels\DriverViewModel.cs(45,16): warning CS8618: Non-nullable field '_selectedScheduleItem' must contain a non-null value when exiting constructor. Consider adding the 'required' modifier or declaring the field as nullable. [C:\Users\ASUS LAPTOP\Desktop\UTS\Mobile App\Assignment\UTS-Transit\UTSTransit\UTSTransit\UTSTransit.csproj::TargetFramework=net9.0-maccatalyst]
C:\Users\ASUS LAPTOP\Desktop\UTS\Mobile App\Assignment\UTS-Transit\UTSTransit\UTSTransit\Services\TransitService.cs(210,24): warning CS8603: Possible null reference return. [C:\Users\ASUS LAPTOP\Desktop\UTS\Mobile App\Assignment\UTS-Transit\UTSTransit\UTSTransit\UTSTransit.csproj::TargetFramework=net9.0-maccatalyst]
C:\Users\ASUS LAPTOP\Desktop\UTS\Mobile App\Assignment\UTS-Transit\UTSTransit\UTSTransit\Services\TransitService.cs(251,28): warning CS8601: Possible null reference assignment. [C:\Users\ASUS LAPTOP\Desktop\UTS\Mobile App\Assignment\UTS-Transit\UTSTransit\UTSTransit\UTSTransit.csproj::TargetFramework=net9.0-maccatalyst]
C:\Users\ASUS LAPTOP\Desktop\UTS\Mobile App\Assignment\UTS-Transit\UTSTransit\UTSTransit\ViewModels\DriverViewModel.cs(155,30): warning CS0168: The variable 'ex' is declared but never used [C:\Users\ASUS LAPTOP\Desktop\UTS\Mobile App\Assignment\UTS-Transit\UTSTransit\UTSTransit\UTSTransit.csproj::TargetFramework=net9.0-maccatalyst]
C:\Users\ASUS LAPTOP\Desktop\UTS\Mobile App\Assignment\UTS-Transit\UTSTransit\UTSTransit\Services\TransitService.cs(300,55): warning CS1998: This async method lacks 'await' operators and will run synchronously. Consider using the 'await' operator to await non-blocking API calls, or 'await Task.Run(...)' to do CPU-bound work on a background thread. [C:\Users\ASUS LAPTOP\Desktop\UTS\Mobile App\Assignment\UTS-Transit\UTSTransit\UTSTransit\UTSTransit.csproj::TargetFramework=net9.0-maccatalyst]
C:\Users\ASUS LAPTOP\Desktop\UTS\Mobile App\Assignment\UTS-Transit\UTSTransit\UTSTransit\ViewModels\ProfileViewModel.cs(23,16): warning CS8618: Non-nullable field '_fullName' must contain a non-null value when exiting constructor. Consider adding the 'required' modifier or declaring the field as nullable. [C:\Users\ASUS LAPTOP\Desktop\UTS\Mobile App\Assignment\UTS-Transit\UTSTransit\UTSTransit\UTSTransit.csproj::TargetFramework=net9.0-maccatalyst]
C:\Users\ASUS LAPTOP\Desktop\UTS\Mobile App\Assignment\UTS-Transit\UTSTransit\UTSTransit\ViewModels\ProfileViewModel.cs(23,16): warning CS8618: Non-nullable field '_role' must contain a non-null value when exiting constructor. Consider adding the 'required' modifier or declaring the field as nullable. [C:\Users\ASUS LAPTOP\Desktop\UTS\Mobile App\Assignment\UTS-Transit\UTSTransit\UTSTransit\UTSTransit.csproj::TargetFramework=net9.0-maccatalyst]
C:\Users\ASUS LAPTOP\Desktop\UTS\Mobile App\Assignment\UTS-Transit\UTSTransit\UTSTransit\ViewModels\HomePageViewModel.cs(9,41): warning CS8618: Non-nullable field '_transitService' must contain a non-null value when exiting constructor. Consider adding the 'required' modifier or declaring the field as nullable. [C:\Users\ASUS LAPTOP\Desktop\UTS\Mobile App\Assignment\UTS-Transit\UTSTransit\UTSTransit\UTSTransit.csproj::TargetFramework=net9.0-maccatalyst]
C:\Users\ASUS LAPTOP\Desktop\UTS\Mobile App\Assignment\UTS-Transit\UTSTransit\UTSTransit\ViewModels\HomePageViewModel.cs(9,41): warning CS0169: The field 'HomePageViewModel._transitService' is never used [C:\Users\ASUS LAPTOP\Desktop\UTS\Mobile App\Assignment\UTS-Transit\UTSTransit\UTSTransit\UTSTransit.csproj::TargetFramework=net9.0-maccatalyst]
C:\Users\ASUS LAPTOP\Desktop\UTS\Mobile App\Assignment\UTS-Transit\UTSTransit\UTSTransit\Services\TransitService.cs(61,160): warning CS8625: Cannot convert null literal to non-nullable reference type. [C:\Users\ASUS LAPTOP\Desktop\UTS\Mobile App\Assignment\UTS-Transit\UTSTransit\UTSTransit\UTSTransit.csproj::TargetFramework=net9.0-ios]
C:\Users\ASUS LAPTOP\Desktop\UTS\Mobile App\Assignment\UTS-Transit\UTSTransit\UTSTransit\Services\TransitService.cs(61,184): warning CS8625: Cannot convert null literal to non-nullable reference type. [C:\Users\ASUS LAPTOP\Desktop\UTS\Mobile App\Assignment\UTS-Transit\UTSTransit\UTSTransit\UTSTransit.csproj::TargetFramework=net9.0-ios]
C:\Users\ASUS LAPTOP\Desktop\UTS\Mobile App\Assignment\UTS-Transit\UTSTransit\UTSTransit\Models\RouteInfo.cs(8,23): warning CS8618: Non-nullable property 'Name' must contain a non-null value when exiting constructor. Consider adding the 'required' modifier or declaring the property as nullable. [C:\Users\ASUS LAPTOP\Desktop\UTS\Mobile App\Assignment\UTS-Transit\UTSTransit\UTSTransit\UTSTransit.csproj::TargetFramework=net9.0-ios]
C:\Users\ASUS LAPTOP\Desktop\UTS\Mobile App\Assignment\UTS-Transit\UTSTransit\UTSTransit\Models\RouteInfo.cs(9,22): warning CS8618: Non-nullable property 'RouteColor' must contain a non-null value when exiting constructor. Consider adding the 'required' modifier or declaring the property as nullable. [C:\Users\ASUS LAPTOP\Desktop\UTS\Mobile App\Assignment\UTS-Transit\UTSTransit\UTSTransit\UTSTransit.csproj::TargetFramework=net9.0-ios]
C:\Users\ASUS LAPTOP\Desktop\UTS\Mobile App\Assignment\UTS-Transit\UTSTransit\UTSTransit\Models\RouteInfo.cs(10,31): warning CS8618: Non-nullable property 'Coordinates' must contain a non-null value when exiting constructor. Consider adding the 'required' modifier or declaring the property as nullable. [C:\Users\ASUS LAPTOP\Desktop\UTS\Mobile App\Assignment\UTS-Transit\UTSTransit\UTSTransit\UTSTransit.csproj::TargetFramework=net9.0-ios]
C:\Users\ASUS LAPTOP\Desktop\UTS\Mobile App\Assignment\UTS-Transit\UTSTransit\UTSTransit\ViewModels\DriverViewModel.cs(45,16): warning CS8618: Non-nullable field '_selectedScheduleItem' must contain a non-null value when exiting constructor. Consider adding the 'required' modifier or declaring the field as nullable. [C:\Users\ASUS LAPTOP\Desktop\UTS\Mobile App\Assignment\UTS-Transit\UTSTransit\UTSTransit\UTSTransit.csproj::TargetFramework=net9.0-ios]
C:\Users\ASUS LAPTOP\Desktop\UTS\Mobile App\Assignment\UTS-Transit\UTSTransit\UTSTransit\ViewModels\TimetableViewModel.cs(28,23): warning CS0618: 'Application.MainPage.get' is obsolete: 'This property has been deprecated. For single-window applications, use Windows[0].Page. For multi-window applications, identify and use the appropriate Window object to access the desired Page. Additionally, each element features a Window property, accessible when it's part of the current window.' [C:\Users\ASUS LAPTOP\Desktop\UTS\Mobile App\Assignment\UTS-Transit\UTSTransit\UTSTransit\UTSTransit.csproj::TargetFramework=net9.0-ios]
C:\Users\ASUS LAPTOP\Desktop\UTS\Mobile App\Assignment\UTS-Transit\UTSTransit\UTSTransit\ViewModels\TimetableViewModel.cs(33,23): warning CS0618: 'Application.MainPage.get' is obsolete: 'This property has been deprecated. For single-window applications, use Windows[0].Page. For multi-window applications, identify and use the appropriate Window object to access the desired Page. Additionally, each element features a Window property, accessible when it's part of the current window.' [C:\Users\ASUS LAPTOP\Desktop\UTS\Mobile App\Assignment\UTS-Transit\UTSTransit\UTSTransit\UTSTransit.csproj::TargetFramework=net9.0-ios]
C:\Users\ASUS LAPTOP\Desktop\UTS\Mobile App\Assignment\UTS-Transit\UTSTransit\UTSTransit\ViewModels\TimetableViewModel.cs(28,23): warning CS8602: Dereference of a possibly null reference. [C:\Users\ASUS LAPTOP\Desktop\UTS\Mobile App\Assignment\UTS-Transit\UTSTransit\UTSTransit\UTSTransit.csproj::TargetFramework=net9.0-ios]
C:\Users\ASUS LAPTOP\Desktop\UTS\Mobile App\Assignment\UTS-Transit\UTSTransit\UTSTransit\ViewModels\TimetableViewModel.cs(28,23): warning CS8602: Dereference of a possibly null reference. [C:\Users\ASUS LAPTOP\Desktop\UTS\Mobile App\Assignment\UTS-Transit\UTSTransit\UTSTransit\UTSTransit.csproj::TargetFramework=net9.0-ios]
C:\Users\ASUS LAPTOP\Desktop\UTS\Mobile App\Assignment\UTS-Transit\UTSTransit\UTSTransit\ViewModels\TimetableViewModel.cs(33,23): warning CS8602: Dereference of a possibly null reference. [C:\Users\ASUS LAPTOP\Desktop\UTS\Mobile App\Assignment\UTS-Transit\UTSTransit\UTSTransit\UTSTransit.csproj::TargetFramework=net9.0-ios]
C:\Users\ASUS LAPTOP\Desktop\UTS\Mobile App\Assignment\UTS-Transit\UTSTransit\UTSTransit\ViewModels\TimetableViewModel.cs(33,23): warning CS8602: Dereference of a possibly null reference. [C:\Users\ASUS LAPTOP\Desktop\UTS\Mobile App\Assignment\UTS-Transit\UTSTransit\UTSTransit\UTSTransit.csproj::TargetFramework=net9.0-ios]
C:\Users\ASUS LAPTOP\Desktop\UTS\Mobile App\Assignment\UTS-Transit\UTSTransit\UTSTransit\ViewModels\DriverViewModel.cs(155,30): warning CS0168: The variable 'ex' is declared but never used [C:\Users\ASUS LAPTOP\Desktop\UTS\Mobile App\Assignment\UTS-Transit\UTSTransit\UTSTransit\UTSTransit.csproj::TargetFramework=net9.0-ios]
C:\Users\ASUS LAPTOP\Desktop\UTS\Mobile App\Assignment\UTS-Transit\UTSTransit\UTSTransit\Services\TransitService.cs(103,54): warning CS8602: Dereference of a possibly null reference. [C:\Users\ASUS LAPTOP\Desktop\UTS\Mobile App\Assignment\UTS-Transit\UTSTransit\UTSTransit\UTSTransit.csproj::TargetFramework=net9.0-ios]
C:\Users\ASUS LAPTOP\Desktop\UTS\Mobile App\Assignment\UTS-Transit\UTSTransit\UTSTransit\Services\TransitService.cs(103,54): warning CS8604: Possible null reference argument for parameter 'input' in 'Guid Guid.Parse(string input)'. [C:\Users\ASUS LAPTOP\Desktop\UTS\Mobile App\Assignment\UTS-Transit\UTSTransit\UTSTransit\UTSTransit.csproj::TargetFramework=net9.0-ios]
C:\Users\ASUS LAPTOP\Desktop\UTS\Mobile App\Assignment\UTS-Transit\UTSTransit\UTSTransit\Services\TransitService.cs(141,46): warning CS8604: Possible null reference argument for parameter 'input' in 'Guid Guid.Parse(string input)'. [C:\Users\ASUS LAPTOP\Desktop\UTS\Mobile App\Assignment\UTS-Transit\UTSTransit\UTSTransit\UTSTransit.csproj::TargetFramework=net9.0-ios]
C:\Users\ASUS LAPTOP\Desktop\UTS\Mobile App\Assignment\UTS-Transit\UTSTransit\UTSTransit\Services\TransitService.cs(210,24): warning CS8603: Possible null reference return. [C:\Users\ASUS LAPTOP\Desktop\UTS\Mobile App\Assignment\UTS-Transit\UTSTransit\UTSTransit\UTSTransit.csproj::TargetFramework=net9.0-ios]
C:\Users\ASUS LAPTOP\Desktop\UTS\Mobile App\Assignment\UTS-Transit\UTSTransit\UTSTransit\ViewModels\ProfileViewModel.cs(23,16): warning CS8618: Non-nullable field '_fullName' must contain a non-null value when exiting constructor. Consider adding the 'required' modifier or declaring the field as nullable. [C:\Users\ASUS LAPTOP\Desktop\UTS\Mobile App\Assignment\UTS-Transit\UTSTransit\UTSTransit\UTSTransit.csproj::TargetFramework=net9.0-ios]
C:\Users\ASUS LAPTOP\Desktop\UTS\Mobile App\Assignment\UTS-Transit\UTSTransit\UTSTransit\ViewModels\ProfileViewModel.cs(23,16): warning CS8618: Non-nullable field '_role' must contain a non-null value when exiting constructor. Consider adding the 'required' modifier or declaring the field as nullable. [C:\Users\ASUS LAPTOP\Desktop\UTS\Mobile App\Assignment\UTS-Transit\UTSTransit\UTSTransit\UTSTransit.csproj::TargetFramework=net9.0-ios]
C:\Users\ASUS LAPTOP\Desktop\UTS\Mobile App\Assignment\UTS-Transit\UTSTransit\UTSTransit\Services\TransitService.cs(251,28): warning CS8601: Possible null reference assignment. [C:\Users\ASUS LAPTOP\Desktop\UTS\Mobile App\Assignment\UTS-Transit\UTSTransit\UTSTransit\UTSTransit.csproj::TargetFramework=net9.0-ios]
C:\Users\ASUS LAPTOP\Desktop\UTS\Mobile App\Assignment\UTS-Transit\UTSTransit\UTSTransit\Views\MapPage.xaml.cs(20,12): warning CS8618: Non-nullable field '_routesLayer' must contain a non-null value when exiting constructor. Consider adding the 'required' modifier or declaring the field as nullable. [C:\Users\ASUS LAPTOP\Desktop\UTS\Mobile App\Assignment\UTS-Transit\UTSTransit\UTSTransit\UTSTransit.csproj::TargetFramework=net9.0-ios]
C:\Users\ASUS LAPTOP\Desktop\UTS\Mobile App\Assignment\UTS-Transit\UTSTransit\UTSTransit\Services\TransitService.cs(300,55): warning CS1998: This async method lacks 'await' operators and will run synchronously. Consider using the 'await' operator to await non-blocking API calls, or 'await Task.Run(...)' to do CPU-bound work on a background thread. [C:\Users\ASUS LAPTOP\Desktop\UTS\Mobile App\Assignment\UTS-Transit\UTSTransit\UTSTransit\UTSTransit.csproj::TargetFramework=net9.0-ios]
C:\Users\ASUS LAPTOP\Desktop\UTS\Mobile App\Assignment\UTS-Transit\UTSTransit\UTSTransit\ViewModels\HomePageViewModel.cs(9,41): warning CS8618: Non-nullable field '_transitService' must contain a non-null value when exiting constructor. Consider adding the 'required' modifier or declaring the field as nullable. [C:\Users\ASUS LAPTOP\Desktop\UTS\Mobile App\Assignment\UTS-Transit\UTSTransit\UTSTransit\UTSTransit.csproj::TargetFramework=net9.0-ios]
C:\Users\ASUS LAPTOP\Desktop\UTS\Mobile App\Assignment\UTS-Transit\UTSTransit\UTSTransit\ViewModels\HomePageViewModel.cs(9,41): warning CS0169: The field 'HomePageViewModel._transitService' is never used [C:\Users\ASUS LAPTOP\Desktop\UTS\Mobile App\Assignment\UTS-Transit\UTSTransit\UTSTransit\UTSTransit.csproj::TargetFramework=net9.0-ios]
C:\Users\ASUS LAPTOP\Desktop\UTS\Mobile App\Assignment\UTS-Transit\UTSTransit\UTSTransit\Services\TransitService.cs(61,160): warning CS8625: Cannot convert null literal to non-nullable reference type. [C:\Users\ASUS LAPTOP\Desktop\UTS\Mobile App\Assignment\UTS-Transit\UTSTransit\UTSTransit\UTSTransit.csproj::TargetFramework=net9.0-windows10.0.19041.0]
C:\Users\ASUS LAPTOP\Desktop\UTS\Mobile App\Assignment\UTS-Transit\UTSTransit\UTSTransit\Services\TransitService.cs(61,184): warning CS8625: Cannot convert null literal to non-nullable reference type. [C:\Users\ASUS LAPTOP\Desktop\UTS\Mobile App\Assignment\UTS-Transit\UTSTransit\UTSTransit\UTSTransit.csproj::TargetFramework=net9.0-windows10.0.19041.0]
C:\Users\ASUS LAPTOP\Desktop\UTS\Mobile App\Assignment\UTS-Transit\UTSTransit\UTSTransit\Models\RouteInfo.cs(8,23): warning CS8618: Non-nullable property 'Name' must contain a non-null value when exiting constructor. Consider adding the 'required' modifier or declaring the property as nullable. [C:\Users\ASUS LAPTOP\Desktop\UTS\Mobile App\Assignment\UTS-Transit\UTSTransit\UTSTransit\UTSTransit.csproj::TargetFramework=net9.0-windows10.0.19041.0]
C:\Users\ASUS LAPTOP\Desktop\UTS\Mobile App\Assignment\UTS-Transit\UTSTransit\UTSTransit\Models\RouteInfo.cs(9,22): warning CS8618: Non-nullable property 'RouteColor' must contain a non-null value when exiting constructor. Consider adding the 'required' modifier or declaring the property as nullable. [C:\Users\ASUS LAPTOP\Desktop\UTS\Mobile App\Assignment\UTS-Transit\UTSTransit\UTSTransit\UTSTransit.csproj::TargetFramework=net9.0-windows10.0.19041.0]
C:\Users\ASUS LAPTOP\Desktop\UTS\Mobile App\Assignment\UTS-Transit\UTSTransit\UTSTransit\Models\RouteInfo.cs(10,31): warning CS8618: Non-nullable property 'Coordinates' must contain a non-null value when exiting constructor. Consider adding the 'required' modifier or declaring the property as nullable. [C:\Users\ASUS LAPTOP\Desktop\UTS\Mobile App\Assignment\UTS-Transit\UTSTransit\UTSTransit\UTSTransit.csproj::TargetFramework=net9.0-windows10.0.19041.0]
C:\Users\ASUS LAPTOP\Desktop\UTS\Mobile App\Assignment\UTS-Transit\UTSTransit\UTSTransit\ViewModels\DriverViewModel.cs(45,16): warning CS8618: Non-nullable field '_selectedScheduleItem' must contain a non-null value when exiting constructor. Consider adding the 'required' modifier or declaring the field as nullable. [C:\Users\ASUS LAPTOP\Desktop\UTS\Mobile App\Assignment\UTS-Transit\UTSTransit\UTSTransit\UTSTransit.csproj::TargetFramework=net9.0-windows10.0.19041.0]
C:\Users\ASUS LAPTOP\Desktop\UTS\Mobile App\Assignment\UTS-Transit\UTSTransit\UTSTransit\Views\MapPage.xaml.cs(20,12): warning CS8618: Non-nullable field '_routesLayer' must contain a non-null value when exiting constructor. Consider adding the 'required' modifier or declaring the field as nullable. [C:\Users\ASUS LAPTOP\Desktop\UTS\Mobile App\Assignment\UTS-Transit\UTSTransit\UTSTransit\UTSTransit.csproj::TargetFramework=net9.0-windows10.0.19041.0]
C:\Users\ASUS LAPTOP\Desktop\UTS\Mobile App\Assignment\UTS-Transit\UTSTransit\UTSTransit\ViewModels\ProfileViewModel.cs(23,16): warning CS8618: Non-nullable field '_fullName' must contain a non-null value when exiting constructor. Consider adding the 'required' modifier or declaring the field as nullable. [C:\Users\ASUS LAPTOP\Desktop\UTS\Mobile App\Assignment\UTS-Transit\UTSTransit\UTSTransit\UTSTransit.csproj::TargetFramework=net9.0-windows10.0.19041.0]
C:\Users\ASUS LAPTOP\Desktop\UTS\Mobile App\Assignment\UTS-Transit\UTSTransit\UTSTransit\ViewModels\ProfileViewModel.cs(23,16): warning CS8618: Non-nullable field '_role' must contain a non-null value when exiting constructor. Consider adding the 'required' modifier or declaring the field as nullable. [C:\Users\ASUS LAPTOP\Desktop\UTS\Mobile App\Assignment\UTS-Transit\UTSTransit\UTSTransit\UTSTransit.csproj::TargetFramework=net9.0-windows10.0.19041.0]
C:\Users\ASUS LAPTOP\Desktop\UTS\Mobile App\Assignment\UTS-Transit\UTSTransit\UTSTransit\ViewModels\TimetableViewModel.cs(28,23): warning CS0618: 'Application.MainPage.get' is obsolete: 'This property has been deprecated. For single-window applications, use Windows[0].Page. For multi-window applications, identify and use the appropriate Window object to access the desired Page. Additionally, each element features a Window property, accessible when it's part of the current window.' [C:\Users\ASUS LAPTOP\Desktop\UTS\Mobile App\Assignment\UTS-Transit\UTSTransit\UTSTransit\UTSTransit.csproj::TargetFramework=net9.0-windows10.0.19041.0]
C:\Users\ASUS LAPTOP\Desktop\UTS\Mobile App\Assignment\UTS-Transit\UTSTransit\UTSTransit\ViewModels\TimetableViewModel.cs(33,23): warning CS0618: 'Application.MainPage.get' is obsolete: 'This property has been deprecated. For single-window applications, use Windows[0].Page. For multi-window applications, identify and use the appropriate Window object to access the desired Page. Additionally, each element features a Window property, accessible when it's part of the current window.' [C:\Users\ASUS LAPTOP\Desktop\UTS\Mobile App\Assignment\UTS-Transit\UTSTransit\UTSTransit\UTSTransit.csproj::TargetFramework=net9.0-windows10.0.19041.0]
C:\Users\ASUS LAPTOP\Desktop\UTS\Mobile App\Assignment\UTS-Transit\UTSTransit\UTSTransit\ViewModels\TimetableViewModel.cs(28,23): warning CS8602: Dereference of a possibly null reference. [C:\Users\ASUS LAPTOP\Desktop\UTS\Mobile App\Assignment\UTS-Transit\UTSTransit\UTSTransit\UTSTransit.csproj::TargetFramework=net9.0-windows10.0.19041.0]
C:\Users\ASUS LAPTOP\Desktop\UTS\Mobile App\Assignment\UTS-Transit\UTSTransit\UTSTransit\ViewModels\TimetableViewModel.cs(28,23): warning CS8602: Dereference of a possibly null reference. [C:\Users\ASUS LAPTOP\Desktop\UTS\Mobile App\Assignment\UTS-Transit\UTSTransit\UTSTransit\UTSTransit.csproj::TargetFramework=net9.0-windows10.0.19041.0]
C:\Users\ASUS LAPTOP\Desktop\UTS\Mobile App\Assignment\UTS-Transit\UTSTransit\UTSTransit\ViewModels\TimetableViewModel.cs(33,23): warning CS8602: Dereference of a possibly null reference. [C:\Users\ASUS LAPTOP\Desktop\UTS\Mobile App\Assignment\UTS-Transit\UTSTransit\UTSTransit\UTSTransit.csproj::TargetFramework=net9.0-windows10.0.19041.0]
C:\Users\ASUS LAPTOP\Desktop\UTS\Mobile App\Assignment\UTS-Transit\UTSTransit\UTSTransit\ViewModels\TimetableViewModel.cs(33,23): warning CS8602: Dereference of a possibly null reference. [C:\Users\ASUS LAPTOP\Desktop\UTS\Mobile App\Assignment\UTS-Transit\UTSTransit\UTSTransit\UTSTransit.csproj::TargetFramework=net9.0-windows10.0.19041.0]
C:\Users\ASUS LAPTOP\Desktop\UTS\Mobile App\Assignment\UTS-Transit\UTSTransit\UTSTransit\ViewModels\DriverViewModel.cs(155,30): warning CS0168: The variable 'ex' is declared but never used [C:\Users\ASUS LAPTOP\Desktop\UTS\Mobile App\Assignment\UTS-Transit\UTSTransit\UTSTransit\UTSTransit.csproj::TargetFramework=net9.0-windows10.0.19041.0]
C:\Users\ASUS LAPTOP\Desktop\UTS\Mobile App\Assignment\UTS-Transit\UTSTransit\UTSTransit\Services\TransitService.cs(103,54): warning CS8602: Dereference of a possibly null reference. [C:\Users\ASUS LAPTOP\Desktop\UTS\Mobile App\Assignment\UTS-Transit\UTSTransit\UTSTransit\UTSTransit.csproj::TargetFramework=net9.0-windows10.0.19041.0]
C:\Users\ASUS LAPTOP\Desktop\UTS\Mobile App\Assignment\UTS-Transit\UTSTransit\UTSTransit\Services\TransitService.cs(103,54): warning CS8604: Possible null reference argument for parameter 'input' in 'Guid Guid.Parse(string input)'. [C:\Users\ASUS LAPTOP\Desktop\UTS\Mobile App\Assignment\UTS-Transit\UTSTransit\UTSTransit\UTSTransit.csproj::TargetFramework=net9.0-windows10.0.19041.0]
C:\Users\ASUS LAPTOP\Desktop\UTS\Mobile App\Assignment\UTS-Transit\UTSTransit\UTSTransit\Services\TransitService.cs(141,46): warning CS8604: Possible null reference argument for parameter 'input' in 'Guid Guid.Parse(string input)'. [C:\Users\ASUS LAPTOP\Desktop\UTS\Mobile App\Assignment\UTS-Transit\UTSTransit\UTSTransit\UTSTransit.csproj::TargetFramework=net9.0-windows10.0.19041.0]
C:\Users\ASUS LAPTOP\Desktop\UTS\Mobile App\Assignment\UTS-Transit\UTSTransit\UTSTransit\ViewModels\HomePageViewModel.cs(9,41): warning CS8618: Non-nullable field '_transitService' must contain a non-null value when exiting constructor. Consider adding the 'required' modifier or declaring the field as nullable. [C:\Users\ASUS LAPTOP\Desktop\UTS\Mobile App\Assignment\UTS-Transit\UTSTransit\UTSTransit\UTSTransit.csproj::TargetFramework=net9.0-windows10.0.19041.0]
C:\Users\ASUS LAPTOP\Desktop\UTS\Mobile App\Assignment\UTS-Transit\UTSTransit\UTSTransit\Services\TransitService.cs(210,24): warning CS8603: Possible null reference return. [C:\Users\ASUS LAPTOP\Desktop\UTS\Mobile App\Assignment\UTS-Transit\UTSTransit\UTSTransit\UTSTransit.csproj::TargetFramework=net9.0-windows10.0.19041.0]
C:\Users\ASUS LAPTOP\Desktop\UTS\Mobile App\Assignment\UTS-Transit\UTSTransit\UTSTransit\Services\TransitService.cs(251,28): warning CS8601: Possible null reference assignment. [C:\Users\ASUS LAPTOP\Desktop\UTS\Mobile App\Assignment\UTS-Transit\UTSTransit\UTSTransit\UTSTransit.csproj::TargetFramework=net9.0-windows10.0.19041.0]
C:\Users\ASUS LAPTOP\Desktop\UTS\Mobile App\Assignment\UTS-Transit\UTSTransit\UTSTransit\Services\TransitService.cs(300,55): warning CS1998: This async method lacks 'await' operators and will run synchronously. Consider using the 'await' operator to await non-blocking API calls, or 'await Task.Run(...)' to do CPU-bound work on a background thread. [C:\Users\ASUS LAPTOP\Desktop\UTS\Mobile App\Assignment\UTS-Transit\UTSTransit\UTSTransit\UTSTransit.csproj::TargetFramework=net9.0-windows10.0.19041.0]
C:\Users\ASUS LAPTOP\Desktop\UTS\Mobile App\Assignment\UTS-Transit\UTSTransit\UTSTransit\ViewModels\HomePageViewModel.cs(9,41): warning CS0169: The field 'HomePageViewModel._transitService' is never used [C:\Users\ASUS LAPTOP\Desktop\UTS\Mobile App\Assignment\UTS-Transit\UTSTransit\UTSTransit\UTSTransit.csproj::TargetFramework=net9.0-windows10.0.19041.0]
C:\Users\ASUS LAPTOP\Desktop\UTS\Mobile App\Assignment\UTS-Transit\UTSTransit\UTSTransit\Services\TransitService.cs(61,160): warning CS8625: Cannot convert null literal to non-nullable reference type. [C:\Users\ASUS LAPTOP\Desktop\UTS\Mobile App\Assignment\UTS-Transit\UTSTransit\UTSTransit\UTSTransit.csproj::TargetFramework=net9.0-android]
C:\Users\ASUS LAPTOP\Desktop\UTS\Mobile App\Assignment\UTS-Transit\UTSTransit\UTSTransit\Services\TransitService.cs(61,184): warning CS8625: Cannot convert null literal to non-nullable reference type. [C:\Users\ASUS LAPTOP\Desktop\UTS\Mobile App\Assignment\UTS-Transit\UTSTransit\UTSTransit\UTSTransit.csproj::TargetFramework=net9.0-android]
C:\Users\ASUS LAPTOP\Desktop\UTS\Mobile App\Assignment\UTS-Transit\UTSTransit\UTSTransit\Views\MapPage.xaml.cs(20,12): warning CS8618: Non-nullable field '_routesLayer' must contain a non-null value when exiting constructor. Consider adding the 'required' modifier or declaring the field as nullable. [C:\Users\ASUS LAPTOP\Desktop\UTS\Mobile App\Assignment\UTS-Transit\UTSTransit\UTSTransit\UTSTransit.csproj::TargetFramework=net9.0-android]
C:\Users\ASUS LAPTOP\Desktop\UTS\Mobile App\Assignment\UTS-Transit\UTSTransit\UTSTransit\Models\RouteInfo.cs(8,23): warning CS8618: Non-nullable property 'Name' must contain a non-null value when exiting constructor. Consider adding the 'required' modifier or declaring the property as nullable. [C:\Users\ASUS LAPTOP\Desktop\UTS\Mobile App\Assignment\UTS-Transit\UTSTransit\UTSTransit\UTSTransit.csproj::TargetFramework=net9.0-android]
C:\Users\ASUS LAPTOP\Desktop\UTS\Mobile App\Assignment\UTS-Transit\UTSTransit\UTSTransit\Models\RouteInfo.cs(9,22): warning CS8618: Non-nullable property 'RouteColor' must contain a non-null value when exiting constructor. Consider adding the 'required' modifier or declaring the property as nullable. [C:\Users\ASUS LAPTOP\Desktop\UTS\Mobile App\Assignment\UTS-Transit\UTSTransit\UTSTransit\UTSTransit.csproj::TargetFramework=net9.0-android]
C:\Users\ASUS LAPTOP\Desktop\UTS\Mobile App\Assignment\UTS-Transit\UTSTransit\UTSTransit\Models\RouteInfo.cs(10,31): warning CS8618: Non-nullable property 'Coordinates' must contain a non-null value when exiting constructor. Consider adding the 'required' modifier or declaring the property as nullable. [C:\Users\ASUS LAPTOP\Desktop\UTS\Mobile App\Assignment\UTS-Transit\UTSTransit\UTSTransit\UTSTransit.csproj::TargetFramework=net9.0-android]
C:\Users\ASUS LAPTOP\Desktop\UTS\Mobile App\Assignment\UTS-Transit\UTSTransit\UTSTransit\ViewModels\TimetableViewModel.cs(28,23): warning CS0618: 'Application.MainPage.get' is obsolete: 'This property has been deprecated. For single-window applications, use Windows[0].Page. For multi-window applications, identify and use the appropriate Window object to access the desired Page. Additionally, each element features a Window property, accessible when it's part of the current window.' [C:\Users\ASUS LAPTOP\Desktop\UTS\Mobile App\Assignment\UTS-Transit\UTSTransit\UTSTransit\UTSTransit.csproj::TargetFramework=net9.0-android]
C:\Users\ASUS LAPTOP\Desktop\UTS\Mobile App\Assignment\UTS-Transit\UTSTransit\UTSTransit\ViewModels\TimetableViewModel.cs(33,23): warning CS0618: 'Application.MainPage.get' is obsolete: 'This property has been deprecated. For single-window applications, use Windows[0].Page. For multi-window applications, identify and use the appropriate Window object to access the desired Page. Additionally, each element features a Window property, accessible when it's part of the current window.' [C:\Users\ASUS LAPTOP\Desktop\UTS\Mobile App\Assignment\UTS-Transit\UTSTransit\UTSTransit\UTSTransit.csproj::TargetFramework=net9.0-android]
C:\Users\ASUS LAPTOP\Desktop\UTS\Mobile App\Assignment\UTS-Transit\UTSTransit\UTSTransit\ViewModels\TimetableViewModel.cs(28,23): warning CS8602: Dereference of a possibly null reference. [C:\Users\ASUS LAPTOP\Desktop\UTS\Mobile App\Assignment\UTS-Transit\UTSTransit\UTSTransit\UTSTransit.csproj::TargetFramework=net9.0-android]
C:\Users\ASUS LAPTOP\Desktop\UTS\Mobile App\Assignment\UTS-Transit\UTSTransit\UTSTransit\ViewModels\TimetableViewModel.cs(28,23): warning CS8602: Dereference of a possibly null reference. [C:\Users\ASUS LAPTOP\Desktop\UTS\Mobile App\Assignment\UTS-Transit\UTSTransit\UTSTransit\UTSTransit.csproj::TargetFramework=net9.0-android]
C:\Users\ASUS LAPTOP\Desktop\UTS\Mobile App\Assignment\UTS-Transit\UTSTransit\UTSTransit\ViewModels\TimetableViewModel.cs(33,23): warning CS8602: Dereference of a possibly null reference. [C:\Users\ASUS LAPTOP\Desktop\UTS\Mobile App\Assignment\UTS-Transit\UTSTransit\UTSTransit\UTSTransit.csproj::TargetFramework=net9.0-android]
C:\Users\ASUS LAPTOP\Desktop\UTS\Mobile App\Assignment\UTS-Transit\UTSTransit\UTSTransit\ViewModels\TimetableViewModel.cs(33,23): warning CS8602: Dereference of a possibly null reference. [C:\Users\ASUS LAPTOP\Desktop\UTS\Mobile App\Assignment\UTS-Transit\UTSTransit\UTSTransit\UTSTransit.csproj::TargetFramework=net9.0-android]
C:\Users\ASUS LAPTOP\Desktop\UTS\Mobile App\Assignment\UTS-Transit\UTSTransit\UTSTransit\ViewModels\DriverViewModel.cs(45,16): warning CS8618: Non-nullable field '_selectedScheduleItem' must contain a non-null value when exiting constructor. Consider adding the 'required' modifier or declaring the field as nullable. [C:\Users\ASUS LAPTOP\Desktop\UTS\Mobile App\Assignment\UTS-Transit\UTSTransit\UTSTransit\UTSTransit.csproj::TargetFramework=net9.0-android]
C:\Users\ASUS LAPTOP\Desktop\UTS\Mobile App\Assignment\UTS-Transit\UTSTransit\UTSTransit\ViewModels\DriverViewModel.cs(155,30): warning CS0168: The variable 'ex' is declared but never used [C:\Users\ASUS LAPTOP\Desktop\UTS\Mobile App\Assignment\UTS-Transit\UTSTransit\UTSTransit\UTSTransit.csproj::TargetFramework=net9.0-android]
C:\Users\ASUS LAPTOP\Desktop\UTS\Mobile App\Assignment\UTS-Transit\UTSTransit\UTSTransit\ViewModels\ProfileViewModel.cs(23,16): warning CS8618: Non-nullable field '_fullName' must contain a non-null value when exiting constructor. Consider adding the 'required' modifier or declaring the field as nullable. [C:\Users\ASUS LAPTOP\Desktop\UTS\Mobile App\Assignment\UTS-Transit\UTSTransit\UTSTransit\UTSTransit.csproj::TargetFramework=net9.0-android]
C:\Users\ASUS LAPTOP\Desktop\UTS\Mobile App\Assignment\UTS-Transit\UTSTransit\UTSTransit\ViewModels\ProfileViewModel.cs(23,16): warning CS8618: Non-nullable field '_role' must contain a non-null value when exiting constructor. Consider adding the 'required' modifier or declaring the field as nullable. [C:\Users\ASUS LAPTOP\Desktop\UTS\Mobile App\Assignment\UTS-Transit\UTSTransit\UTSTransit\UTSTransit.csproj::TargetFramework=net9.0-android]
C:\Users\ASUS LAPTOP\Desktop\UTS\Mobile App\Assignment\UTS-Transit\UTSTransit\UTSTransit\Services\TransitService.cs(103,54): warning CS8602: Dereference of a possibly null reference. [C:\Users\ASUS LAPTOP\Desktop\UTS\Mobile App\Assignment\UTS-Transit\UTSTransit\UTSTransit\UTSTransit.csproj::TargetFramework=net9.0-android]
C:\Users\ASUS LAPTOP\Desktop\UTS\Mobile App\Assignment\UTS-Transit\UTSTransit\UTSTransit\Services\TransitService.cs(103,54): warning CS8604: Possible null reference argument for parameter 'input' in 'Guid Guid.Parse(string input)'. [C:\Users\ASUS LAPTOP\Desktop\UTS\Mobile App\Assignment\UTS-Transit\UTSTransit\UTSTransit\UTSTransit.csproj::TargetFramework=net9.0-android]
C:\Users\ASUS LAPTOP\Desktop\UTS\Mobile App\Assignment\UTS-Transit\UTSTransit\UTSTransit\Services\TransitService.cs(141,46): warning CS8604: Possible null reference argument for parameter 'input' in 'Guid Guid.Parse(string input)'. [C:\Users\ASUS LAPTOP\Desktop\UTS\Mobile App\Assignment\UTS-Transit\UTSTransit\UTSTransit\UTSTransit.csproj::TargetFramework=net9.0-android]
C:\Users\ASUS LAPTOP\Desktop\UTS\Mobile App\Assignment\UTS-Transit\UTSTransit\UTSTransit\Services\TransitService.cs(210,24): warning CS8603: Possible null reference return. [C:\Users\ASUS LAPTOP\Desktop\UTS\Mobile App\Assignment\UTS-Transit\UTSTransit\UTSTransit\UTSTransit.csproj::TargetFramework=net9.0-android]
C:\Users\ASUS LAPTOP\Desktop\UTS\Mobile App\Assignment\UTS-Transit\UTSTransit\UTSTransit\ViewModels\HomePageViewModel.cs(9,41): warning CS8618: Non-nullable field '_transitService' must contain a non-null value when exiting constructor. Consider adding the 'required' modifier or declaring the field as nullable. [C:\Users\ASUS LAPTOP\Desktop\UTS\Mobile App\Assignment\UTS-Transit\UTSTransit\UTSTransit\UTSTransit.csproj::TargetFramework=net9.0-android]
C:\Users\ASUS LAPTOP\Desktop\UTS\Mobile App\Assignment\UTS-Transit\UTSTransit\UTSTransit\Services\TransitService.cs(251,28): warning CS8601: Possible null reference assignment. [C:\Users\ASUS LAPTOP\Desktop\UTS\Mobile App\Assignment\UTS-Transit\UTSTransit\UTSTransit\UTSTransit.csproj::TargetFramework=net9.0-android]
C:\Users\ASUS LAPTOP\Desktop\UTS\Mobile App\Assignment\UTS-Transit\UTSTransit\UTSTransit\Services\TransitService.cs(300,55): warning CS1998: This async method lacks 'await' operators and will run synchronously. Consider using the 'await' operator to await non-blocking API calls, or 'await Task.Run(...)' to do CPU-bound work on a background thread. [C:\Users\ASUS LAPTOP\Desktop\UTS\Mobile App\Assignment\UTS-Transit\UTSTransit\UTSTransit\UTSTransit.csproj::TargetFramework=net9.0-android]
C:\Users\ASUS LAPTOP\Desktop\UTS\Mobile App\Assignment\UTS-Transit\UTSTransit\UTSTransit\ViewModels\HomePageViewModel.cs(9,41): warning CS0169: The field 'HomePageViewModel._transitService' is never used [C:\Users\ASUS LAPTOP\Desktop\UTS\Mobile App\Assignment\UTS-Transit\UTSTransit\UTSTransit\UTSTransit.csproj::TargetFramework=net9.0-android]
C:\Users\ASUS LAPTOP\Desktop\UTS\Mobile App\Assignment\UTS-Transit\UTSTransit\UTSTransit\Views\HomePage.xaml.cs(21,26): error CS1061: 'HomePageViewModel' does not contain a definition for 'LoadProfileData' and no accessible extension method 'LoadProfileData' accepting a first argument of type 'HomePageViewModel' could be found (are you missing a using directive or an assembly reference?) [C:\Users\ASUS LAPTOP\Desktop\UTS\Mobile App\Assignment\UTS-Transit\UTSTransit\UTSTransit\UTSTransit.csproj::TargetFramework=net9.0-maccatalyst]
C:\Users\ASUS LAPTOP\Desktop\UTS\Mobile App\Assignment\UTS-Transit\UTSTransit\UTSTransit\Views\HomePage.xaml.cs(38,13): error CS0103: The name 'BusImage' does not exist in the current context [C:\Users\ASUS LAPTOP\Desktop\UTS\Mobile App\Assignment\UTS-Transit\UTSTransit\UTSTransit\UTSTransit.csproj::TargetFramework=net9.0-maccatalyst]
C:\Users\ASUS LAPTOP\Desktop\UTS\Mobile App\Assignment\UTS-Transit\UTSTransit\UTSTransit\Views\HomePage.xaml.cs(39,13): error CS0103: The name 'StopSign' does not exist in the current context [C:\Users\ASUS LAPTOP\Desktop\UTS\Mobile App\Assignment\UTS-Transit\UTSTransit\UTSTransit\UTSTransit.csproj::TargetFramework=net9.0-maccatalyst]
C:\Users\ASUS LAPTOP\Desktop\UTS\Mobile App\Assignment\UTS-Transit\UTSTransit\UTSTransit\Views\HomePage.xaml.cs(40,13): error CS0103: The name 'ZzzText' does not exist in the current context [C:\Users\ASUS LAPTOP\Desktop\UTS\Mobile App\Assignment\UTS-Transit\UTSTransit\UTSTransit\UTSTransit.csproj::TargetFramework=net9.0-maccatalyst]
C:\Users\ASUS LAPTOP\Desktop\UTS\Mobile App\Assignment\UTS-Transit\UTSTransit\UTSTransit\Views\HomePage.xaml.cs(41,13): error CS0103: The name 'BusImage' does not exist in the current context [C:\Users\ASUS LAPTOP\Desktop\UTS\Mobile App\Assignment\UTS-Transit\UTSTransit\UTSTransit\UTSTransit.csproj::TargetFramework=net9.0-maccatalyst]
C:\Users\ASUS LAPTOP\Desktop\UTS\Mobile App\Assignment\UTS-Transit\UTSTransit\UTSTransit\Views\HomePage.xaml.cs(42,13): error CS0103: The name 'BusImage' does not exist in the current context [C:\Users\ASUS LAPTOP\Desktop\UTS\Mobile App\Assignment\UTS-Transit\UTSTransit\UTSTransit\UTSTransit.csproj::TargetFramework=net9.0-maccatalyst]
C:\Users\ASUS LAPTOP\Desktop\UTS\Mobile App\Assignment\UTS-Transit\UTSTransit\UTSTransit\Views\HomePage.xaml.cs(53,21): error CS0103: The name 'BusImage' does not exist in the current context [C:\Users\ASUS LAPTOP\Desktop\UTS\Mobile App\Assignment\UTS-Transit\UTSTransit\UTSTransit\UTSTransit.csproj::TargetFramework=net9.0-maccatalyst]
C:\Users\ASUS LAPTOP\Desktop\UTS\Mobile App\Assignment\UTS-Transit\UTSTransit\UTSTransit\Views\HomePage.xaml.cs(54,21): error CS0103: The name 'ZzzText' does not exist in the current context [C:\Users\ASUS LAPTOP\Desktop\UTS\Mobile App\Assignment\UTS-Transit\UTSTransit\UTSTransit\UTSTransit.csproj::TargetFramework=net9.0-maccatalyst]
C:\Users\ASUS LAPTOP\Desktop\UTS\Mobile App\Assignment\UTS-Transit\UTSTransit\UTSTransit\Views\HomePage.xaml.cs(59,21): error CS0103: The name 'BusImage' does not exist in the current context [C:\Users\ASUS LAPTOP\Desktop\UTS\Mobile App\Assignment\UTS-Transit\UTSTransit\UTSTransit\UTSTransit.csproj::TargetFramework=net9.0-maccatalyst]
C:\Users\ASUS LAPTOP\Desktop\UTS\Mobile App\Assignment\UTS-Transit\UTSTransit\UTSTransit\Views\HomePage.xaml.cs(60,21): error CS0103: The name 'StopSign' does not exist in the current context [C:\Users\ASUS LAPTOP\Desktop\UTS\Mobile App\Assignment\UTS-Transit\UTSTransit\UTSTransit\UTSTransit.csproj::TargetFramework=net9.0-maccatalyst]
C:\Users\ASUS LAPTOP\Desktop\UTS\Mobile App\Assignment\UTS-Transit\UTSTransit\UTSTransit\Views\HomePage.xaml.cs(63,21): error CS0103: The name 'BusImage' does not exist in the current context [C:\Users\ASUS LAPTOP\Desktop\UTS\Mobile App\Assignment\UTS-Transit\UTSTransit\UTSTransit\UTSTransit.csproj::TargetFramework=net9.0-maccatalyst]
C:\Users\ASUS LAPTOP\Desktop\UTS\Mobile App\Assignment\UTS-Transit\UTSTransit\UTSTransit\Views\HomePage.xaml.cs(64,21): error CS0103: The name 'BusImage' does not exist in the current context [C:\Users\ASUS LAPTOP\Desktop\UTS\Mobile App\Assignment\UTS-Transit\UTSTransit\UTSTransit\UTSTransit.csproj::TargetFramework=net9.0-maccatalyst]
C:\Users\ASUS LAPTOP\Desktop\UTS\Mobile App\Assignment\UTS-Transit\UTSTransit\UTSTransit\Views\HomePage.xaml.cs(73,17): error CS0103: The name 'BusImage' does not exist in the current context [C:\Users\ASUS LAPTOP\Desktop\UTS\Mobile App\Assignment\UTS-Transit\UTSTransit\UTSTransit\UTSTransit.csproj::TargetFramework=net9.0-maccatalyst]
C:\Users\ASUS LAPTOP\Desktop\UTS\Mobile App\Assignment\UTS-Transit\UTSTransit\UTSTransit\Views\HomePage.xaml.cs(74,23): error CS0103: The name 'BusImage' does not exist in the current context [C:\Users\ASUS LAPTOP\Desktop\UTS\Mobile App\Assignment\UTS-Transit\UTSTransit\UTSTransit\UTSTransit.csproj::TargetFramework=net9.0-maccatalyst]
C:\Users\ASUS LAPTOP\Desktop\UTS\Mobile App\Assignment\UTS-Transit\UTSTransit\UTSTransit\Views\HomePage.xaml.cs(81,20): error CS0103: The name 'ZzzText' does not exist in the current context [C:\Users\ASUS LAPTOP\Desktop\UTS\Mobile App\Assignment\UTS-Transit\UTSTransit\UTSTransit\UTSTransit.csproj::TargetFramework=net9.0-maccatalyst]
C:\Users\ASUS LAPTOP\Desktop\UTS\Mobile App\Assignment\UTS-Transit\UTSTransit\UTSTransit\Views\HomePage.xaml.cs(83,23): error CS0103: The name 'ZzzText' does not exist in the current context [C:\Users\ASUS LAPTOP\Desktop\UTS\Mobile App\Assignment\UTS-Transit\UTSTransit\UTSTransit\UTSTransit.csproj::TargetFramework=net9.0-maccatalyst]
C:\Users\ASUS LAPTOP\Desktop\UTS\Mobile App\Assignment\UTS-Transit\UTSTransit\UTSTransit\Views\HomePage.xaml.cs(84,23): error CS0103: The name 'ZzzText' does not exist in the current context [C:\Users\ASUS LAPTOP\Desktop\UTS\Mobile App\Assignment\UTS-Transit\UTSTransit\UTSTransit\UTSTransit.csproj::TargetFramework=net9.0-maccatalyst]
C:\Users\ASUS LAPTOP\Desktop\UTS\Mobile App\Assignment\UTS-Transit\UTSTransit\UTSTransit\Views\HomePage.xaml.cs(21,26): error CS1061: 'HomePageViewModel' does not contain a definition for 'LoadProfileData' and no accessible extension method 'LoadProfileData' accepting a first argument of type 'HomePageViewModel' could be found (are you missing a using directive or an assembly reference?) [C:\Users\ASUS LAPTOP\Desktop\UTS\Mobile App\Assignment\UTS-Transit\UTSTransit\UTSTransit\UTSTransit.csproj::TargetFramework=net9.0-ios]
C:\Users\ASUS LAPTOP\Desktop\UTS\Mobile App\Assignment\UTS-Transit\UTSTransit\UTSTransit\Views\HomePage.xaml.cs(38,13): error CS0103: The name 'BusImage' does not exist in the current context [C:\Users\ASUS LAPTOP\Desktop\UTS\Mobile App\Assignment\UTS-Transit\UTSTransit\UTSTransit\UTSTransit.csproj::TargetFramework=net9.0-ios]
C:\Users\ASUS LAPTOP\Desktop\UTS\Mobile App\Assignment\UTS-Transit\UTSTransit\UTSTransit\Views\HomePage.xaml.cs(39,13): error CS0103: The name 'StopSign' does not exist in the current context [C:\Users\ASUS LAPTOP\Desktop\UTS\Mobile App\Assignment\UTS-Transit\UTSTransit\UTSTransit\UTSTransit.csproj::TargetFramework=net9.0-ios]
C:\Users\ASUS LAPTOP\Desktop\UTS\Mobile App\Assignment\UTS-Transit\UTSTransit\UTSTransit\Views\HomePage.xaml.cs(40,13): error CS0103: The name 'ZzzText' does not exist in the current context [C:\Users\ASUS LAPTOP\Desktop\UTS\Mobile App\Assignment\UTS-Transit\UTSTransit\UTSTransit\UTSTransit.csproj::TargetFramework=net9.0-ios]
C:\Users\ASUS LAPTOP\Desktop\UTS\Mobile App\Assignment\UTS-Transit\UTSTransit\UTSTransit\Views\HomePage.xaml.cs(41,13): error CS0103: The name 'BusImage' does not exist in the current context [C:\Users\ASUS LAPTOP\Desktop\UTS\Mobile App\Assignment\UTS-Transit\UTSTransit\UTSTransit\UTSTransit.csproj::TargetFramework=net9.0-ios]
C:\Users\ASUS LAPTOP\Desktop\UTS\Mobile App\Assignment\UTS-Transit\UTSTransit\UTSTransit\Views\HomePage.xaml.cs(42,13): error CS0103: The name 'BusImage' does not exist in the current context [C:\Users\ASUS LAPTOP\Desktop\UTS\Mobile App\Assignment\UTS-Transit\UTSTransit\UTSTransit\UTSTransit.csproj::TargetFramework=net9.0-ios]
C:\Users\ASUS LAPTOP\Desktop\UTS\Mobile App\Assignment\UTS-Transit\UTSTransit\UTSTransit\Views\HomePage.xaml.cs(53,21): error CS0103: The name 'BusImage' does not exist in the current context [C:\Users\ASUS LAPTOP\Desktop\UTS\Mobile App\Assignment\UTS-Transit\UTSTransit\UTSTransit\UTSTransit.csproj::TargetFramework=net9.0-ios]
C:\Users\ASUS LAPTOP\Desktop\UTS\Mobile App\Assignment\UTS-Transit\UTSTransit\UTSTransit\Views\HomePage.xaml.cs(54,21): error CS0103: The name 'ZzzText' does not exist in the current context [C:\Users\ASUS LAPTOP\Desktop\UTS\Mobile App\Assignment\UTS-Transit\UTSTransit\UTSTransit\UTSTransit.csproj::TargetFramework=net9.0-ios]
C:\Users\ASUS LAPTOP\Desktop\UTS\Mobile App\Assignment\UTS-Transit\UTSTransit\UTSTransit\Views\HomePage.xaml.cs(59,21): error CS0103: The name 'BusImage' does not exist in the current context [C:\Users\ASUS LAPTOP\Desktop\UTS\Mobile App\Assignment\UTS-Transit\UTSTransit\UTSTransit\UTSTransit.csproj::TargetFramework=net9.0-ios]
C:\Users\ASUS LAPTOP\Desktop\UTS\Mobile App\Assignment\UTS-Transit\UTSTransit\UTSTransit\Views\HomePage.xaml.cs(60,21): error CS0103: The name 'StopSign' does not exist in the current context [C:\Users\ASUS LAPTOP\Desktop\UTS\Mobile App\Assignment\UTS-Transit\UTSTransit\UTSTransit\UTSTransit.csproj::TargetFramework=net9.0-ios]
C:\Users\ASUS LAPTOP\Desktop\UTS\Mobile App\Assignment\UTS-Transit\UTSTransit\UTSTransit\Views\HomePage.xaml.cs(63,21): error CS0103: The name 'BusImage' does not exist in the current context [C:\Users\ASUS LAPTOP\Desktop\UTS\Mobile App\Assignment\UTS-Transit\UTSTransit\UTSTransit\UTSTransit.csproj::TargetFramework=net9.0-ios]
C:\Users\ASUS LAPTOP\Desktop\UTS\Mobile App\Assignment\UTS-Transit\UTSTransit\UTSTransit\Views\HomePage.xaml.cs(64,21): error CS0103: The name 'BusImage' does not exist in the current context [C:\Users\ASUS LAPTOP\Desktop\UTS\Mobile App\Assignment\UTS-Transit\UTSTransit\UTSTransit\UTSTransit.csproj::TargetFramework=net9.0-ios]
C:\Users\ASUS LAPTOP\Desktop\UTS\Mobile App\Assignment\UTS-Transit\UTSTransit\UTSTransit\Views\HomePage.xaml.cs(73,17): error CS0103: The name 'BusImage' does not exist in the current context [C:\Users\ASUS LAPTOP\Desktop\UTS\Mobile App\Assignment\UTS-Transit\UTSTransit\UTSTransit\UTSTransit.csproj::TargetFramework=net9.0-ios]
C:\Users\ASUS LAPTOP\Desktop\UTS\Mobile App\Assignment\UTS-Transit\UTSTransit\UTSTransit\Views\HomePage.xaml.cs(74,23): error CS0103: The name 'BusImage' does not exist in the current context [C:\Users\ASUS LAPTOP\Desktop\UTS\Mobile App\Assignment\UTS-Transit\UTSTransit\UTSTransit\UTSTransit.csproj::TargetFramework=net9.0-ios]
C:\Users\ASUS LAPTOP\Desktop\UTS\Mobile App\Assignment\UTS-Transit\UTSTransit\UTSTransit\Views\HomePage.xaml.cs(81,20): error CS0103: The name 'ZzzText' does not exist in the current context [C:\Users\ASUS LAPTOP\Desktop\UTS\Mobile App\Assignment\UTS-Transit\UTSTransit\UTSTransit\UTSTransit.csproj::TargetFramework=net9.0-ios]
C:\Users\ASUS LAPTOP\Desktop\UTS\Mobile App\Assignment\UTS-Transit\UTSTransit\UTSTransit\Views\HomePage.xaml.cs(83,23): error CS0103: The name 'ZzzText' does not exist in the current context [C:\Users\ASUS LAPTOP\Desktop\UTS\Mobile App\Assignment\UTS-Transit\UTSTransit\UTSTransit\UTSTransit.csproj::TargetFramework=net9.0-ios]
C:\Users\ASUS LAPTOP\Desktop\UTS\Mobile App\Assignment\UTS-Transit\UTSTransit\UTSTransit\Views\HomePage.xaml.cs(84,23): error CS0103: The name 'ZzzText' does not exist in the current context [C:\Users\ASUS LAPTOP\Desktop\UTS\Mobile App\Assignment\UTS-Transit\UTSTransit\UTSTransit\UTSTransit.csproj::TargetFramework=net9.0-ios]
C:\Users\ASUS LAPTOP\Desktop\UTS\Mobile App\Assignment\UTS-Transit\UTSTransit\UTSTransit\Views\HomePage.xaml.cs(21,26): error CS1061: 'HomePageViewModel' does not contain a definition for 'LoadProfileData' and no accessible extension method 'LoadProfileData' accepting a first argument of type 'HomePageViewModel' could be found (are you missing a using directive or an assembly reference?) [C:\Users\ASUS LAPTOP\Desktop\UTS\Mobile App\Assignment\UTS-Transit\UTSTransit\UTSTransit\UTSTransit.csproj::TargetFramework=net9.0-windows10.0.19041.0]
C:\Users\ASUS LAPTOP\Desktop\UTS\Mobile App\Assignment\UTS-Transit\UTSTransit\UTSTransit\Views\HomePage.xaml.cs(38,13): error CS0103: The name 'BusImage' does not exist in the current context [C:\Users\ASUS LAPTOP\Desktop\UTS\Mobile App\Assignment\UTS-Transit\UTSTransit\UTSTransit\UTSTransit.csproj::TargetFramework=net9.0-windows10.0.19041.0]
C:\Users\ASUS LAPTOP\Desktop\UTS\Mobile App\Assignment\UTS-Transit\UTSTransit\UTSTransit\Views\HomePage.xaml.cs(39,13): error CS0103: The name 'StopSign' does not exist in the current context [C:\Users\ASUS LAPTOP\Desktop\UTS\Mobile App\Assignment\UTS-Transit\UTSTransit\UTSTransit\UTSTransit.csproj::TargetFramework=net9.0-windows10.0.19041.0]
C:\Users\ASUS LAPTOP\Desktop\UTS\Mobile App\Assignment\UTS-Transit\UTSTransit\UTSTransit\Views\HomePage.xaml.cs(40,13): error CS0103: The name 'ZzzText' does not exist in the current context [C:\Users\ASUS LAPTOP\Desktop\UTS\Mobile App\Assignment\UTS-Transit\UTSTransit\UTSTransit\UTSTransit.csproj::TargetFramework=net9.0-windows10.0.19041.0]
C:\Users\ASUS LAPTOP\Desktop\UTS\Mobile App\Assignment\UTS-Transit\UTSTransit\UTSTransit\Views\HomePage.xaml.cs(41,13): error CS0103: The name 'BusImage' does not exist in the current context [C:\Users\ASUS LAPTOP\Desktop\UTS\Mobile App\Assignment\UTS-Transit\UTSTransit\UTSTransit\UTSTransit.csproj::TargetFramework=net9.0-windows10.0.19041.0]
C:\Users\ASUS LAPTOP\Desktop\UTS\Mobile App\Assignment\UTS-Transit\UTSTransit\UTSTransit\Views\HomePage.xaml.cs(42,13): error CS0103: The name 'BusImage' does not exist in the current context [C:\Users\ASUS LAPTOP\Desktop\UTS\Mobile App\Assignment\UTS-Transit\UTSTransit\UTSTransit\UTSTransit.csproj::TargetFramework=net9.0-windows10.0.19041.0]
C:\Users\ASUS LAPTOP\Desktop\UTS\Mobile App\Assignment\UTS-Transit\UTSTransit\UTSTransit\Views\HomePage.xaml.cs(53,21): error CS0103: The name 'BusImage' does not exist in the current context [C:\Users\ASUS LAPTOP\Desktop\UTS\Mobile App\Assignment\UTS-Transit\UTSTransit\UTSTransit\UTSTransit.csproj::TargetFramework=net9.0-windows10.0.19041.0]
C:\Users\ASUS LAPTOP\Desktop\UTS\Mobile App\Assignment\UTS-Transit\UTSTransit\UTSTransit\Views\HomePage.xaml.cs(54,21): error CS0103: The name 'ZzzText' does not exist in the current context [C:\Users\ASUS LAPTOP\Desktop\UTS\Mobile App\Assignment\UTS-Transit\UTSTransit\UTSTransit\UTSTransit.csproj::TargetFramework=net9.0-windows10.0.19041.0]
C:\Users\ASUS LAPTOP\Desktop\UTS\Mobile App\Assignment\UTS-Transit\UTSTransit\UTSTransit\Views\HomePage.xaml.cs(59,21): error CS0103: The name 'BusImage' does not exist in the current context [C:\Users\ASUS LAPTOP\Desktop\UTS\Mobile App\Assignment\UTS-Transit\UTSTransit\UTSTransit\UTSTransit.csproj::TargetFramework=net9.0-windows10.0.19041.0]
C:\Users\ASUS LAPTOP\Desktop\UTS\Mobile App\Assignment\UTS-Transit\UTSTransit\UTSTransit\Views\HomePage.xaml.cs(60,21): error CS0103: The name 'StopSign' does not exist in the current context [C:\Users\ASUS LAPTOP\Desktop\UTS\Mobile App\Assignment\UTS-Transit\UTSTransit\UTSTransit\UTSTransit.csproj::TargetFramework=net9.0-windows10.0.19041.0]
C:\Users\ASUS LAPTOP\Desktop\UTS\Mobile App\Assignment\UTS-Transit\UTSTransit\UTSTransit\Views\HomePage.xaml.cs(63,21): error CS0103: The name 'BusImage' does not exist in the current context [C:\Users\ASUS LAPTOP\Desktop\UTS\Mobile App\Assignment\UTS-Transit\UTSTransit\UTSTransit\UTSTransit.csproj::TargetFramework=net9.0-windows10.0.19041.0]
C:\Users\ASUS LAPTOP\Desktop\UTS\Mobile App\Assignment\UTS-Transit\UTSTransit\UTSTransit\Views\HomePage.xaml.cs(64,21): error CS0103: The name 'BusImage' does not exist in the current context [C:\Users\ASUS LAPTOP\Desktop\UTS\Mobile App\Assignment\UTS-Transit\UTSTransit\UTSTransit\UTSTransit.csproj::TargetFramework=net9.0-windows10.0.19041.0]
C:\Users\ASUS LAPTOP\Desktop\UTS\Mobile App\Assignment\UTS-Transit\UTSTransit\UTSTransit\Views\HomePage.xaml.cs(73,17): error CS0103: The name 'BusImage' does not exist in the current context [C:\Users\ASUS LAPTOP\Desktop\UTS\Mobile App\Assignment\UTS-Transit\UTSTransit\UTSTransit\UTSTransit.csproj::TargetFramework=net9.0-windows10.0.19041.0]
C:\Users\ASUS LAPTOP\Desktop\UTS\Mobile App\Assignment\UTS-Transit\UTSTransit\UTSTransit\Views\HomePage.xaml.cs(74,23): error CS0103: The name 'BusImage' does not exist in the current context [C:\Users\ASUS LAPTOP\Desktop\UTS\Mobile App\Assignment\UTS-Transit\UTSTransit\UTSTransit\UTSTransit.csproj::TargetFramework=net9.0-windows10.0.19041.0]
C:\Users\ASUS LAPTOP\Desktop\UTS\Mobile App\Assignment\UTS-Transit\UTSTransit\UTSTransit\Views\HomePage.xaml.cs(81,20): error CS0103: The name 'ZzzText' does not exist in the current context [C:\Users\ASUS LAPTOP\Desktop\UTS\Mobile App\Assignment\UTS-Transit\UTSTransit\UTSTransit\UTSTransit.csproj::TargetFramework=net9.0-windows10.0.19041.0]
C:\Users\ASUS LAPTOP\Desktop\UTS\Mobile App\Assignment\UTS-Transit\UTSTransit\UTSTransit\Views\HomePage.xaml.cs(83,23): error CS0103: The name 'ZzzText' does not exist in the current context [C:\Users\ASUS LAPTOP\Desktop\UTS\Mobile App\Assignment\UTS-Transit\UTSTransit\UTSTransit\UTSTransit.csproj::TargetFramework=net9.0-windows10.0.19041.0]
C:\Users\ASUS LAPTOP\Desktop\UTS\Mobile App\Assignment\UTS-Transit\UTSTransit\UTSTransit\Views\HomePage.xaml.cs(84,23): error CS0103: The name 'ZzzText' does not exist in the current context [C:\Users\ASUS LAPTOP\Desktop\UTS\Mobile App\Assignment\UTS-Transit\UTSTransit\UTSTransit\UTSTransit.csproj::TargetFramework=net9.0-windows10.0.19041.0]
C:\Users\ASUS LAPTOP\Desktop\UTS\Mobile App\Assignment\UTS-Transit\UTSTransit\UTSTransit\Views\HomePage.xaml.cs(21,26): error CS1061: 'HomePageViewModel' does not contain a definition for 'LoadProfileData' and no accessible extension method 'LoadProfileData' accepting a first argument of type 'HomePageViewModel' could be found (are you missing a using directive or an assembly reference?) [C:\Users\ASUS LAPTOP\Desktop\UTS\Mobile App\Assignment\UTS-Transit\UTSTransit\UTSTransit\UTSTransit.csproj::TargetFramework=net9.0-android]
C:\Users\ASUS LAPTOP\Desktop\UTS\Mobile App\Assignment\UTS-Transit\UTSTransit\UTSTransit\Views\HomePage.xaml.cs(38,13): error CS0103: The name 'BusImage' does not exist in the current context [C:\Users\ASUS LAPTOP\Desktop\UTS\Mobile App\Assignment\UTS-Transit\UTSTransit\UTSTransit\UTSTransit.csproj::TargetFramework=net9.0-android]
C:\Users\ASUS LAPTOP\Desktop\UTS\Mobile App\Assignment\UTS-Transit\UTSTransit\UTSTransit\Views\HomePage.xaml.cs(39,13): error CS0103: The name 'StopSign' does not exist in the current context [C:\Users\ASUS LAPTOP\Desktop\UTS\Mobile App\Assignment\UTS-Transit\UTSTransit\UTSTransit\UTSTransit.csproj::TargetFramework=net9.0-android]
C:\Users\ASUS LAPTOP\Desktop\UTS\Mobile App\Assignment\UTS-Transit\UTSTransit\UTSTransit\Views\HomePage.xaml.cs(40,13): error CS0103: The name 'ZzzText' does not exist in the current context [C:\Users\ASUS LAPTOP\Desktop\UTS\Mobile App\Assignment\UTS-Transit\UTSTransit\UTSTransit\UTSTransit.csproj::TargetFramework=net9.0-android]
C:\Users\ASUS LAPTOP\Desktop\UTS\Mobile App\Assignment\UTS-Transit\UTSTransit\UTSTransit\Views\HomePage.xaml.cs(41,13): error CS0103: The name 'BusImage' does not exist in the current context [C:\Users\ASUS LAPTOP\Desktop\UTS\Mobile App\Assignment\UTS-Transit\UTSTransit\UTSTransit\UTSTransit.csproj::TargetFramework=net9.0-android]
C:\Users\ASUS LAPTOP\Desktop\UTS\Mobile App\Assignment\UTS-Transit\UTSTransit\UTSTransit\Views\HomePage.xaml.cs(42,13): error CS0103: The name 'BusImage' does not exist in the current context [C:\Users\ASUS LAPTOP\Desktop\UTS\Mobile App\Assignment\UTS-Transit\UTSTransit\UTSTransit\UTSTransit.csproj::TargetFramework=net9.0-android]
C:\Users\ASUS LAPTOP\Desktop\UTS\Mobile App\Assignment\UTS-Transit\UTSTransit\UTSTransit\Views\HomePage.xaml.cs(53,21): error CS0103: The name 'BusImage' does not exist in the current context [C:\Users\ASUS LAPTOP\Desktop\UTS\Mobile App\Assignment\UTS-Transit\UTSTransit\UTSTransit\UTSTransit.csproj::TargetFramework=net9.0-android]
C:\Users\ASUS LAPTOP\Desktop\UTS\Mobile App\Assignment\UTS-Transit\UTSTransit\UTSTransit\Views\HomePage.xaml.cs(54,21): error CS0103: The name 'ZzzText' does not exist in the current context [C:\Users\ASUS LAPTOP\Desktop\UTS\Mobile App\Assignment\UTS-Transit\UTSTransit\UTSTransit\UTSTransit.csproj::TargetFramework=net9.0-android]
C:\Users\ASUS LAPTOP\Desktop\UTS\Mobile App\Assignment\UTS-Transit\UTSTransit\UTSTransit\Views\HomePage.xaml.cs(59,21): error CS0103: The name 'BusImage' does not exist in the current context [C:\Users\ASUS LAPTOP\Desktop\UTS\Mobile App\Assignment\UTS-Transit\UTSTransit\UTSTransit\UTSTransit.csproj::TargetFramework=net9.0-android]
C:\Users\ASUS LAPTOP\Desktop\UTS\Mobile App\Assignment\UTS-Transit\UTSTransit\UTSTransit\Views\HomePage.xaml.cs(60,21): error CS0103: The name 'StopSign' does not exist in the current context [C:\Users\ASUS LAPTOP\Desktop\UTS\Mobile App\Assignment\UTS-Transit\UTSTransit\UTSTransit\UTSTransit.csproj::TargetFramework=net9.0-android]
C:\Users\ASUS LAPTOP\Desktop\UTS\Mobile App\Assignment\UTS-Transit\UTSTransit\UTSTransit\Views\HomePage.xaml.cs(63,21): error CS0103: The name 'BusImage' does not exist in the current context [C:\Users\ASUS LAPTOP\Desktop\UTS\Mobile App\Assignment\UTS-Transit\UTSTransit\UTSTransit\UTSTransit.csproj::TargetFramework=net9.0-android]
C:\Users\ASUS LAPTOP\Desktop\UTS\Mobile App\Assignment\UTS-Transit\UTSTransit\UTSTransit\Views\HomePage.xaml.cs(64,21): error CS0103: The name 'BusImage' does not exist in the current context [C:\Users\ASUS LAPTOP\Desktop\UTS\Mobile App\Assignment\UTS-Transit\UTSTransit\UTSTransit\UTSTransit.csproj::TargetFramework=net9.0-android]
C:\Users\ASUS LAPTOP\Desktop\UTS\Mobile App\Assignment\UTS-Transit\UTSTransit\UTSTransit\Views\HomePage.xaml.cs(73,17): error CS0103: The name 'BusImage' does not exist in the current context [C:\Users\ASUS LAPTOP\Desktop\UTS\Mobile App\Assignment\UTS-Transit\UTSTransit\UTSTransit\UTSTransit.csproj::TargetFramework=net9.0-android]
C:\Users\ASUS LAPTOP\Desktop\UTS\Mobile App\Assignment\UTS-Transit\UTSTransit\UTSTransit\Views\HomePage.xaml.cs(74,23): error CS0103: The name 'BusImage' does not exist in the current context [C:\Users\ASUS LAPTOP\Desktop\UTS\Mobile App\Assignment\UTS-Transit\UTSTransit\UTSTransit\UTSTransit.csproj::TargetFramework=net9.0-android]
C:\Users\ASUS LAPTOP\Desktop\UTS\Mobile App\Assignment\UTS-Transit\UTSTransit\UTSTransit\Views\HomePage.xaml.cs(81,20): error CS0103: The name 'ZzzText' does not exist in the current context [C:\Users\ASUS LAPTOP\Desktop\UTS\Mobile App\Assignment\UTS-Transit\UTSTransit\UTSTransit\UTSTransit.csproj::TargetFramework=net9.0-android]
C:\Users\ASUS LAPTOP\Desktop\UTS\Mobile App\Assignment\UTS-Transit\UTSTransit\UTSTransit\Views\HomePage.xaml.cs(83,23): error CS0103: The name 'ZzzText' does not exist in the current context [C:\Users\ASUS LAPTOP\Desktop\UTS\Mobile App\Assignment\UTS-Transit\UTSTransit\UTSTransit\UTSTransit.csproj::TargetFramework=net9.0-android]
C:\Users\ASUS LAPTOP\Desktop\UTS\Mobile App\Assignment\UTS-Transit\UTSTransit\UTSTransit\Views\HomePage.xaml.cs(84,23): error CS0103: The name 'ZzzText' does not exist in the current context [C:\Users\ASUS LAPTOP\Desktop\UTS\Mobile App\Assignment\UTS-Transit\UTSTransit\UTSTransit\UTSTransit.csproj::TargetFramework=net9.0-android]
    96 Warning(s)
    68 Error(s)

Time Elapsed 00:00:20.61

Workload updates are available. Run `dotnet workload list` for more information.
