  Determining projects to restore...
  All projects are up-to-date for restore.
C:\Users\ASUS LAPTOP\Desktop\UTS\Mobile App\Assignment\UTS-Transit\UTSTransit\UTSTransit\Services\TransitService.cs(61,143): warning CS8625: Cannot convert null literal to non-nullable reference type. [C:\Users\ASUS LAPTOP\Desktop\UTS\Mobile App\Assignment\UTS-Transit\UTSTransit\UTSTransit\UTSTransit.csproj::TargetFramework=net9.0-ios]
C:\Users\ASUS LAPTOP\Desktop\UTS\Mobile App\Assignment\UTS-Transit\UTSTransit\UTSTransit\Services\TransitService.cs(61,167): warning CS8625: Cannot convert null literal to non-nullable reference type. [C:\Users\ASUS LAPTOP\Desktop\UTS\Mobile App\Assignment\UTS-Transit\UTSTransit\UTSTransit\UTSTransit.csproj::TargetFramework=net9.0-ios]
C:\Users\ASUS LAPTOP\Desktop\UTS\Mobile App\Assignment\UTS-Transit\UTSTransit\UTSTransit\Models\RouteInfo.cs(8,23): warning CS8618: Non-nullable property 'Name' must contain a non-null value when exiting constructor. Consider adding the 'required' modifier or declaring the property as nullable. [C:\Users\ASUS LAPTOP\Desktop\UTS\Mobile App\Assignment\UTS-Transit\UTSTransit\UTSTransit\UTSTransit.csproj::TargetFramework=net9.0-ios]
C:\Users\ASUS LAPTOP\Desktop\UTS\Mobile App\Assignment\UTS-Transit\UTSTransit\UTSTransit\Models\RouteInfo.cs(9,22): warning CS8618: Non-nullable property 'RouteColor' must contain a non-null value when exiting constructor. Consider adding the 'required' modifier or declaring the property as nullable. [C:\Users\ASUS LAPTOP\Desktop\UTS\Mobile App\Assignment\UTS-Transit\UTSTransit\UTSTransit\UTSTransit.csproj::TargetFramework=net9.0-ios]
C:\Users\ASUS LAPTOP\Desktop\UTS\Mobile App\Assignment\UTS-Transit\UTSTransit\UTSTransit\Models\RouteInfo.cs(10,31): warning CS8618: Non-nullable property 'Coordinates' must contain a non-null value when exiting constructor. Consider adding the 'required' modifier or declaring the property as nullable. [C:\Users\ASUS LAPTOP\Desktop\UTS\Mobile App\Assignment\UTS-Transit\UTSTransit\UTSTransit\UTSTransit.csproj::TargetFramework=net9.0-ios]
C:\Users\ASUS LAPTOP\Desktop\UTS\Mobile App\Assignment\UTS-Transit\UTSTransit\UTSTransit\Views\MapPage.xaml.cs(20,12): warning CS8618: Non-nullable field '_routesLayer' must contain a non-null value when exiting constructor. Consider adding the 'required' modifier or declaring the field as nullable. [C:\Users\ASUS LAPTOP\Desktop\UTS\Mobile App\Assignment\UTS-Transit\UTSTransit\UTSTransit\UTSTransit.csproj::TargetFramework=net9.0-ios]
C:\Users\ASUS LAPTOP\Desktop\UTS\Mobile App\Assignment\UTS-Transit\UTSTransit\UTSTransit\Services\TransitService.cs(136,24): warning CS8603: Possible null reference return. [C:\Users\ASUS LAPTOP\Desktop\UTS\Mobile App\Assignment\UTS-Transit\UTSTransit\UTSTransit\UTSTransit.csproj::TargetFramework=net9.0-ios]
C:\Users\ASUS LAPTOP\Desktop\UTS\Mobile App\Assignment\UTS-Transit\UTSTransit\UTSTransit\Services\TransitService.cs(151,21): error CS0117: 'Announcement' does not contain a definition for 'Date' [C:\Users\ASUS LAPTOP\Desktop\UTS\Mobile App\Assignment\UTS-Transit\UTSTransit\UTSTransit\UTSTransit.csproj::TargetFramework=net9.0-ios]
C:\Users\ASUS LAPTOP\Desktop\UTS\Mobile App\Assignment\UTS-Transit\UTSTransit\UTSTransit\Services\TransitService.cs(157,21): error CS0117: 'Announcement' does not contain a definition for 'Date' [C:\Users\ASUS LAPTOP\Desktop\UTS\Mobile App\Assignment\UTS-Transit\UTSTransit\UTSTransit\UTSTransit.csproj::TargetFramework=net9.0-ios]
C:\Users\ASUS LAPTOP\Desktop\UTS\Mobile App\Assignment\UTS-Transit\UTSTransit\UTSTransit\Services\TransitService.cs(163,21): error CS0117: 'Announcement' does not contain a definition for 'Date' [C:\Users\ASUS LAPTOP\Desktop\UTS\Mobile App\Assignment\UTS-Transit\UTSTransit\UTSTransit\UTSTransit.csproj::TargetFramework=net9.0-ios]
C:\Users\ASUS LAPTOP\Desktop\UTS\Mobile App\Assignment\UTS-Transit\UTSTransit\UTSTransit\Services\TransitService.cs(226,55): warning CS1998: This async method lacks 'await' operators and will run synchronously. Consider using the 'await' operator to await non-blocking API calls, or 'await Task.Run(...)' to do CPU-bound work on a background thread. [C:\Users\ASUS LAPTOP\Desktop\UTS\Mobile App\Assignment\UTS-Transit\UTSTransit\UTSTransit\UTSTransit.csproj::TargetFramework=net9.0-ios]
C:\Users\ASUS LAPTOP\Desktop\UTS\Mobile App\Assignment\UTS-Transit\UTSTransit\UTSTransit\Services\TransitService.cs(61,143): warning CS8625: Cannot convert null literal to non-nullable reference type. [C:\Users\ASUS LAPTOP\Desktop\UTS\Mobile App\Assignment\UTS-Transit\UTSTransit\UTSTransit\UTSTransit.csproj::TargetFramework=net9.0-android]
C:\Users\ASUS LAPTOP\Desktop\UTS\Mobile App\Assignment\UTS-Transit\UTSTransit\UTSTransit\Services\TransitService.cs(61,167): warning CS8625: Cannot convert null literal to non-nullable reference type. [C:\Users\ASUS LAPTOP\Desktop\UTS\Mobile App\Assignment\UTS-Transit\UTSTransit\UTSTransit\UTSTransit.csproj::TargetFramework=net9.0-android]
C:\Users\ASUS LAPTOP\Desktop\UTS\Mobile App\Assignment\UTS-Transit\UTSTransit\UTSTransit\Models\RouteInfo.cs(8,23): warning CS8618: Non-nullable property 'Name' must contain a non-null value when exiting constructor. Consider adding the 'required' modifier or declaring the property as nullable. [C:\Users\ASUS LAPTOP\Desktop\UTS\Mobile App\Assignment\UTS-Transit\UTSTransit\UTSTransit\UTSTransit.csproj::TargetFramework=net9.0-android]
C:\Users\ASUS LAPTOP\Desktop\UTS\Mobile App\Assignment\UTS-Transit\UTSTransit\UTSTransit\Models\RouteInfo.cs(9,22): warning CS8618: Non-nullable property 'RouteColor' must contain a non-null value when exiting constructor. Consider adding the 'required' modifier or declaring the property as nullable. [C:\Users\ASUS LAPTOP\Desktop\UTS\Mobile App\Assignment\UTS-Transit\UTSTransit\UTSTransit\UTSTransit.csproj::TargetFramework=net9.0-android]
C:\Users\ASUS LAPTOP\Desktop\UTS\Mobile App\Assignment\UTS-Transit\UTSTransit\UTSTransit\Models\RouteInfo.cs(10,31): warning CS8618: Non-nullable property 'Coordinates' must contain a non-null value when exiting constructor. Consider adding the 'required' modifier or declaring the property as nullable. [C:\Users\ASUS LAPTOP\Desktop\UTS\Mobile App\Assignment\UTS-Transit\UTSTransit\UTSTransit\UTSTransit.csproj::TargetFramework=net9.0-android]
C:\Users\ASUS LAPTOP\Desktop\UTS\Mobile App\Assignment\UTS-Transit\UTSTransit\UTSTransit\Views\MapPage.xaml.cs(20,12): warning CS8618: Non-nullable field '_routesLayer' must contain a non-null value when exiting constructor. Consider adding the 'required' modifier or declaring the field as nullable. [C:\Users\ASUS LAPTOP\Desktop\UTS\Mobile App\Assignment\UTS-Transit\UTSTransit\UTSTransit\UTSTransit.csproj::TargetFramework=net9.0-android]
C:\Users\ASUS LAPTOP\Desktop\UTS\Mobile App\Assignment\UTS-Transit\UTSTransit\UTSTransit\Services\TransitService.cs(136,24): warning CS8603: Possible null reference return. [C:\Users\ASUS LAPTOP\Desktop\UTS\Mobile App\Assignment\UTS-Transit\UTSTransit\UTSTransit\UTSTransit.csproj::TargetFramework=net9.0-android]
C:\Users\ASUS LAPTOP\Desktop\UTS\Mobile App\Assignment\UTS-Transit\UTSTransit\UTSTransit\Services\TransitService.cs(151,21): error CS0117: 'Announcement' does not contain a definition for 'Date' [C:\Users\ASUS LAPTOP\Desktop\UTS\Mobile App\Assignment\UTS-Transit\UTSTransit\UTSTransit\UTSTransit.csproj::TargetFramework=net9.0-android]
C:\Users\ASUS LAPTOP\Desktop\UTS\Mobile App\Assignment\UTS-Transit\UTSTransit\UTSTransit\Services\TransitService.cs(157,21): error CS0117: 'Announcement' does not contain a definition for 'Date' [C:\Users\ASUS LAPTOP\Desktop\UTS\Mobile App\Assignment\UTS-Transit\UTSTransit\UTSTransit\UTSTransit.csproj::TargetFramework=net9.0-android]
C:\Users\ASUS LAPTOP\Desktop\UTS\Mobile App\Assignment\UTS-Transit\UTSTransit\UTSTransit\Services\TransitService.cs(163,21): error CS0117: 'Announcement' does not contain a definition for 'Date' [C:\Users\ASUS LAPTOP\Desktop\UTS\Mobile App\Assignment\UTS-Transit\UTSTransit\UTSTransit\UTSTransit.csproj::TargetFramework=net9.0-android]
C:\Users\ASUS LAPTOP\Desktop\UTS\Mobile App\Assignment\UTS-Transit\UTSTransit\UTSTransit\Services\TransitService.cs(226,55): warning CS1998: This async method lacks 'await' operators and will run synchronously. Consider using the 'await' operator to await non-blocking API calls, or 'await Task.Run(...)' to do CPU-bound work on a background thread. [C:\Users\ASUS LAPTOP\Desktop\UTS\Mobile App\Assignment\UTS-Transit\UTSTransit\UTSTransit\UTSTransit.csproj::TargetFramework=net9.0-android]
C:\Users\ASUS LAPTOP\Desktop\UTS\Mobile App\Assignment\UTS-Transit\UTSTransit\UTSTransit\Services\TransitService.cs(61,143): warning CS8625: Cannot convert null literal to non-nullable reference type. [C:\Users\ASUS LAPTOP\Desktop\UTS\Mobile App\Assignment\UTS-Transit\UTSTransit\UTSTransit\UTSTransit.csproj::TargetFramework=net9.0-maccatalyst]
C:\Users\ASUS LAPTOP\Desktop\UTS\Mobile App\Assignment\UTS-Transit\UTSTransit\UTSTransit\Services\TransitService.cs(61,167): warning CS8625: Cannot convert null literal to non-nullable reference type. [C:\Users\ASUS LAPTOP\Desktop\UTS\Mobile App\Assignment\UTS-Transit\UTSTransit\UTSTransit\UTSTransit.csproj::TargetFramework=net9.0-maccatalyst]
C:\Users\ASUS LAPTOP\Desktop\UTS\Mobile App\Assignment\UTS-Transit\UTSTransit\UTSTransit\Views\MapPage.xaml.cs(20,12): warning CS8618: Non-nullable field '_routesLayer' must contain a non-null value when exiting constructor. Consider adding the 'required' modifier or declaring the field as nullable. [C:\Users\ASUS LAPTOP\Desktop\UTS\Mobile App\Assignment\UTS-Transit\UTSTransit\UTSTransit\UTSTransit.csproj::TargetFramework=net9.0-maccatalyst]
C:\Users\ASUS LAPTOP\Desktop\UTS\Mobile App\Assignment\UTS-Transit\UTSTransit\UTSTransit\Models\RouteInfo.cs(8,23): warning CS8618: Non-nullable property 'Name' must contain a non-null value when exiting constructor. Consider adding the 'required' modifier or declaring the property as nullable. [C:\Users\ASUS LAPTOP\Desktop\UTS\Mobile App\Assignment\UTS-Transit\UTSTransit\UTSTransit\UTSTransit.csproj::TargetFramework=net9.0-maccatalyst]
C:\Users\ASUS LAPTOP\Desktop\UTS\Mobile App\Assignment\UTS-Transit\UTSTransit\UTSTransit\Models\RouteInfo.cs(9,22): warning CS8618: Non-nullable property 'RouteColor' must contain a non-null value when exiting constructor. Consider adding the 'required' modifier or declaring the property as nullable. [C:\Users\ASUS LAPTOP\Desktop\UTS\Mobile App\Assignment\UTS-Transit\UTSTransit\UTSTransit\UTSTransit.csproj::TargetFramework=net9.0-maccatalyst]
C:\Users\ASUS LAPTOP\Desktop\UTS\Mobile App\Assignment\UTS-Transit\UTSTransit\UTSTransit\Models\RouteInfo.cs(10,31): warning CS8618: Non-nullable property 'Coordinates' must contain a non-null value when exiting constructor. Consider adding the 'required' modifier or declaring the property as nullable. [C:\Users\ASUS LAPTOP\Desktop\UTS\Mobile App\Assignment\UTS-Transit\UTSTransit\UTSTransit\UTSTransit.csproj::TargetFramework=net9.0-maccatalyst]
C:\Users\ASUS LAPTOP\Desktop\UTS\Mobile App\Assignment\UTS-Transit\UTSTransit\UTSTransit\Services\TransitService.cs(136,24): warning CS8603: Possible null reference return. [C:\Users\ASUS LAPTOP\Desktop\UTS\Mobile App\Assignment\UTS-Transit\UTSTransit\UTSTransit\UTSTransit.csproj::TargetFramework=net9.0-maccatalyst]
C:\Users\ASUS LAPTOP\Desktop\UTS\Mobile App\Assignment\UTS-Transit\UTSTransit\UTSTransit\Services\TransitService.cs(151,21): error CS0117: 'Announcement' does not contain a definition for 'Date' [C:\Users\ASUS LAPTOP\Desktop\UTS\Mobile App\Assignment\UTS-Transit\UTSTransit\UTSTransit\UTSTransit.csproj::TargetFramework=net9.0-maccatalyst]
C:\Users\ASUS LAPTOP\Desktop\UTS\Mobile App\Assignment\UTS-Transit\UTSTransit\UTSTransit\Services\TransitService.cs(157,21): error CS0117: 'Announcement' does not contain a definition for 'Date' [C:\Users\ASUS LAPTOP\Desktop\UTS\Mobile App\Assignment\UTS-Transit\UTSTransit\UTSTransit\UTSTransit.csproj::TargetFramework=net9.0-maccatalyst]
C:\Users\ASUS LAPTOP\Desktop\UTS\Mobile App\Assignment\UTS-Transit\UTSTransit\UTSTransit\Services\TransitService.cs(163,21): error CS0117: 'Announcement' does not contain a definition for 'Date' [C:\Users\ASUS LAPTOP\Desktop\UTS\Mobile App\Assignment\UTS-Transit\UTSTransit\UTSTransit\UTSTransit.csproj::TargetFramework=net9.0-maccatalyst]
C:\Users\ASUS LAPTOP\Desktop\UTS\Mobile App\Assignment\UTS-Transit\UTSTransit\UTSTransit\Services\TransitService.cs(226,55): warning CS1998: This async method lacks 'await' operators and will run synchronously. Consider using the 'await' operator to await non-blocking API calls, or 'await Task.Run(...)' to do CPU-bound work on a background thread. [C:\Users\ASUS LAPTOP\Desktop\UTS\Mobile App\Assignment\UTS-Transit\UTSTransit\UTSTransit\UTSTransit.csproj::TargetFramework=net9.0-maccatalyst]
C:\Users\ASUS LAPTOP\Desktop\UTS\Mobile App\Assignment\UTS-Transit\UTSTransit\UTSTransit\Services\TransitService.cs(61,143): warning CS8625: Cannot convert null literal to non-nullable reference type. [C:\Users\ASUS LAPTOP\Desktop\UTS\Mobile App\Assignment\UTS-Transit\UTSTransit\UTSTransit\UTSTransit.csproj::TargetFramework=net9.0-windows10.0.19041.0]
C:\Users\ASUS LAPTOP\Desktop\UTS\Mobile App\Assignment\UTS-Transit\UTSTransit\UTSTransit\Services\TransitService.cs(61,167): warning CS8625: Cannot convert null literal to non-nullable reference type. [C:\Users\ASUS LAPTOP\Desktop\UTS\Mobile App\Assignment\UTS-Transit\UTSTransit\UTSTransit\UTSTransit.csproj::TargetFramework=net9.0-windows10.0.19041.0]
C:\Users\ASUS LAPTOP\Desktop\UTS\Mobile App\Assignment\UTS-Transit\UTSTransit\UTSTransit\Models\RouteInfo.cs(8,23): warning CS8618: Non-nullable property 'Name' must contain a non-null value when exiting constructor. Consider adding the 'required' modifier or declaring the property as nullable. [C:\Users\ASUS LAPTOP\Desktop\UTS\Mobile App\Assignment\UTS-Transit\UTSTransit\UTSTransit\UTSTransit.csproj::TargetFramework=net9.0-windows10.0.19041.0]
C:\Users\ASUS LAPTOP\Desktop\UTS\Mobile App\Assignment\UTS-Transit\UTSTransit\UTSTransit\Models\RouteInfo.cs(9,22): warning CS8618: Non-nullable property 'RouteColor' must contain a non-null value when exiting constructor. Consider adding the 'required' modifier or declaring the property as nullable. [C:\Users\ASUS LAPTOP\Desktop\UTS\Mobile App\Assignment\UTS-Transit\UTSTransit\UTSTransit\UTSTransit.csproj::TargetFramework=net9.0-windows10.0.19041.0]
C:\Users\ASUS LAPTOP\Desktop\UTS\Mobile App\Assignment\UTS-Transit\UTSTransit\UTSTransit\Models\RouteInfo.cs(10,31): warning CS8618: Non-nullable property 'Coordinates' must contain a non-null value when exiting constructor. Consider adding the 'required' modifier or declaring the property as nullable. [C:\Users\ASUS LAPTOP\Desktop\UTS\Mobile App\Assignment\UTS-Transit\UTSTransit\UTSTransit\UTSTransit.csproj::TargetFramework=net9.0-windows10.0.19041.0]
C:\Users\ASUS LAPTOP\Desktop\UTS\Mobile App\Assignment\UTS-Transit\UTSTransit\UTSTransit\Views\MapPage.xaml.cs(20,12): warning CS8618: Non-nullable field '_routesLayer' must contain a non-null value when exiting constructor. Consider adding the 'required' modifier or declaring the field as nullable. [C:\Users\ASUS LAPTOP\Desktop\UTS\Mobile App\Assignment\UTS-Transit\UTSTransit\UTSTransit\UTSTransit.csproj::TargetFramework=net9.0-windows10.0.19041.0]
C:\Users\ASUS LAPTOP\Desktop\UTS\Mobile App\Assignment\UTS-Transit\UTSTransit\UTSTransit\Services\TransitService.cs(136,24): warning CS8603: Possible null reference return. [C:\Users\ASUS LAPTOP\Desktop\UTS\Mobile App\Assignment\UTS-Transit\UTSTransit\UTSTransit\UTSTransit.csproj::TargetFramework=net9.0-windows10.0.19041.0]
C:\Users\ASUS LAPTOP\Desktop\UTS\Mobile App\Assignment\UTS-Transit\UTSTransit\UTSTransit\Services\TransitService.cs(151,21): error CS0117: 'Announcement' does not contain a definition for 'Date' [C:\Users\ASUS LAPTOP\Desktop\UTS\Mobile App\Assignment\UTS-Transit\UTSTransit\UTSTransit\UTSTransit.csproj::TargetFramework=net9.0-windows10.0.19041.0]
C:\Users\ASUS LAPTOP\Desktop\UTS\Mobile App\Assignment\UTS-Transit\UTSTransit\UTSTransit\Services\TransitService.cs(157,21): error CS0117: 'Announcement' does not contain a definition for 'Date' [C:\Users\ASUS LAPTOP\Desktop\UTS\Mobile App\Assignment\UTS-Transit\UTSTransit\UTSTransit\UTSTransit.csproj::TargetFramework=net9.0-windows10.0.19041.0]
C:\Users\ASUS LAPTOP\Desktop\UTS\Mobile App\Assignment\UTS-Transit\UTSTransit\UTSTransit\Services\TransitService.cs(163,21): error CS0117: 'Announcement' does not contain a definition for 'Date' [C:\Users\ASUS LAPTOP\Desktop\UTS\Mobile App\Assignment\UTS-Transit\UTSTransit\UTSTransit\UTSTransit.csproj::TargetFramework=net9.0-windows10.0.19041.0]
C:\Users\ASUS LAPTOP\Desktop\UTS\Mobile App\Assignment\UTS-Transit\UTSTransit\UTSTransit\Services\TransitService.cs(226,55): warning CS1998: This async method lacks 'await' operators and will run synchronously. Consider using the 'await' operator to await non-blocking API calls, or 'await Task.Run(...)' to do CPU-bound work on a background thread. [C:\Users\ASUS LAPTOP\Desktop\UTS\Mobile App\Assignment\UTS-Transit\UTSTransit\UTSTransit\UTSTransit.csproj::TargetFramework=net9.0-windows10.0.19041.0]

Build FAILED.

C:\Users\ASUS LAPTOP\Desktop\UTS\Mobile App\Assignment\UTS-Transit\UTSTransit\UTSTransit\Services\TransitService.cs(61,143): warning CS8625: Cannot convert null literal to non-nullable reference type. [C:\Users\ASUS LAPTOP\Desktop\UTS\Mobile App\Assignment\UTS-Transit\UTSTransit\UTSTransit\UTSTransit.csproj::TargetFramework=net9.0-ios]
C:\Users\ASUS LAPTOP\Desktop\UTS\Mobile App\Assignment\UTS-Transit\UTSTransit\UTSTransit\Services\TransitService.cs(61,167): warning CS8625: Cannot convert null literal to non-nullable reference type. [C:\Users\ASUS LAPTOP\Desktop\UTS\Mobile App\Assignment\UTS-Transit\UTSTransit\UTSTransit\UTSTransit.csproj::TargetFramework=net9.0-ios]
C:\Users\ASUS LAPTOP\Desktop\UTS\Mobile App\Assignment\UTS-Transit\UTSTransit\UTSTransit\Models\RouteInfo.cs(8,23): warning CS8618: Non-nullable property 'Name' must contain a non-null value when exiting constructor. Consider adding the 'required' modifier or declaring the property as nullable. [C:\Users\ASUS LAPTOP\Desktop\UTS\Mobile App\Assignment\UTS-Transit\UTSTransit\UTSTransit\UTSTransit.csproj::TargetFramework=net9.0-ios]
C:\Users\ASUS LAPTOP\Desktop\UTS\Mobile App\Assignment\UTS-Transit\UTSTransit\UTSTransit\Models\RouteInfo.cs(9,22): warning CS8618: Non-nullable property 'RouteColor' must contain a non-null value when exiting constructor. Consider adding the 'required' modifier or declaring the property as nullable. [C:\Users\ASUS LAPTOP\Desktop\UTS\Mobile App\Assignment\UTS-Transit\UTSTransit\UTSTransit\UTSTransit.csproj::TargetFramework=net9.0-ios]
C:\Users\ASUS LAPTOP\Desktop\UTS\Mobile App\Assignment\UTS-Transit\UTSTransit\UTSTransit\Models\RouteInfo.cs(10,31): warning CS8618: Non-nullable property 'Coordinates' must contain a non-null value when exiting constructor. Consider adding the 'required' modifier or declaring the property as nullable. [C:\Users\ASUS LAPTOP\Desktop\UTS\Mobile App\Assignment\UTS-Transit\UTSTransit\UTSTransit\UTSTransit.csproj::TargetFramework=net9.0-ios]
C:\Users\ASUS LAPTOP\Desktop\UTS\Mobile App\Assignment\UTS-Transit\UTSTransit\UTSTransit\Views\MapPage.xaml.cs(20,12): warning CS8618: Non-nullable field '_routesLayer' must contain a non-null value when exiting constructor. Consider adding the 'required' modifier or declaring the field as nullable. [C:\Users\ASUS LAPTOP\Desktop\UTS\Mobile App\Assignment\UTS-Transit\UTSTransit\UTSTransit\UTSTransit.csproj::TargetFramework=net9.0-ios]
C:\Users\ASUS LAPTOP\Desktop\UTS\Mobile App\Assignment\UTS-Transit\UTSTransit\UTSTransit\Services\TransitService.cs(136,24): warning CS8603: Possible null reference return. [C:\Users\ASUS LAPTOP\Desktop\UTS\Mobile App\Assignment\UTS-Transit\UTSTransit\UTSTransit\UTSTransit.csproj::TargetFramework=net9.0-ios]
C:\Users\ASUS LAPTOP\Desktop\UTS\Mobile App\Assignment\UTS-Transit\UTSTransit\UTSTransit\Services\TransitService.cs(226,55): warning CS1998: This async method lacks 'await' operators and will run synchronously. Consider using the 'await' operator to await non-blocking API calls, or 'await Task.Run(...)' to do CPU-bound work on a background thread. [C:\Users\ASUS LAPTOP\Desktop\UTS\Mobile App\Assignment\UTS-Transit\UTSTransit\UTSTransit\UTSTransit.csproj::TargetFramework=net9.0-ios]
C:\Users\ASUS LAPTOP\Desktop\UTS\Mobile App\Assignment\UTS-Transit\UTSTransit\UTSTransit\Services\TransitService.cs(61,143): warning CS8625: Cannot convert null literal to non-nullable reference type. [C:\Users\ASUS LAPTOP\Desktop\UTS\Mobile App\Assignment\UTS-Transit\UTSTransit\UTSTransit\UTSTransit.csproj::TargetFramework=net9.0-android]
C:\Users\ASUS LAPTOP\Desktop\UTS\Mobile App\Assignment\UTS-Transit\UTSTransit\UTSTransit\Services\TransitService.cs(61,167): warning CS8625: Cannot convert null literal to non-nullable reference type. [C:\Users\ASUS LAPTOP\Desktop\UTS\Mobile App\Assignment\UTS-Transit\UTSTransit\UTSTransit\UTSTransit.csproj::TargetFramework=net9.0-android]
C:\Users\ASUS LAPTOP\Desktop\UTS\Mobile App\Assignment\UTS-Transit\UTSTransit\UTSTransit\Models\RouteInfo.cs(8,23): warning CS8618: Non-nullable property 'Name' must contain a non-null value when exiting constructor. Consider adding the 'required' modifier or declaring the property as nullable. [C:\Users\ASUS LAPTOP\Desktop\UTS\Mobile App\Assignment\UTS-Transit\UTSTransit\UTSTransit\UTSTransit.csproj::TargetFramework=net9.0-android]
C:\Users\ASUS LAPTOP\Desktop\UTS\Mobile App\Assignment\UTS-Transit\UTSTransit\UTSTransit\Models\RouteInfo.cs(9,22): warning CS8618: Non-nullable property 'RouteColor' must contain a non-null value when exiting constructor. Consider adding the 'required' modifier or declaring the property as nullable. [C:\Users\ASUS LAPTOP\Desktop\UTS\Mobile App\Assignment\UTS-Transit\UTSTransit\UTSTransit\UTSTransit.csproj::TargetFramework=net9.0-android]
C:\Users\ASUS LAPTOP\Desktop\UTS\Mobile App\Assignment\UTS-Transit\UTSTransit\UTSTransit\Models\RouteInfo.cs(10,31): warning CS8618: Non-nullable property 'Coordinates' must contain a non-null value when exiting constructor. Consider adding the 'required' modifier or declaring the property as nullable. [C:\Users\ASUS LAPTOP\Desktop\UTS\Mobile App\Assignment\UTS-Transit\UTSTransit\UTSTransit\UTSTransit.csproj::TargetFramework=net9.0-android]
C:\Users\ASUS LAPTOP\Desktop\UTS\Mobile App\Assignment\UTS-Transit\UTSTransit\UTSTransit\Views\MapPage.xaml.cs(20,12): warning CS8618: Non-nullable field '_routesLayer' must contain a non-null value when exiting constructor. Consider adding the 'required' modifier or declaring the field as nullable. [C:\Users\ASUS LAPTOP\Desktop\UTS\Mobile App\Assignment\UTS-Transit\UTSTransit\UTSTransit\UTSTransit.csproj::TargetFramework=net9.0-android]
C:\Users\ASUS LAPTOP\Desktop\UTS\Mobile App\Assignment\UTS-Transit\UTSTransit\UTSTransit\Services\TransitService.cs(136,24): warning CS8603: Possible null reference return. [C:\Users\ASUS LAPTOP\Desktop\UTS\Mobile App\Assignment\UTS-Transit\UTSTransit\UTSTransit\UTSTransit.csproj::TargetFramework=net9.0-android]
C:\Users\ASUS LAPTOP\Desktop\UTS\Mobile App\Assignment\UTS-Transit\UTSTransit\UTSTransit\Services\TransitService.cs(226,55): warning CS1998: This async method lacks 'await' operators and will run synchronously. Consider using the 'await' operator to await non-blocking API calls, or 'await Task.Run(...)' to do CPU-bound work on a background thread. [C:\Users\ASUS LAPTOP\Desktop\UTS\Mobile App\Assignment\UTS-Transit\UTSTransit\UTSTransit\UTSTransit.csproj::TargetFramework=net9.0-android]
C:\Users\ASUS LAPTOP\Desktop\UTS\Mobile App\Assignment\UTS-Transit\UTSTransit\UTSTransit\Services\TransitService.cs(61,143): warning CS8625: Cannot convert null literal to non-nullable reference type. [C:\Users\ASUS LAPTOP\Desktop\UTS\Mobile App\Assignment\UTS-Transit\UTSTransit\UTSTransit\UTSTransit.csproj::TargetFramework=net9.0-maccatalyst]
C:\Users\ASUS LAPTOP\Desktop\UTS\Mobile App\Assignment\UTS-Transit\UTSTransit\UTSTransit\Services\TransitService.cs(61,167): warning CS8625: Cannot convert null literal to non-nullable reference type. [C:\Users\ASUS LAPTOP\Desktop\UTS\Mobile App\Assignment\UTS-Transit\UTSTransit\UTSTransit\UTSTransit.csproj::TargetFramework=net9.0-maccatalyst]
C:\Users\ASUS LAPTOP\Desktop\UTS\Mobile App\Assignment\UTS-Transit\UTSTransit\UTSTransit\Views\MapPage.xaml.cs(20,12): warning CS8618: Non-nullable field '_routesLayer' must contain a non-null value when exiting constructor. Consider adding the 'required' modifier or declaring the field as nullable. [C:\Users\ASUS LAPTOP\Desktop\UTS\Mobile App\Assignment\UTS-Transit\UTSTransit\UTSTransit\UTSTransit.csproj::TargetFramework=net9.0-maccatalyst]
C:\Users\ASUS LAPTOP\Desktop\UTS\Mobile App\Assignment\UTS-Transit\UTSTransit\UTSTransit\Models\RouteInfo.cs(8,23): warning CS8618: Non-nullable property 'Name' must contain a non-null value when exiting constructor. Consider adding the 'required' modifier or declaring the property as nullable. [C:\Users\ASUS LAPTOP\Desktop\UTS\Mobile App\Assignment\UTS-Transit\UTSTransit\UTSTransit\UTSTransit.csproj::TargetFramework=net9.0-maccatalyst]
C:\Users\ASUS LAPTOP\Desktop\UTS\Mobile App\Assignment\UTS-Transit\UTSTransit\UTSTransit\Models\RouteInfo.cs(9,22): warning CS8618: Non-nullable property 'RouteColor' must contain a non-null value when exiting constructor. Consider adding the 'required' modifier or declaring the property as nullable. [C:\Users\ASUS LAPTOP\Desktop\UTS\Mobile App\Assignment\UTS-Transit\UTSTransit\UTSTransit\UTSTransit.csproj::TargetFramework=net9.0-maccatalyst]
C:\Users\ASUS LAPTOP\Desktop\UTS\Mobile App\Assignment\UTS-Transit\UTSTransit\UTSTransit\Models\RouteInfo.cs(10,31): warning CS8618: Non-nullable property 'Coordinates' must contain a non-null value when exiting constructor. Consider adding the 'required' modifier or declaring the property as nullable. [C:\Users\ASUS LAPTOP\Desktop\UTS\Mobile App\Assignment\UTS-Transit\UTSTransit\UTSTransit\UTSTransit.csproj::TargetFramework=net9.0-maccatalyst]
C:\Users\ASUS LAPTOP\Desktop\UTS\Mobile App\Assignment\UTS-Transit\UTSTransit\UTSTransit\Services\TransitService.cs(136,24): warning CS8603: Possible null reference return. [C:\Users\ASUS LAPTOP\Desktop\UTS\Mobile App\Assignment\UTS-Transit\UTSTransit\UTSTransit\UTSTransit.csproj::TargetFramework=net9.0-maccatalyst]
C:\Users\ASUS LAPTOP\Desktop\UTS\Mobile App\Assignment\UTS-Transit\UTSTransit\UTSTransit\Services\TransitService.cs(226,55): warning CS1998: This async method lacks 'await' operators and will run synchronously. Consider using the 'await' operator to await non-blocking API calls, or 'await Task.Run(...)' to do CPU-bound work on a background thread. [C:\Users\ASUS LAPTOP\Desktop\UTS\Mobile App\Assignment\UTS-Transit\UTSTransit\UTSTransit\UTSTransit.csproj::TargetFramework=net9.0-maccatalyst]
C:\Users\ASUS LAPTOP\Desktop\UTS\Mobile App\Assignment\UTS-Transit\UTSTransit\UTSTransit\Services\TransitService.cs(61,143): warning CS8625: Cannot convert null literal to non-nullable reference type. [C:\Users\ASUS LAPTOP\Desktop\UTS\Mobile App\Assignment\UTS-Transit\UTSTransit\UTSTransit\UTSTransit.csproj::TargetFramework=net9.0-windows10.0.19041.0]
C:\Users\ASUS LAPTOP\Desktop\UTS\Mobile App\Assignment\UTS-Transit\UTSTransit\UTSTransit\Services\TransitService.cs(61,167): warning CS8625: Cannot convert null literal to non-nullable reference type. [C:\Users\ASUS LAPTOP\Desktop\UTS\Mobile App\Assignment\UTS-Transit\UTSTransit\UTSTransit\UTSTransit.csproj::TargetFramework=net9.0-windows10.0.19041.0]
C:\Users\ASUS LAPTOP\Desktop\UTS\Mobile App\Assignment\UTS-Transit\UTSTransit\UTSTransit\Models\RouteInfo.cs(8,23): warning CS8618: Non-nullable property 'Name' must contain a non-null value when exiting constructor. Consider adding the 'required' modifier or declaring the property as nullable. [C:\Users\ASUS LAPTOP\Desktop\UTS\Mobile App\Assignment\UTS-Transit\UTSTransit\UTSTransit\UTSTransit.csproj::TargetFramework=net9.0-windows10.0.19041.0]
C:\Users\ASUS LAPTOP\Desktop\UTS\Mobile App\Assignment\UTS-Transit\UTSTransit\UTSTransit\Models\RouteInfo.cs(9,22): warning CS8618: Non-nullable property 'RouteColor' must contain a non-null value when exiting constructor. Consider adding the 'required' modifier or declaring the property as nullable. [C:\Users\ASUS LAPTOP\Desktop\UTS\Mobile App\Assignment\UTS-Transit\UTSTransit\UTSTransit\UTSTransit.csproj::TargetFramework=net9.0-windows10.0.19041.0]
C:\Users\ASUS LAPTOP\Desktop\UTS\Mobile App\Assignment\UTS-Transit\UTSTransit\UTSTransit\Models\RouteInfo.cs(10,31): warning CS8618: Non-nullable property 'Coordinates' must contain a non-null value when exiting constructor. Consider adding the 'required' modifier or declaring the property as nullable. [C:\Users\ASUS LAPTOP\Desktop\UTS\Mobile App\Assignment\UTS-Transit\UTSTransit\UTSTransit\UTSTransit.csproj::TargetFramework=net9.0-windows10.0.19041.0]
C:\Users\ASUS LAPTOP\Desktop\UTS\Mobile App\Assignment\UTS-Transit\UTSTransit\UTSTransit\Views\MapPage.xaml.cs(20,12): warning CS8618: Non-nullable field '_routesLayer' must contain a non-null value when exiting constructor. Consider adding the 'required' modifier or declaring the field as nullable. [C:\Users\ASUS LAPTOP\Desktop\UTS\Mobile App\Assignment\UTS-Transit\UTSTransit\UTSTransit\UTSTransit.csproj::TargetFramework=net9.0-windows10.0.19041.0]
C:\Users\ASUS LAPTOP\Desktop\UTS\Mobile App\Assignment\UTS-Transit\UTSTransit\UTSTransit\Services\TransitService.cs(136,24): warning CS8603: Possible null reference return. [C:\Users\ASUS LAPTOP\Desktop\UTS\Mobile App\Assignment\UTS-Transit\UTSTransit\UTSTransit\UTSTransit.csproj::TargetFramework=net9.0-windows10.0.19041.0]
C:\Users\ASUS LAPTOP\Desktop\UTS\Mobile App\Assignment\UTS-Transit\UTSTransit\UTSTransit\Services\TransitService.cs(226,55): warning CS1998: This async method lacks 'await' operators and will run synchronously. Consider using the 'await' operator to await non-blocking API calls, or 'await Task.Run(...)' to do CPU-bound work on a background thread. [C:\Users\ASUS LAPTOP\Desktop\UTS\Mobile App\Assignment\UTS-Transit\UTSTransit\UTSTransit\UTSTransit.csproj::TargetFramework=net9.0-windows10.0.19041.0]
C:\Users\ASUS LAPTOP\Desktop\UTS\Mobile App\Assignment\UTS-Transit\UTSTransit\UTSTransit\Services\TransitService.cs(151,21): error CS0117: 'Announcement' does not contain a definition for 'Date' [C:\Users\ASUS LAPTOP\Desktop\UTS\Mobile App\Assignment\UTS-Transit\UTSTransit\UTSTransit\UTSTransit.csproj::TargetFramework=net9.0-ios]
C:\Users\ASUS LAPTOP\Desktop\UTS\Mobile App\Assignment\UTS-Transit\UTSTransit\UTSTransit\Services\TransitService.cs(157,21): error CS0117: 'Announcement' does not contain a definition for 'Date' [C:\Users\ASUS LAPTOP\Desktop\UTS\Mobile App\Assignment\UTS-Transit\UTSTransit\UTSTransit\UTSTransit.csproj::TargetFramework=net9.0-ios]
C:\Users\ASUS LAPTOP\Desktop\UTS\Mobile App\Assignment\UTS-Transit\UTSTransit\UTSTransit\Services\TransitService.cs(163,21): error CS0117: 'Announcement' does not contain a definition for 'Date' [C:\Users\ASUS LAPTOP\Desktop\UTS\Mobile App\Assignment\UTS-Transit\UTSTransit\UTSTransit\UTSTransit.csproj::TargetFramework=net9.0-ios]
C:\Users\ASUS LAPTOP\Desktop\UTS\Mobile App\Assignment\UTS-Transit\UTSTransit\UTSTransit\Services\TransitService.cs(151,21): error CS0117: 'Announcement' does not contain a definition for 'Date' [C:\Users\ASUS LAPTOP\Desktop\UTS\Mobile App\Assignment\UTS-Transit\UTSTransit\UTSTransit\UTSTransit.csproj::TargetFramework=net9.0-android]
C:\Users\ASUS LAPTOP\Desktop\UTS\Mobile App\Assignment\UTS-Transit\UTSTransit\UTSTransit\Services\TransitService.cs(157,21): error CS0117: 'Announcement' does not contain a definition for 'Date' [C:\Users\ASUS LAPTOP\Desktop\UTS\Mobile App\Assignment\UTS-Transit\UTSTransit\UTSTransit\UTSTransit.csproj::TargetFramework=net9.0-android]
C:\Users\ASUS LAPTOP\Desktop\UTS\Mobile App\Assignment\UTS-Transit\UTSTransit\UTSTransit\Services\TransitService.cs(163,21): error CS0117: 'Announcement' does not contain a definition for 'Date' [C:\Users\ASUS LAPTOP\Desktop\UTS\Mobile App\Assignment\UTS-Transit\UTSTransit\UTSTransit\UTSTransit.csproj::TargetFramework=net9.0-android]
C:\Users\ASUS LAPTOP\Desktop\UTS\Mobile App\Assignment\UTS-Transit\UTSTransit\UTSTransit\Services\TransitService.cs(151,21): error CS0117: 'Announcement' does not contain a definition for 'Date' [C:\Users\ASUS LAPTOP\Desktop\UTS\Mobile App\Assignment\UTS-Transit\UTSTransit\UTSTransit\UTSTransit.csproj::TargetFramework=net9.0-maccatalyst]
C:\Users\ASUS LAPTOP\Desktop\UTS\Mobile App\Assignment\UTS-Transit\UTSTransit\UTSTransit\Services\TransitService.cs(157,21): error CS0117: 'Announcement' does not contain a definition for 'Date' [C:\Users\ASUS LAPTOP\Desktop\UTS\Mobile App\Assignment\UTS-Transit\UTSTransit\UTSTransit\UTSTransit.csproj::TargetFramework=net9.0-maccatalyst]
C:\Users\ASUS LAPTOP\Desktop\UTS\Mobile App\Assignment\UTS-Transit\UTSTransit\UTSTransit\Services\TransitService.cs(163,21): error CS0117: 'Announcement' does not contain a definition for 'Date' [C:\Users\ASUS LAPTOP\Desktop\UTS\Mobile App\Assignment\UTS-Transit\UTSTransit\UTSTransit\UTSTransit.csproj::TargetFramework=net9.0-maccatalyst]
C:\Users\ASUS LAPTOP\Desktop\UTS\Mobile App\Assignment\UTS-Transit\UTSTransit\UTSTransit\Services\TransitService.cs(151,21): error CS0117: 'Announcement' does not contain a definition for 'Date' [C:\Users\ASUS LAPTOP\Desktop\UTS\Mobile App\Assignment\UTS-Transit\UTSTransit\UTSTransit\UTSTransit.csproj::TargetFramework=net9.0-windows10.0.19041.0]
C:\Users\ASUS LAPTOP\Desktop\UTS\Mobile App\Assignment\UTS-Transit\UTSTransit\UTSTransit\Services\TransitService.cs(157,21): error CS0117: 'Announcement' does not contain a definition for 'Date' [C:\Users\ASUS LAPTOP\Desktop\UTS\Mobile App\Assignment\UTS-Transit\UTSTransit\UTSTransit\UTSTransit.csproj::TargetFramework=net9.0-windows10.0.19041.0]
C:\Users\ASUS LAPTOP\Desktop\UTS\Mobile App\Assignment\UTS-Transit\UTSTransit\UTSTransit\Services\TransitService.cs(163,21): error CS0117: 'Announcement' does not contain a definition for 'Date' [C:\Users\ASUS LAPTOP\Desktop\UTS\Mobile App\Assignment\UTS-Transit\UTSTransit\UTSTransit\UTSTransit.csproj::TargetFramework=net9.0-windows10.0.19041.0]
    32 Warning(s)
    12 Error(s)

Time Elapsed 00:00:19.00

Workload updates are available. Run `dotnet workload list` for more information.
